{"C:\\Users\\prameshkumar\\node_projects\\project1\\apigateway\\app.js": {"path":"C:\\Users\\prameshkumar\\node_projects\\project1\\apigateway\\app.js","statementMap":{"0":{"start":{"line":1,"column":14},"end":{"line":1,"column":32}},"1":{"start":{"line":2,"column":11},"end":{"line":2,"column":26}},"2":{"start":{"line":3,"column":16},"end":{"line":3,"column":33}},"3":{"start":{"line":4,"column":10},"end":{"line":4,"column":41}},"4":{"start":{"line":5,"column":26},"end":{"line":5,"column":54}},"5":{"start":{"line":6,"column":9},"end":{"line":6,"column":22}},"6":{"start":{"line":7,"column":18},"end":{"line":7,"column":40}},"7":{"start":{"line":8,"column":14},"end":{"line":8,"column":39}},"8":{"start":{"line":11,"column":18},"end":{"line":11,"column":43}},"9":{"start":{"line":12,"column":18},"end":{"line":12,"column":43}},"10":{"start":{"line":13,"column":17},"end":{"line":13,"column":41}},"11":{"start":{"line":16,"column":10},"end":{"line":16,"column":19}},"12":{"start":{"line":19,"column":19},"end":{"line":19,"column":46}},"13":{"start":{"line":21,"column":0},"end":{"line":21,"column":57}},"14":{"start":{"line":23,"column":22},"end":{"line":26,"column":2}},"15":{"start":{"line":28,"column":0},"end":{"line":28,"column":57}},"16":{"start":{"line":29,"column":0},"end":{"line":29,"column":23}},"17":{"start":{"line":30,"column":0},"end":{"line":30,"column":24}},"18":{"start":{"line":31,"column":0},"end":{"line":31,"column":49}},"19":{"start":{"line":32,"column":0},"end":{"line":32,"column":56}},"20":{"start":{"line":34,"column":0},"end":{"line":45,"column":2}},"21":{"start":{"line":35,"column":6},"end":{"line":35,"column":73}},"22":{"start":{"line":36,"column":6},"end":{"line":36,"column":128}},"23":{"start":{"line":38,"column":8},"end":{"line":43,"column":9}},"24":{"start":{"line":39,"column":10},"end":{"line":39,"column":47}},"25":{"start":{"line":42,"column":10},"end":{"line":42,"column":17}},"26":{"start":{"line":48,"column":0},"end":{"line":54,"column":3}},"27":{"start":{"line":49,"column":11},"end":{"line":49,"column":13}},"28":{"start":{"line":50,"column":2},"end":{"line":50,"column":57}},"29":{"start":{"line":50,"column":26},"end":{"line":50,"column":57}},"30":{"start":{"line":51,"column":2},"end":{"line":51,"column":56}},"31":{"start":{"line":51,"column":25},"end":{"line":51,"column":56}},"32":{"start":{"line":52,"column":2},"end":{"line":52,"column":25}},"33":{"start":{"line":53,"column":2},"end":{"line":53,"column":64}},"34":{"start":{"line":57,"column":0},"end":{"line":57,"column":26}},"35":{"start":{"line":58,"column":0},"end":{"line":58,"column":31}},"36":{"start":{"line":59,"column":0},"end":{"line":59,"column":29}},"37":{"start":{"line":61,"column":0},"end":{"line":61,"column":21}}},"fnMap":{"0":{"name":"(anonymous_0)","decl":{"start":{"line":34,"column":9},"end":{"line":34,"column":10}},"loc":{"start":{"line":34,"column":29},"end":{"line":44,"column":5}},"line":34},"1":{"name":"(anonymous_1)","decl":{"start":{"line":48,"column":10},"end":{"line":48,"column":11}},"loc":{"start":{"line":48,"column":35},"end":{"line":54,"column":1}},"line":48}},"branchMap":{"0":{"loc":{"start":{"line":21,"column":0},"end":{"line":21,"column":57}},"type":"binary-expr","locations":[{"start":{"line":21,"column":0},"end":{"line":21,"column":27}},{"start":{"line":21,"column":31},"end":{"line":21,"column":57}}],"line":21},"1":{"loc":{"start":{"line":38,"column":8},"end":{"line":43,"column":9}},"type":"if","locations":[{"start":{"line":38,"column":8},"end":{"line":43,"column":9}},{"start":{"line":38,"column":8},"end":{"line":43,"column":9}}],"line":38},"2":{"loc":{"start":{"line":50,"column":2},"end":{"line":50,"column":57}},"type":"if","locations":[{"start":{"line":50,"column":2},"end":{"line":50,"column":57}},{"start":{"line":50,"column":2},"end":{"line":50,"column":57}}],"line":50},"3":{"loc":{"start":{"line":50,"column":5},"end":{"line":50,"column":24}},"type":"binary-expr","locations":[{"start":{"line":50,"column":5},"end":{"line":50,"column":8}},{"start":{"line":50,"column":12},"end":{"line":50,"column":24}}],"line":50},"4":{"loc":{"start":{"line":51,"column":2},"end":{"line":51,"column":56}},"type":"if","locations":[{"start":{"line":51,"column":2},"end":{"line":51,"column":56}},{"start":{"line":51,"column":2},"end":{"line":51,"column":56}}],"line":51},"5":{"loc":{"start":{"line":51,"column":5},"end":{"line":51,"column":23}},"type":"binary-expr","locations":[{"start":{"line":51,"column":5},"end":{"line":51,"column":8}},{"start":{"line":51,"column":12},"end":{"line":51,"column":23}}],"line":51}},"s":{"0":1,"1":1,"2":1,"3":1,"4":1,"5":1,"6":1,"7":1,"8":1,"9":1,"10":1,"11":1,"12":1,"13":1,"14":1,"15":1,"16":1,"17":1,"18":1,"19":1,"20":1,"21":1,"22":1,"23":1,"24":0,"25":1,"26":1,"27":0,"28":0,"29":0,"30":0,"31":0,"32":0,"33":0,"34":1,"35":1,"36":1,"37":1},"f":{"0":1,"1":0},"b":{"0":[1,0],"1":[0,1],"2":[0,0],"3":[0,0],"4":[0,0],"5":[0,0]},"_coverageSchema":"332fd63041d2c1bcb487cc26dd0d5f7d97098a6c","hash":"60a35196cc7e0311fe6795c9678c6d6125a26b4a"}
,"C:\\Users\\prameshkumar\\node_projects\\project1\\apigateway\\api\\BookService.js": {"path":"C:\\Users\\prameshkumar\\node_projects\\project1\\apigateway\\api\\BookService.js","statementMap":{"0":{"start":{"line":8,"column":13},"end":{"line":8,"column":30}},"1":{"start":{"line":9,"column":13},"end":{"line":9,"column":26}},"2":{"start":{"line":10,"column":8},"end":{"line":10,"column":16}},"3":{"start":{"line":13,"column":13},"end":{"line":13,"column":43}},"4":{"start":{"line":16,"column":35},"end":{"line":23,"column":1}},"5":{"start":{"line":17,"column":2},"end":{"line":17,"column":20}},"6":{"start":{"line":18,"column":2},"end":{"line":22,"column":3}},"7":{"start":{"line":19,"column":4},"end":{"line":21,"column":5}},"8":{"start":{"line":20,"column":6},"end":{"line":20,"column":30}},"9":{"start":{"line":24,"column":0},"end":{"line":24,"column":44}},"10":{"start":{"line":25,"column":0},"end":{"line":55,"column":2}},"11":{"start":{"line":26,"column":2},"end":{"line":26,"column":26}},"12":{"start":{"line":27,"column":2},"end":{"line":52,"column":3}},"13":{"start":{"line":29,"column":14},"end":{"line":29,"column":36}},"14":{"start":{"line":30,"column":16},"end":{"line":30,"column":25}},"15":{"start":{"line":31,"column":16},"end":{"line":31,"column":25}},"16":{"start":{"line":32,"column":14},"end":{"line":32,"column":21}},"17":{"start":{"line":33,"column":4},"end":{"line":35,"column":5}},"18":{"start":{"line":34,"column":6},"end":{"line":34,"column":12}},"19":{"start":{"line":36,"column":4},"end":{"line":50,"column":5}},"20":{"start":{"line":39,"column":6},"end":{"line":43,"column":7}},"21":{"start":{"line":40,"column":8},"end":{"line":40,"column":40}},"22":{"start":{"line":42,"column":8},"end":{"line":42,"column":26}},"23":{"start":{"line":44,"column":6},"end":{"line":44,"column":12}},"24":{"start":{"line":46,"column":8},"end":{"line":46,"column":26}},"25":{"start":{"line":47,"column":8},"end":{"line":47,"column":14}},"26":{"start":{"line":49,"column":8},"end":{"line":49,"column":26}},"27":{"start":{"line":51,"column":4},"end":{"line":51,"column":25}},"28":{"start":{"line":53,"column":2},"end":{"line":53,"column":24}},"29":{"start":{"line":54,"column":2},"end":{"line":54,"column":9}},"30":{"start":{"line":57,"column":0},"end":{"line":67,"column":2}},"31":{"start":{"line":58,"column":2},"end":{"line":58,"column":58}},"32":{"start":{"line":59,"column":2},"end":{"line":63,"column":3}},"33":{"start":{"line":60,"column":4},"end":{"line":60,"column":59}},"34":{"start":{"line":61,"column":4},"end":{"line":61,"column":35}},"35":{"start":{"line":62,"column":4},"end":{"line":62,"column":27}},"36":{"start":{"line":64,"column":2},"end":{"line":64,"column":26}},"37":{"start":{"line":65,"column":2},"end":{"line":65,"column":26}},"38":{"start":{"line":66,"column":2},"end":{"line":66,"column":9}},"39":{"start":{"line":69,"column":37},"end":{"line":84,"column":1}},"40":{"start":{"line":70,"column":2},"end":{"line":70,"column":22}},"41":{"start":{"line":71,"column":2},"end":{"line":71,"column":20}},"42":{"start":{"line":72,"column":2},"end":{"line":75,"column":3}},"43":{"start":{"line":73,"column":4},"end":{"line":73,"column":22}},"44":{"start":{"line":74,"column":4},"end":{"line":74,"column":11}},"45":{"start":{"line":76,"column":2},"end":{"line":83,"column":3}},"46":{"start":{"line":77,"column":4},"end":{"line":79,"column":5}},"47":{"start":{"line":78,"column":6},"end":{"line":78,"column":66}},"48":{"start":{"line":80,"column":4},"end":{"line":82,"column":5}},"49":{"start":{"line":81,"column":6},"end":{"line":81,"column":30}},"50":{"start":{"line":85,"column":0},"end":{"line":85,"column":46}},"51":{"start":{"line":86,"column":0},"end":{"line":135,"column":2}},"52":{"start":{"line":87,"column":2},"end":{"line":87,"column":26}},"53":{"start":{"line":88,"column":2},"end":{"line":132,"column":3}},"54":{"start":{"line":90,"column":14},"end":{"line":90,"column":36}},"55":{"start":{"line":91,"column":16},"end":{"line":91,"column":25}},"56":{"start":{"line":92,"column":16},"end":{"line":92,"column":25}},"57":{"start":{"line":93,"column":14},"end":{"line":93,"column":21}},"58":{"start":{"line":94,"column":4},"end":{"line":96,"column":5}},"59":{"start":{"line":95,"column":6},"end":{"line":95,"column":12}},"60":{"start":{"line":97,"column":4},"end":{"line":130,"column":5}},"61":{"start":{"line":100,"column":6},"end":{"line":118,"column":7}},"62":{"start":{"line":101,"column":21},"end":{"line":101,"column":22}},"63":{"start":{"line":103,"column":8},"end":{"line":103,"column":26}},"64":{"start":{"line":104,"column":22},"end":{"line":104,"column":23}},"65":{"start":{"line":105,"column":8},"end":{"line":105,"column":40}},"66":{"start":{"line":106,"column":8},"end":{"line":106,"column":32}},"67":{"start":{"line":107,"column":8},"end":{"line":107,"column":30}},"68":{"start":{"line":108,"column":8},"end":{"line":114,"column":9}},"69":{"start":{"line":110,"column":22},"end":{"line":110,"column":26}},"70":{"start":{"line":111,"column":10},"end":{"line":111,"column":36}},"71":{"start":{"line":112,"column":10},"end":{"line":112,"column":28}},"72":{"start":{"line":113,"column":10},"end":{"line":113,"column":35}},"73":{"start":{"line":115,"column":8},"end":{"line":115,"column":28}},"74":{"start":{"line":117,"column":8},"end":{"line":117,"column":26}},"75":{"start":{"line":119,"column":6},"end":{"line":119,"column":12}},"76":{"start":{"line":121,"column":6},"end":{"line":126,"column":7}},"77":{"start":{"line":122,"column":8},"end":{"line":122,"column":51}},"78":{"start":{"line":123,"column":8},"end":{"line":123,"column":31}},"79":{"start":{"line":125,"column":8},"end":{"line":125,"column":26}},"80":{"start":{"line":127,"column":6},"end":{"line":127,"column":12}},"81":{"start":{"line":129,"column":8},"end":{"line":129,"column":26}},"82":{"start":{"line":131,"column":4},"end":{"line":131,"column":25}},"83":{"start":{"line":133,"column":2},"end":{"line":133,"column":24}},"84":{"start":{"line":134,"column":2},"end":{"line":134,"column":9}},"85":{"start":{"line":137,"column":0},"end":{"line":161,"column":2}},"86":{"start":{"line":138,"column":2},"end":{"line":138,"column":60}},"87":{"start":{"line":139,"column":2},"end":{"line":152,"column":3}},"88":{"start":{"line":140,"column":4},"end":{"line":140,"column":59}},"89":{"start":{"line":141,"column":4},"end":{"line":141,"column":67}},"90":{"start":{"line":142,"column":4},"end":{"line":149,"column":5}},"91":{"start":{"line":144,"column":6},"end":{"line":148,"column":7}},"92":{"start":{"line":146,"column":8},"end":{"line":146,"column":36}},"93":{"start":{"line":147,"column":8},"end":{"line":147,"column":28}},"94":{"start":{"line":150,"column":4},"end":{"line":150,"column":26}},"95":{"start":{"line":151,"column":4},"end":{"line":151,"column":27}},"96":{"start":{"line":153,"column":2},"end":{"line":157,"column":3}},"97":{"start":{"line":154,"column":4},"end":{"line":154,"column":59}},"98":{"start":{"line":155,"column":4},"end":{"line":155,"column":29}},"99":{"start":{"line":156,"column":4},"end":{"line":156,"column":27}},"100":{"start":{"line":158,"column":2},"end":{"line":158,"column":26}},"101":{"start":{"line":159,"column":2},"end":{"line":159,"column":26}},"102":{"start":{"line":160,"column":2},"end":{"line":160,"column":9}},"103":{"start":{"line":163,"column":35},"end":{"line":170,"column":1}},"104":{"start":{"line":164,"column":2},"end":{"line":164,"column":17}},"105":{"start":{"line":165,"column":2},"end":{"line":169,"column":3}},"106":{"start":{"line":166,"column":4},"end":{"line":168,"column":5}},"107":{"start":{"line":167,"column":6},"end":{"line":167,"column":24}},"108":{"start":{"line":171,"column":0},"end":{"line":171,"column":44}},"109":{"start":{"line":172,"column":0},"end":{"line":202,"column":2}},"110":{"start":{"line":173,"column":2},"end":{"line":173,"column":26}},"111":{"start":{"line":174,"column":2},"end":{"line":199,"column":3}},"112":{"start":{"line":176,"column":14},"end":{"line":176,"column":36}},"113":{"start":{"line":177,"column":16},"end":{"line":177,"column":25}},"114":{"start":{"line":178,"column":16},"end":{"line":178,"column":25}},"115":{"start":{"line":179,"column":14},"end":{"line":179,"column":21}},"116":{"start":{"line":180,"column":4},"end":{"line":182,"column":5}},"117":{"start":{"line":181,"column":6},"end":{"line":181,"column":12}},"118":{"start":{"line":183,"column":4},"end":{"line":197,"column":5}},"119":{"start":{"line":186,"column":6},"end":{"line":190,"column":7}},"120":{"start":{"line":187,"column":8},"end":{"line":187,"column":37}},"121":{"start":{"line":189,"column":8},"end":{"line":189,"column":26}},"122":{"start":{"line":191,"column":6},"end":{"line":191,"column":12}},"123":{"start":{"line":193,"column":8},"end":{"line":193,"column":26}},"124":{"start":{"line":194,"column":8},"end":{"line":194,"column":14}},"125":{"start":{"line":196,"column":8},"end":{"line":196,"column":26}},"126":{"start":{"line":198,"column":4},"end":{"line":198,"column":25}},"127":{"start":{"line":200,"column":2},"end":{"line":200,"column":24}},"128":{"start":{"line":201,"column":2},"end":{"line":201,"column":9}},"129":{"start":{"line":204,"column":0},"end":{"line":214,"column":2}},"130":{"start":{"line":205,"column":2},"end":{"line":205,"column":58}},"131":{"start":{"line":206,"column":2},"end":{"line":210,"column":3}},"132":{"start":{"line":207,"column":4},"end":{"line":207,"column":56}},"133":{"start":{"line":208,"column":4},"end":{"line":208,"column":32}},"134":{"start":{"line":209,"column":4},"end":{"line":209,"column":27}},"135":{"start":{"line":211,"column":2},"end":{"line":211,"column":26}},"136":{"start":{"line":212,"column":2},"end":{"line":212,"column":26}},"137":{"start":{"line":213,"column":2},"end":{"line":213,"column":9}},"138":{"start":{"line":216,"column":37},"end":{"line":231,"column":1}},"139":{"start":{"line":217,"column":2},"end":{"line":217,"column":22}},"140":{"start":{"line":218,"column":2},"end":{"line":218,"column":20}},"141":{"start":{"line":219,"column":2},"end":{"line":222,"column":3}},"142":{"start":{"line":220,"column":4},"end":{"line":220,"column":22}},"143":{"start":{"line":221,"column":4},"end":{"line":221,"column":11}},"144":{"start":{"line":223,"column":2},"end":{"line":230,"column":3}},"145":{"start":{"line":224,"column":4},"end":{"line":226,"column":5}},"146":{"start":{"line":225,"column":6},"end":{"line":225,"column":51}},"147":{"start":{"line":227,"column":4},"end":{"line":229,"column":5}},"148":{"start":{"line":228,"column":6},"end":{"line":228,"column":30}},"149":{"start":{"line":232,"column":0},"end":{"line":232,"column":46}},"150":{"start":{"line":233,"column":0},"end":{"line":269,"column":2}},"151":{"start":{"line":234,"column":2},"end":{"line":234,"column":26}},"152":{"start":{"line":235,"column":2},"end":{"line":266,"column":3}},"153":{"start":{"line":237,"column":14},"end":{"line":237,"column":36}},"154":{"start":{"line":238,"column":16},"end":{"line":238,"column":25}},"155":{"start":{"line":239,"column":16},"end":{"line":239,"column":25}},"156":{"start":{"line":240,"column":14},"end":{"line":240,"column":21}},"157":{"start":{"line":241,"column":4},"end":{"line":243,"column":5}},"158":{"start":{"line":242,"column":6},"end":{"line":242,"column":12}},"159":{"start":{"line":244,"column":4},"end":{"line":264,"column":5}},"160":{"start":{"line":247,"column":6},"end":{"line":252,"column":7}},"161":{"start":{"line":248,"column":8},"end":{"line":248,"column":41}},"162":{"start":{"line":249,"column":8},"end":{"line":249,"column":33}},"163":{"start":{"line":251,"column":8},"end":{"line":251,"column":26}},"164":{"start":{"line":253,"column":6},"end":{"line":253,"column":12}},"165":{"start":{"line":255,"column":6},"end":{"line":260,"column":7}},"166":{"start":{"line":256,"column":8},"end":{"line":256,"column":51}},"167":{"start":{"line":257,"column":8},"end":{"line":257,"column":31}},"168":{"start":{"line":259,"column":8},"end":{"line":259,"column":26}},"169":{"start":{"line":261,"column":6},"end":{"line":261,"column":12}},"170":{"start":{"line":263,"column":8},"end":{"line":263,"column":26}},"171":{"start":{"line":265,"column":4},"end":{"line":265,"column":25}},"172":{"start":{"line":267,"column":2},"end":{"line":267,"column":24}},"173":{"start":{"line":268,"column":2},"end":{"line":268,"column":9}},"174":{"start":{"line":271,"column":0},"end":{"line":286,"column":2}},"175":{"start":{"line":272,"column":2},"end":{"line":272,"column":60}},"176":{"start":{"line":273,"column":2},"end":{"line":277,"column":3}},"177":{"start":{"line":274,"column":4},"end":{"line":274,"column":61}},"178":{"start":{"line":275,"column":4},"end":{"line":275,"column":31}},"179":{"start":{"line":276,"column":4},"end":{"line":276,"column":27}},"180":{"start":{"line":278,"column":2},"end":{"line":282,"column":3}},"181":{"start":{"line":279,"column":4},"end":{"line":279,"column":59}},"182":{"start":{"line":280,"column":4},"end":{"line":280,"column":29}},"183":{"start":{"line":281,"column":4},"end":{"line":281,"column":27}},"184":{"start":{"line":283,"column":2},"end":{"line":283,"column":26}},"185":{"start":{"line":284,"column":2},"end":{"line":284,"column":26}},"186":{"start":{"line":285,"column":2},"end":{"line":285,"column":9}},"187":{"start":{"line":288,"column":31},"end":{"line":295,"column":1}},"188":{"start":{"line":289,"column":2},"end":{"line":289,"column":19}},"189":{"start":{"line":290,"column":2},"end":{"line":294,"column":3}},"190":{"start":{"line":291,"column":4},"end":{"line":293,"column":5}},"191":{"start":{"line":292,"column":6},"end":{"line":292,"column":45}},"192":{"start":{"line":296,"column":0},"end":{"line":296,"column":40}},"193":{"start":{"line":297,"column":0},"end":{"line":328,"column":2}},"194":{"start":{"line":298,"column":2},"end":{"line":298,"column":26}},"195":{"start":{"line":299,"column":2},"end":{"line":325,"column":3}},"196":{"start":{"line":301,"column":14},"end":{"line":301,"column":36}},"197":{"start":{"line":302,"column":16},"end":{"line":302,"column":25}},"198":{"start":{"line":303,"column":16},"end":{"line":303,"column":25}},"199":{"start":{"line":304,"column":14},"end":{"line":304,"column":21}},"200":{"start":{"line":305,"column":4},"end":{"line":307,"column":5}},"201":{"start":{"line":306,"column":6},"end":{"line":306,"column":12}},"202":{"start":{"line":308,"column":4},"end":{"line":323,"column":5}},"203":{"start":{"line":311,"column":6},"end":{"line":316,"column":7}},"204":{"start":{"line":312,"column":8},"end":{"line":312,"column":38}},"205":{"start":{"line":313,"column":8},"end":{"line":313,"column":30}},"206":{"start":{"line":315,"column":8},"end":{"line":315,"column":26}},"207":{"start":{"line":317,"column":6},"end":{"line":317,"column":12}},"208":{"start":{"line":319,"column":8},"end":{"line":319,"column":26}},"209":{"start":{"line":320,"column":8},"end":{"line":320,"column":14}},"210":{"start":{"line":322,"column":8},"end":{"line":322,"column":26}},"211":{"start":{"line":324,"column":4},"end":{"line":324,"column":25}},"212":{"start":{"line":326,"column":2},"end":{"line":326,"column":24}},"213":{"start":{"line":327,"column":2},"end":{"line":327,"column":9}},"214":{"start":{"line":330,"column":0},"end":{"line":340,"column":2}},"215":{"start":{"line":331,"column":2},"end":{"line":331,"column":54}},"216":{"start":{"line":332,"column":2},"end":{"line":336,"column":3}},"217":{"start":{"line":333,"column":4},"end":{"line":333,"column":58}},"218":{"start":{"line":334,"column":4},"end":{"line":334,"column":28}},"219":{"start":{"line":335,"column":4},"end":{"line":335,"column":27}},"220":{"start":{"line":337,"column":2},"end":{"line":337,"column":26}},"221":{"start":{"line":338,"column":2},"end":{"line":338,"column":26}},"222":{"start":{"line":339,"column":2},"end":{"line":339,"column":9}},"223":{"start":{"line":342,"column":33},"end":{"line":357,"column":1}},"224":{"start":{"line":343,"column":2},"end":{"line":343,"column":22}},"225":{"start":{"line":344,"column":2},"end":{"line":344,"column":20}},"226":{"start":{"line":345,"column":2},"end":{"line":348,"column":3}},"227":{"start":{"line":346,"column":4},"end":{"line":346,"column":22}},"228":{"start":{"line":347,"column":4},"end":{"line":347,"column":11}},"229":{"start":{"line":349,"column":2},"end":{"line":356,"column":3}},"230":{"start":{"line":350,"column":4},"end":{"line":352,"column":5}},"231":{"start":{"line":351,"column":6},"end":{"line":351,"column":51}},"232":{"start":{"line":353,"column":4},"end":{"line":355,"column":5}},"233":{"start":{"line":354,"column":6},"end":{"line":354,"column":30}},"234":{"start":{"line":358,"column":0},"end":{"line":358,"column":42}},"235":{"start":{"line":359,"column":0},"end":{"line":395,"column":2}},"236":{"start":{"line":360,"column":2},"end":{"line":360,"column":26}},"237":{"start":{"line":361,"column":2},"end":{"line":392,"column":3}},"238":{"start":{"line":363,"column":14},"end":{"line":363,"column":36}},"239":{"start":{"line":364,"column":16},"end":{"line":364,"column":25}},"240":{"start":{"line":365,"column":16},"end":{"line":365,"column":25}},"241":{"start":{"line":366,"column":14},"end":{"line":366,"column":21}},"242":{"start":{"line":367,"column":4},"end":{"line":369,"column":5}},"243":{"start":{"line":368,"column":6},"end":{"line":368,"column":12}},"244":{"start":{"line":370,"column":4},"end":{"line":390,"column":5}},"245":{"start":{"line":373,"column":6},"end":{"line":378,"column":7}},"246":{"start":{"line":374,"column":8},"end":{"line":374,"column":41}},"247":{"start":{"line":375,"column":8},"end":{"line":375,"column":33}},"248":{"start":{"line":377,"column":8},"end":{"line":377,"column":26}},"249":{"start":{"line":379,"column":6},"end":{"line":379,"column":12}},"250":{"start":{"line":381,"column":6},"end":{"line":386,"column":7}},"251":{"start":{"line":382,"column":8},"end":{"line":382,"column":51}},"252":{"start":{"line":383,"column":8},"end":{"line":383,"column":31}},"253":{"start":{"line":385,"column":8},"end":{"line":385,"column":26}},"254":{"start":{"line":387,"column":6},"end":{"line":387,"column":12}},"255":{"start":{"line":389,"column":8},"end":{"line":389,"column":26}},"256":{"start":{"line":391,"column":4},"end":{"line":391,"column":25}},"257":{"start":{"line":393,"column":2},"end":{"line":393,"column":24}},"258":{"start":{"line":394,"column":2},"end":{"line":394,"column":9}},"259":{"start":{"line":397,"column":0},"end":{"line":412,"column":2}},"260":{"start":{"line":398,"column":2},"end":{"line":398,"column":56}},"261":{"start":{"line":399,"column":2},"end":{"line":403,"column":3}},"262":{"start":{"line":400,"column":4},"end":{"line":400,"column":61}},"263":{"start":{"line":401,"column":4},"end":{"line":401,"column":31}},"264":{"start":{"line":402,"column":4},"end":{"line":402,"column":27}},"265":{"start":{"line":404,"column":2},"end":{"line":408,"column":3}},"266":{"start":{"line":405,"column":4},"end":{"line":405,"column":59}},"267":{"start":{"line":406,"column":4},"end":{"line":406,"column":29}},"268":{"start":{"line":407,"column":4},"end":{"line":407,"column":27}},"269":{"start":{"line":409,"column":2},"end":{"line":409,"column":26}},"270":{"start":{"line":410,"column":2},"end":{"line":410,"column":26}},"271":{"start":{"line":411,"column":2},"end":{"line":411,"column":9}},"272":{"start":{"line":414,"column":34},"end":{"line":421,"column":1}},"273":{"start":{"line":415,"column":2},"end":{"line":415,"column":19}},"274":{"start":{"line":416,"column":2},"end":{"line":420,"column":3}},"275":{"start":{"line":417,"column":4},"end":{"line":419,"column":5}},"276":{"start":{"line":418,"column":6},"end":{"line":418,"column":45}},"277":{"start":{"line":422,"column":0},"end":{"line":422,"column":43}},"278":{"start":{"line":423,"column":0},"end":{"line":454,"column":2}},"279":{"start":{"line":424,"column":2},"end":{"line":424,"column":26}},"280":{"start":{"line":425,"column":2},"end":{"line":451,"column":3}},"281":{"start":{"line":427,"column":14},"end":{"line":427,"column":36}},"282":{"start":{"line":428,"column":16},"end":{"line":428,"column":25}},"283":{"start":{"line":429,"column":16},"end":{"line":429,"column":25}},"284":{"start":{"line":430,"column":14},"end":{"line":430,"column":21}},"285":{"start":{"line":431,"column":4},"end":{"line":433,"column":5}},"286":{"start":{"line":432,"column":6},"end":{"line":432,"column":12}},"287":{"start":{"line":434,"column":4},"end":{"line":449,"column":5}},"288":{"start":{"line":437,"column":6},"end":{"line":442,"column":7}},"289":{"start":{"line":438,"column":8},"end":{"line":438,"column":38}},"290":{"start":{"line":439,"column":8},"end":{"line":439,"column":30}},"291":{"start":{"line":441,"column":8},"end":{"line":441,"column":26}},"292":{"start":{"line":443,"column":6},"end":{"line":443,"column":12}},"293":{"start":{"line":445,"column":8},"end":{"line":445,"column":26}},"294":{"start":{"line":446,"column":8},"end":{"line":446,"column":14}},"295":{"start":{"line":448,"column":8},"end":{"line":448,"column":26}},"296":{"start":{"line":450,"column":4},"end":{"line":450,"column":25}},"297":{"start":{"line":452,"column":2},"end":{"line":452,"column":24}},"298":{"start":{"line":453,"column":2},"end":{"line":453,"column":9}},"299":{"start":{"line":456,"column":0},"end":{"line":466,"column":2}},"300":{"start":{"line":457,"column":2},"end":{"line":457,"column":57}},"301":{"start":{"line":458,"column":2},"end":{"line":462,"column":3}},"302":{"start":{"line":459,"column":4},"end":{"line":459,"column":58}},"303":{"start":{"line":460,"column":4},"end":{"line":460,"column":28}},"304":{"start":{"line":461,"column":4},"end":{"line":461,"column":27}},"305":{"start":{"line":463,"column":2},"end":{"line":463,"column":26}},"306":{"start":{"line":464,"column":2},"end":{"line":464,"column":26}},"307":{"start":{"line":465,"column":2},"end":{"line":465,"column":9}},"308":{"start":{"line":468,"column":36},"end":{"line":483,"column":1}},"309":{"start":{"line":469,"column":2},"end":{"line":469,"column":22}},"310":{"start":{"line":470,"column":2},"end":{"line":470,"column":20}},"311":{"start":{"line":471,"column":2},"end":{"line":474,"column":3}},"312":{"start":{"line":472,"column":4},"end":{"line":472,"column":22}},"313":{"start":{"line":473,"column":4},"end":{"line":473,"column":11}},"314":{"start":{"line":475,"column":2},"end":{"line":482,"column":3}},"315":{"start":{"line":476,"column":4},"end":{"line":478,"column":5}},"316":{"start":{"line":477,"column":6},"end":{"line":477,"column":51}},"317":{"start":{"line":479,"column":4},"end":{"line":481,"column":5}},"318":{"start":{"line":480,"column":6},"end":{"line":480,"column":30}},"319":{"start":{"line":484,"column":0},"end":{"line":484,"column":45}},"320":{"start":{"line":485,"column":0},"end":{"line":521,"column":2}},"321":{"start":{"line":486,"column":2},"end":{"line":486,"column":26}},"322":{"start":{"line":487,"column":2},"end":{"line":518,"column":3}},"323":{"start":{"line":489,"column":14},"end":{"line":489,"column":36}},"324":{"start":{"line":490,"column":16},"end":{"line":490,"column":25}},"325":{"start":{"line":491,"column":16},"end":{"line":491,"column":25}},"326":{"start":{"line":492,"column":14},"end":{"line":492,"column":21}},"327":{"start":{"line":493,"column":4},"end":{"line":495,"column":5}},"328":{"start":{"line":494,"column":6},"end":{"line":494,"column":12}},"329":{"start":{"line":496,"column":4},"end":{"line":516,"column":5}},"330":{"start":{"line":499,"column":6},"end":{"line":504,"column":7}},"331":{"start":{"line":500,"column":8},"end":{"line":500,"column":41}},"332":{"start":{"line":501,"column":8},"end":{"line":501,"column":33}},"333":{"start":{"line":503,"column":8},"end":{"line":503,"column":26}},"334":{"start":{"line":505,"column":6},"end":{"line":505,"column":12}},"335":{"start":{"line":507,"column":6},"end":{"line":512,"column":7}},"336":{"start":{"line":508,"column":8},"end":{"line":508,"column":51}},"337":{"start":{"line":509,"column":8},"end":{"line":509,"column":31}},"338":{"start":{"line":511,"column":8},"end":{"line":511,"column":26}},"339":{"start":{"line":513,"column":6},"end":{"line":513,"column":12}},"340":{"start":{"line":515,"column":8},"end":{"line":515,"column":26}},"341":{"start":{"line":517,"column":4},"end":{"line":517,"column":25}},"342":{"start":{"line":519,"column":2},"end":{"line":519,"column":24}},"343":{"start":{"line":520,"column":2},"end":{"line":520,"column":9}},"344":{"start":{"line":523,"column":0},"end":{"line":538,"column":2}},"345":{"start":{"line":524,"column":2},"end":{"line":524,"column":59}},"346":{"start":{"line":525,"column":2},"end":{"line":529,"column":3}},"347":{"start":{"line":526,"column":4},"end":{"line":526,"column":61}},"348":{"start":{"line":527,"column":4},"end":{"line":527,"column":31}},"349":{"start":{"line":528,"column":4},"end":{"line":528,"column":27}},"350":{"start":{"line":530,"column":2},"end":{"line":534,"column":3}},"351":{"start":{"line":531,"column":4},"end":{"line":531,"column":59}},"352":{"start":{"line":532,"column":4},"end":{"line":532,"column":29}},"353":{"start":{"line":533,"column":4},"end":{"line":533,"column":27}},"354":{"start":{"line":535,"column":2},"end":{"line":535,"column":26}},"355":{"start":{"line":536,"column":2},"end":{"line":536,"column":26}},"356":{"start":{"line":537,"column":2},"end":{"line":537,"column":9}},"357":{"start":{"line":540,"column":34},"end":{"line":547,"column":1}},"358":{"start":{"line":541,"column":2},"end":{"line":541,"column":17}},"359":{"start":{"line":542,"column":2},"end":{"line":546,"column":3}},"360":{"start":{"line":543,"column":4},"end":{"line":545,"column":5}},"361":{"start":{"line":544,"column":6},"end":{"line":544,"column":24}},"362":{"start":{"line":548,"column":0},"end":{"line":548,"column":43}},"363":{"start":{"line":549,"column":0},"end":{"line":579,"column":2}},"364":{"start":{"line":550,"column":2},"end":{"line":550,"column":26}},"365":{"start":{"line":551,"column":2},"end":{"line":576,"column":3}},"366":{"start":{"line":553,"column":14},"end":{"line":553,"column":36}},"367":{"start":{"line":554,"column":16},"end":{"line":554,"column":25}},"368":{"start":{"line":555,"column":16},"end":{"line":555,"column":25}},"369":{"start":{"line":556,"column":14},"end":{"line":556,"column":21}},"370":{"start":{"line":557,"column":4},"end":{"line":559,"column":5}},"371":{"start":{"line":558,"column":6},"end":{"line":558,"column":12}},"372":{"start":{"line":560,"column":4},"end":{"line":574,"column":5}},"373":{"start":{"line":563,"column":6},"end":{"line":567,"column":7}},"374":{"start":{"line":564,"column":8},"end":{"line":564,"column":37}},"375":{"start":{"line":566,"column":8},"end":{"line":566,"column":26}},"376":{"start":{"line":568,"column":6},"end":{"line":568,"column":12}},"377":{"start":{"line":570,"column":8},"end":{"line":570,"column":26}},"378":{"start":{"line":571,"column":8},"end":{"line":571,"column":14}},"379":{"start":{"line":573,"column":8},"end":{"line":573,"column":26}},"380":{"start":{"line":575,"column":4},"end":{"line":575,"column":25}},"381":{"start":{"line":577,"column":2},"end":{"line":577,"column":24}},"382":{"start":{"line":578,"column":2},"end":{"line":578,"column":9}},"383":{"start":{"line":581,"column":0},"end":{"line":591,"column":2}},"384":{"start":{"line":582,"column":2},"end":{"line":582,"column":57}},"385":{"start":{"line":583,"column":2},"end":{"line":587,"column":3}},"386":{"start":{"line":584,"column":4},"end":{"line":584,"column":56}},"387":{"start":{"line":585,"column":4},"end":{"line":585,"column":32}},"388":{"start":{"line":586,"column":4},"end":{"line":586,"column":27}},"389":{"start":{"line":588,"column":2},"end":{"line":588,"column":26}},"390":{"start":{"line":589,"column":2},"end":{"line":589,"column":26}},"391":{"start":{"line":590,"column":2},"end":{"line":590,"column":9}},"392":{"start":{"line":593,"column":36},"end":{"line":608,"column":1}},"393":{"start":{"line":594,"column":2},"end":{"line":594,"column":22}},"394":{"start":{"line":595,"column":2},"end":{"line":595,"column":20}},"395":{"start":{"line":596,"column":2},"end":{"line":599,"column":3}},"396":{"start":{"line":597,"column":4},"end":{"line":597,"column":22}},"397":{"start":{"line":598,"column":4},"end":{"line":598,"column":11}},"398":{"start":{"line":600,"column":2},"end":{"line":607,"column":3}},"399":{"start":{"line":601,"column":4},"end":{"line":603,"column":5}},"400":{"start":{"line":602,"column":6},"end":{"line":602,"column":34}},"401":{"start":{"line":604,"column":4},"end":{"line":606,"column":5}},"402":{"start":{"line":605,"column":6},"end":{"line":605,"column":30}},"403":{"start":{"line":609,"column":0},"end":{"line":609,"column":45}},"404":{"start":{"line":610,"column":0},"end":{"line":645,"column":2}},"405":{"start":{"line":611,"column":2},"end":{"line":611,"column":26}},"406":{"start":{"line":612,"column":2},"end":{"line":642,"column":3}},"407":{"start":{"line":614,"column":14},"end":{"line":614,"column":36}},"408":{"start":{"line":615,"column":16},"end":{"line":615,"column":25}},"409":{"start":{"line":616,"column":16},"end":{"line":616,"column":25}},"410":{"start":{"line":617,"column":14},"end":{"line":617,"column":21}},"411":{"start":{"line":618,"column":4},"end":{"line":620,"column":5}},"412":{"start":{"line":619,"column":6},"end":{"line":619,"column":12}},"413":{"start":{"line":621,"column":4},"end":{"line":640,"column":5}},"414":{"start":{"line":624,"column":6},"end":{"line":628,"column":7}},"415":{"start":{"line":625,"column":8},"end":{"line":625,"column":40}},"416":{"start":{"line":627,"column":8},"end":{"line":627,"column":26}},"417":{"start":{"line":629,"column":6},"end":{"line":629,"column":12}},"418":{"start":{"line":631,"column":6},"end":{"line":636,"column":7}},"419":{"start":{"line":632,"column":8},"end":{"line":632,"column":51}},"420":{"start":{"line":633,"column":8},"end":{"line":633,"column":31}},"421":{"start":{"line":635,"column":8},"end":{"line":635,"column":26}},"422":{"start":{"line":637,"column":6},"end":{"line":637,"column":12}},"423":{"start":{"line":639,"column":8},"end":{"line":639,"column":26}},"424":{"start":{"line":641,"column":4},"end":{"line":641,"column":25}},"425":{"start":{"line":643,"column":2},"end":{"line":643,"column":24}},"426":{"start":{"line":644,"column":2},"end":{"line":644,"column":9}},"427":{"start":{"line":647,"column":0},"end":{"line":662,"column":2}},"428":{"start":{"line":648,"column":2},"end":{"line":648,"column":59}},"429":{"start":{"line":649,"column":2},"end":{"line":653,"column":3}},"430":{"start":{"line":650,"column":4},"end":{"line":650,"column":59}},"431":{"start":{"line":651,"column":4},"end":{"line":651,"column":35}},"432":{"start":{"line":652,"column":4},"end":{"line":652,"column":27}},"433":{"start":{"line":654,"column":2},"end":{"line":658,"column":3}},"434":{"start":{"line":655,"column":4},"end":{"line":655,"column":59}},"435":{"start":{"line":656,"column":4},"end":{"line":656,"column":29}},"436":{"start":{"line":657,"column":4},"end":{"line":657,"column":27}},"437":{"start":{"line":659,"column":2},"end":{"line":659,"column":26}},"438":{"start":{"line":660,"column":2},"end":{"line":660,"column":26}},"439":{"start":{"line":661,"column":2},"end":{"line":661,"column":9}},"440":{"start":{"line":664,"column":24},"end":{"line":669,"column":1}},"441":{"start":{"line":665,"column":4},"end":{"line":665,"column":25}},"442":{"start":{"line":666,"column":4},"end":{"line":666,"column":25}},"443":{"start":{"line":667,"column":4},"end":{"line":667,"column":20}},"444":{"start":{"line":668,"column":4},"end":{"line":668,"column":20}},"445":{"start":{"line":670,"column":0},"end":{"line":670,"column":33}},"446":{"start":{"line":671,"column":0},"end":{"line":671,"column":71}},"447":{"start":{"line":671,"column":49},"end":{"line":671,"column":68}},"448":{"start":{"line":672,"column":0},"end":{"line":672,"column":80}},"449":{"start":{"line":672,"column":53},"end":{"line":672,"column":77}},"450":{"start":{"line":673,"column":0},"end":{"line":690,"column":2}},"451":{"start":{"line":674,"column":2},"end":{"line":674,"column":33}},"452":{"start":{"line":675,"column":2},"end":{"line":689,"column":3}},"453":{"start":{"line":676,"column":17},"end":{"line":676,"column":26}},"454":{"start":{"line":677,"column":4},"end":{"line":683,"column":6}},"455":{"start":{"line":678,"column":6},"end":{"line":682,"column":7}},"456":{"start":{"line":679,"column":8},"end":{"line":679,"column":29}},"457":{"start":{"line":681,"column":8},"end":{"line":681,"column":31}},"458":{"start":{"line":684,"column":4},"end":{"line":684,"column":33}},"459":{"start":{"line":685,"column":4},"end":{"line":685,"column":26}},"460":{"start":{"line":687,"column":4},"end":{"line":687,"column":40}},"461":{"start":{"line":688,"column":4},"end":{"line":688,"column":33}},"462":{"start":{"line":692,"column":0},"end":{"line":702,"column":2}},"463":{"start":{"line":693,"column":15},"end":{"line":693,"column":43}},"464":{"start":{"line":694,"column":2},"end":{"line":694,"column":81}},"465":{"start":{"line":695,"column":15},"end":{"line":697,"column":3}},"466":{"start":{"line":698,"column":13},"end":{"line":698,"column":53}},"467":{"start":{"line":699,"column":2},"end":{"line":699,"column":21}},"468":{"start":{"line":700,"column":2},"end":{"line":700,"column":27}},"469":{"start":{"line":701,"column":2},"end":{"line":701,"column":29}},"470":{"start":{"line":704,"column":0},"end":{"line":724,"column":2}},"471":{"start":{"line":705,"column":17},"end":{"line":705,"column":52}},"472":{"start":{"line":706,"column":2},"end":{"line":706,"column":28}},"473":{"start":{"line":707,"column":2},"end":{"line":712,"column":3}},"474":{"start":{"line":708,"column":12},"end":{"line":708,"column":46}},"475":{"start":{"line":709,"column":4},"end":{"line":709,"column":18}},"476":{"start":{"line":710,"column":4},"end":{"line":710,"column":27}},"477":{"start":{"line":711,"column":4},"end":{"line":711,"column":23}},"478":{"start":{"line":713,"column":15},"end":{"line":713,"column":51}},"479":{"start":{"line":714,"column":2},"end":{"line":714,"column":21}},"480":{"start":{"line":715,"column":2},"end":{"line":715,"column":25}},"481":{"start":{"line":717,"column":2},"end":{"line":719,"column":3}},"482":{"start":{"line":718,"column":4},"end":{"line":718,"column":34}},"483":{"start":{"line":720,"column":2},"end":{"line":722,"column":3}},"484":{"start":{"line":721,"column":4},"end":{"line":721,"column":42}},"485":{"start":{"line":723,"column":2},"end":{"line":723,"column":56}},"486":{"start":{"line":725,"column":0},"end":{"line":742,"column":2}},"487":{"start":{"line":726,"column":2},"end":{"line":726,"column":33}},"488":{"start":{"line":727,"column":2},"end":{"line":741,"column":3}},"489":{"start":{"line":728,"column":17},"end":{"line":728,"column":26}},"490":{"start":{"line":729,"column":4},"end":{"line":735,"column":6}},"491":{"start":{"line":730,"column":6},"end":{"line":734,"column":7}},"492":{"start":{"line":731,"column":8},"end":{"line":731,"column":29}},"493":{"start":{"line":733,"column":8},"end":{"line":733,"column":31}},"494":{"start":{"line":736,"column":4},"end":{"line":736,"column":30}},"495":{"start":{"line":737,"column":4},"end":{"line":737,"column":26}},"496":{"start":{"line":739,"column":4},"end":{"line":739,"column":40}},"497":{"start":{"line":740,"column":4},"end":{"line":740,"column":30}},"498":{"start":{"line":744,"column":0},"end":{"line":754,"column":2}},"499":{"start":{"line":745,"column":15},"end":{"line":745,"column":43}},"500":{"start":{"line":746,"column":2},"end":{"line":746,"column":81}},"501":{"start":{"line":747,"column":15},"end":{"line":749,"column":3}},"502":{"start":{"line":750,"column":13},"end":{"line":750,"column":53}},"503":{"start":{"line":751,"column":2},"end":{"line":751,"column":21}},"504":{"start":{"line":752,"column":2},"end":{"line":752,"column":27}},"505":{"start":{"line":753,"column":2},"end":{"line":753,"column":29}},"506":{"start":{"line":756,"column":0},"end":{"line":776,"column":2}},"507":{"start":{"line":757,"column":17},"end":{"line":757,"column":52}},"508":{"start":{"line":758,"column":2},"end":{"line":758,"column":28}},"509":{"start":{"line":759,"column":2},"end":{"line":764,"column":3}},"510":{"start":{"line":760,"column":12},"end":{"line":760,"column":46}},"511":{"start":{"line":761,"column":4},"end":{"line":761,"column":18}},"512":{"start":{"line":762,"column":4},"end":{"line":762,"column":27}},"513":{"start":{"line":763,"column":4},"end":{"line":763,"column":23}},"514":{"start":{"line":765,"column":15},"end":{"line":765,"column":51}},"515":{"start":{"line":766,"column":2},"end":{"line":766,"column":21}},"516":{"start":{"line":767,"column":2},"end":{"line":767,"column":25}},"517":{"start":{"line":769,"column":2},"end":{"line":771,"column":3}},"518":{"start":{"line":770,"column":4},"end":{"line":770,"column":34}},"519":{"start":{"line":772,"column":2},"end":{"line":774,"column":3}},"520":{"start":{"line":773,"column":4},"end":{"line":773,"column":42}},"521":{"start":{"line":775,"column":2},"end":{"line":775,"column":56}},"522":{"start":{"line":777,"column":0},"end":{"line":794,"column":2}},"523":{"start":{"line":778,"column":2},"end":{"line":778,"column":33}},"524":{"start":{"line":779,"column":2},"end":{"line":793,"column":3}},"525":{"start":{"line":780,"column":17},"end":{"line":780,"column":26}},"526":{"start":{"line":781,"column":4},"end":{"line":787,"column":6}},"527":{"start":{"line":782,"column":6},"end":{"line":786,"column":7}},"528":{"start":{"line":783,"column":8},"end":{"line":783,"column":29}},"529":{"start":{"line":785,"column":8},"end":{"line":785,"column":31}},"530":{"start":{"line":788,"column":4},"end":{"line":788,"column":28}},"531":{"start":{"line":789,"column":4},"end":{"line":789,"column":26}},"532":{"start":{"line":791,"column":4},"end":{"line":791,"column":40}},"533":{"start":{"line":792,"column":4},"end":{"line":792,"column":28}},"534":{"start":{"line":796,"column":0},"end":{"line":806,"column":2}},"535":{"start":{"line":797,"column":15},"end":{"line":797,"column":43}},"536":{"start":{"line":798,"column":2},"end":{"line":798,"column":77}},"537":{"start":{"line":799,"column":15},"end":{"line":801,"column":3}},"538":{"start":{"line":802,"column":13},"end":{"line":802,"column":49}},"539":{"start":{"line":803,"column":2},"end":{"line":803,"column":21}},"540":{"start":{"line":804,"column":2},"end":{"line":804,"column":27}},"541":{"start":{"line":805,"column":2},"end":{"line":805,"column":29}},"542":{"start":{"line":808,"column":0},"end":{"line":828,"column":2}},"543":{"start":{"line":809,"column":17},"end":{"line":809,"column":52}},"544":{"start":{"line":810,"column":2},"end":{"line":810,"column":28}},"545":{"start":{"line":811,"column":2},"end":{"line":816,"column":3}},"546":{"start":{"line":812,"column":12},"end":{"line":812,"column":46}},"547":{"start":{"line":813,"column":4},"end":{"line":813,"column":18}},"548":{"start":{"line":814,"column":4},"end":{"line":814,"column":27}},"549":{"start":{"line":815,"column":4},"end":{"line":815,"column":23}},"550":{"start":{"line":817,"column":15},"end":{"line":817,"column":47}},"551":{"start":{"line":818,"column":2},"end":{"line":818,"column":21}},"552":{"start":{"line":819,"column":2},"end":{"line":819,"column":25}},"553":{"start":{"line":821,"column":2},"end":{"line":823,"column":3}},"554":{"start":{"line":822,"column":4},"end":{"line":822,"column":34}},"555":{"start":{"line":824,"column":2},"end":{"line":826,"column":3}},"556":{"start":{"line":825,"column":4},"end":{"line":825,"column":42}},"557":{"start":{"line":827,"column":2},"end":{"line":827,"column":52}},"558":{"start":{"line":829,"column":0},"end":{"line":846,"column":2}},"559":{"start":{"line":830,"column":2},"end":{"line":830,"column":33}},"560":{"start":{"line":831,"column":2},"end":{"line":845,"column":3}},"561":{"start":{"line":832,"column":17},"end":{"line":832,"column":26}},"562":{"start":{"line":833,"column":4},"end":{"line":839,"column":6}},"563":{"start":{"line":834,"column":6},"end":{"line":838,"column":7}},"564":{"start":{"line":835,"column":8},"end":{"line":835,"column":29}},"565":{"start":{"line":837,"column":8},"end":{"line":837,"column":31}},"566":{"start":{"line":840,"column":4},"end":{"line":840,"column":31}},"567":{"start":{"line":841,"column":4},"end":{"line":841,"column":26}},"568":{"start":{"line":843,"column":4},"end":{"line":843,"column":40}},"569":{"start":{"line":844,"column":4},"end":{"line":844,"column":31}},"570":{"start":{"line":848,"column":0},"end":{"line":858,"column":2}},"571":{"start":{"line":849,"column":15},"end":{"line":849,"column":43}},"572":{"start":{"line":850,"column":2},"end":{"line":850,"column":80}},"573":{"start":{"line":851,"column":15},"end":{"line":853,"column":3}},"574":{"start":{"line":854,"column":13},"end":{"line":854,"column":52}},"575":{"start":{"line":855,"column":2},"end":{"line":855,"column":21}},"576":{"start":{"line":856,"column":2},"end":{"line":856,"column":27}},"577":{"start":{"line":857,"column":2},"end":{"line":857,"column":29}},"578":{"start":{"line":860,"column":0},"end":{"line":880,"column":2}},"579":{"start":{"line":861,"column":17},"end":{"line":861,"column":52}},"580":{"start":{"line":862,"column":2},"end":{"line":862,"column":28}},"581":{"start":{"line":863,"column":2},"end":{"line":868,"column":3}},"582":{"start":{"line":864,"column":12},"end":{"line":864,"column":46}},"583":{"start":{"line":865,"column":4},"end":{"line":865,"column":18}},"584":{"start":{"line":866,"column":4},"end":{"line":866,"column":27}},"585":{"start":{"line":867,"column":4},"end":{"line":867,"column":23}},"586":{"start":{"line":869,"column":15},"end":{"line":869,"column":50}},"587":{"start":{"line":870,"column":2},"end":{"line":870,"column":21}},"588":{"start":{"line":871,"column":2},"end":{"line":871,"column":25}},"589":{"start":{"line":873,"column":2},"end":{"line":875,"column":3}},"590":{"start":{"line":874,"column":4},"end":{"line":874,"column":34}},"591":{"start":{"line":876,"column":2},"end":{"line":878,"column":3}},"592":{"start":{"line":877,"column":4},"end":{"line":877,"column":42}},"593":{"start":{"line":879,"column":2},"end":{"line":879,"column":55}},"594":{"start":{"line":881,"column":0},"end":{"line":898,"column":2}},"595":{"start":{"line":882,"column":2},"end":{"line":882,"column":33}},"596":{"start":{"line":883,"column":2},"end":{"line":897,"column":3}},"597":{"start":{"line":884,"column":17},"end":{"line":884,"column":26}},"598":{"start":{"line":885,"column":4},"end":{"line":891,"column":6}},"599":{"start":{"line":886,"column":6},"end":{"line":890,"column":7}},"600":{"start":{"line":887,"column":8},"end":{"line":887,"column":29}},"601":{"start":{"line":889,"column":8},"end":{"line":889,"column":31}},"602":{"start":{"line":892,"column":4},"end":{"line":892,"column":29}},"603":{"start":{"line":893,"column":4},"end":{"line":893,"column":26}},"604":{"start":{"line":895,"column":4},"end":{"line":895,"column":40}},"605":{"start":{"line":896,"column":4},"end":{"line":896,"column":29}},"606":{"start":{"line":900,"column":0},"end":{"line":910,"column":2}},"607":{"start":{"line":901,"column":15},"end":{"line":901,"column":43}},"608":{"start":{"line":902,"column":2},"end":{"line":902,"column":80}},"609":{"start":{"line":903,"column":15},"end":{"line":905,"column":3}},"610":{"start":{"line":906,"column":13},"end":{"line":906,"column":52}},"611":{"start":{"line":907,"column":2},"end":{"line":907,"column":21}},"612":{"start":{"line":908,"column":2},"end":{"line":908,"column":27}},"613":{"start":{"line":909,"column":2},"end":{"line":909,"column":29}},"614":{"start":{"line":912,"column":0},"end":{"line":932,"column":2}},"615":{"start":{"line":913,"column":17},"end":{"line":913,"column":52}},"616":{"start":{"line":914,"column":2},"end":{"line":914,"column":28}},"617":{"start":{"line":915,"column":2},"end":{"line":920,"column":3}},"618":{"start":{"line":916,"column":12},"end":{"line":916,"column":46}},"619":{"start":{"line":917,"column":4},"end":{"line":917,"column":18}},"620":{"start":{"line":918,"column":4},"end":{"line":918,"column":27}},"621":{"start":{"line":919,"column":4},"end":{"line":919,"column":23}},"622":{"start":{"line":921,"column":15},"end":{"line":921,"column":50}},"623":{"start":{"line":922,"column":2},"end":{"line":922,"column":21}},"624":{"start":{"line":923,"column":2},"end":{"line":923,"column":25}},"625":{"start":{"line":925,"column":2},"end":{"line":927,"column":3}},"626":{"start":{"line":926,"column":4},"end":{"line":926,"column":34}},"627":{"start":{"line":928,"column":2},"end":{"line":930,"column":3}},"628":{"start":{"line":929,"column":4},"end":{"line":929,"column":42}},"629":{"start":{"line":931,"column":2},"end":{"line":931,"column":55}},"630":{"start":{"line":933,"column":27},"end":{"line":935,"column":1}},"631":{"start":{"line":934,"column":2},"end":{"line":934,"column":26}},"632":{"start":{"line":937,"column":0},"end":{"line":951,"column":1}},"633":{"start":{"line":938,"column":10},"end":{"line":938,"column":34}},"634":{"start":{"line":939,"column":2},"end":{"line":949,"column":3}},"635":{"start":{"line":940,"column":4},"end":{"line":940,"column":74}},"636":{"start":{"line":942,"column":4},"end":{"line":942,"column":35}},"637":{"start":{"line":943,"column":4},"end":{"line":943,"column":27}},"638":{"start":{"line":944,"column":12},"end":{"line":944,"column":124}},"639":{"start":{"line":945,"column":4},"end":{"line":945,"column":78}},"640":{"start":{"line":946,"column":4},"end":{"line":946,"column":20}},"641":{"start":{"line":947,"column":4},"end":{"line":947,"column":29}},"642":{"start":{"line":948,"column":4},"end":{"line":948,"column":19}},"643":{"start":{"line":952,"column":0},"end":{"line":992,"column":2}},"644":{"start":{"line":953,"column":13},"end":{"line":953,"column":47}},"645":{"start":{"line":954,"column":2},"end":{"line":954,"column":19}},"646":{"start":{"line":955,"column":2},"end":{"line":955,"column":25}},"647":{"start":{"line":956,"column":2},"end":{"line":991,"column":3}},"648":{"start":{"line":957,"column":4},"end":{"line":976,"column":9}},"649":{"start":{"line":959,"column":25},"end":{"line":959,"column":78}},"650":{"start":{"line":960,"column":8},"end":{"line":960,"column":81}},"651":{"start":{"line":961,"column":8},"end":{"line":961,"column":33}},"652":{"start":{"line":962,"column":8},"end":{"line":962,"column":33}},"653":{"start":{"line":963,"column":8},"end":{"line":963,"column":23}},"654":{"start":{"line":966,"column":8},"end":{"line":972,"column":9}},"655":{"start":{"line":967,"column":10},"end":{"line":967,"column":59}},"656":{"start":{"line":968,"column":10},"end":{"line":968,"column":83}},"657":{"start":{"line":970,"column":10},"end":{"line":970,"column":107}},"658":{"start":{"line":971,"column":10},"end":{"line":971,"column":87}},"659":{"start":{"line":973,"column":8},"end":{"line":973,"column":29}},"660":{"start":{"line":974,"column":8},"end":{"line":974,"column":33}},"661":{"start":{"line":975,"column":8},"end":{"line":975,"column":23}},"662":{"start":{"line":978,"column":4},"end":{"line":990,"column":7}},"663":{"start":{"line":980,"column":6},"end":{"line":986,"column":7}},"664":{"start":{"line":981,"column":8},"end":{"line":981,"column":128}},"665":{"start":{"line":982,"column":8},"end":{"line":982,"column":81}},"666":{"start":{"line":984,"column":8},"end":{"line":984,"column":109}},"667":{"start":{"line":985,"column":8},"end":{"line":985,"column":85}},"668":{"start":{"line":987,"column":6},"end":{"line":987,"column":31}},"669":{"start":{"line":988,"column":6},"end":{"line":988,"column":31}},"670":{"start":{"line":989,"column":6},"end":{"line":989,"column":21}},"671":{"start":{"line":993,"column":0},"end":{"line":1033,"column":2}},"672":{"start":{"line":994,"column":13},"end":{"line":994,"column":47}},"673":{"start":{"line":995,"column":2},"end":{"line":995,"column":19}},"674":{"start":{"line":996,"column":2},"end":{"line":996,"column":25}},"675":{"start":{"line":997,"column":2},"end":{"line":1032,"column":3}},"676":{"start":{"line":998,"column":4},"end":{"line":1017,"column":9}},"677":{"start":{"line":1000,"column":25},"end":{"line":1000,"column":78}},"678":{"start":{"line":1001,"column":8},"end":{"line":1001,"column":81}},"679":{"start":{"line":1002,"column":8},"end":{"line":1002,"column":33}},"680":{"start":{"line":1003,"column":8},"end":{"line":1003,"column":33}},"681":{"start":{"line":1004,"column":8},"end":{"line":1004,"column":23}},"682":{"start":{"line":1007,"column":8},"end":{"line":1013,"column":9}},"683":{"start":{"line":1008,"column":10},"end":{"line":1008,"column":59}},"684":{"start":{"line":1009,"column":10},"end":{"line":1009,"column":83}},"685":{"start":{"line":1011,"column":10},"end":{"line":1011,"column":107}},"686":{"start":{"line":1012,"column":10},"end":{"line":1012,"column":87}},"687":{"start":{"line":1014,"column":8},"end":{"line":1014,"column":29}},"688":{"start":{"line":1015,"column":8},"end":{"line":1015,"column":33}},"689":{"start":{"line":1016,"column":8},"end":{"line":1016,"column":23}},"690":{"start":{"line":1019,"column":4},"end":{"line":1031,"column":7}},"691":{"start":{"line":1021,"column":6},"end":{"line":1027,"column":7}},"692":{"start":{"line":1022,"column":8},"end":{"line":1022,"column":128}},"693":{"start":{"line":1023,"column":8},"end":{"line":1023,"column":81}},"694":{"start":{"line":1025,"column":8},"end":{"line":1025,"column":109}},"695":{"start":{"line":1026,"column":8},"end":{"line":1026,"column":85}},"696":{"start":{"line":1028,"column":6},"end":{"line":1028,"column":31}},"697":{"start":{"line":1029,"column":6},"end":{"line":1029,"column":31}},"698":{"start":{"line":1030,"column":6},"end":{"line":1030,"column":21}},"699":{"start":{"line":1034,"column":0},"end":{"line":1074,"column":2}},"700":{"start":{"line":1035,"column":13},"end":{"line":1035,"column":43}},"701":{"start":{"line":1036,"column":2},"end":{"line":1036,"column":19}},"702":{"start":{"line":1037,"column":2},"end":{"line":1037,"column":25}},"703":{"start":{"line":1038,"column":2},"end":{"line":1073,"column":3}},"704":{"start":{"line":1039,"column":4},"end":{"line":1058,"column":9}},"705":{"start":{"line":1041,"column":25},"end":{"line":1041,"column":74}},"706":{"start":{"line":1042,"column":8},"end":{"line":1042,"column":77}},"707":{"start":{"line":1043,"column":8},"end":{"line":1043,"column":33}},"708":{"start":{"line":1044,"column":8},"end":{"line":1044,"column":33}},"709":{"start":{"line":1045,"column":8},"end":{"line":1045,"column":23}},"710":{"start":{"line":1048,"column":8},"end":{"line":1054,"column":9}},"711":{"start":{"line":1049,"column":10},"end":{"line":1049,"column":55}},"712":{"start":{"line":1050,"column":10},"end":{"line":1050,"column":79}},"713":{"start":{"line":1052,"column":10},"end":{"line":1052,"column":107}},"714":{"start":{"line":1053,"column":10},"end":{"line":1053,"column":83}},"715":{"start":{"line":1055,"column":8},"end":{"line":1055,"column":29}},"716":{"start":{"line":1056,"column":8},"end":{"line":1056,"column":33}},"717":{"start":{"line":1057,"column":8},"end":{"line":1057,"column":23}},"718":{"start":{"line":1060,"column":4},"end":{"line":1072,"column":7}},"719":{"start":{"line":1062,"column":6},"end":{"line":1068,"column":7}},"720":{"start":{"line":1063,"column":8},"end":{"line":1063,"column":124}},"721":{"start":{"line":1064,"column":8},"end":{"line":1064,"column":77}},"722":{"start":{"line":1066,"column":8},"end":{"line":1066,"column":109}},"723":{"start":{"line":1067,"column":8},"end":{"line":1067,"column":81}},"724":{"start":{"line":1069,"column":6},"end":{"line":1069,"column":31}},"725":{"start":{"line":1070,"column":6},"end":{"line":1070,"column":31}},"726":{"start":{"line":1071,"column":6},"end":{"line":1071,"column":21}},"727":{"start":{"line":1075,"column":0},"end":{"line":1115,"column":2}},"728":{"start":{"line":1076,"column":13},"end":{"line":1076,"column":46}},"729":{"start":{"line":1077,"column":2},"end":{"line":1077,"column":19}},"730":{"start":{"line":1078,"column":2},"end":{"line":1078,"column":25}},"731":{"start":{"line":1079,"column":2},"end":{"line":1114,"column":3}},"732":{"start":{"line":1080,"column":4},"end":{"line":1099,"column":9}},"733":{"start":{"line":1082,"column":25},"end":{"line":1082,"column":77}},"734":{"start":{"line":1083,"column":8},"end":{"line":1083,"column":80}},"735":{"start":{"line":1084,"column":8},"end":{"line":1084,"column":33}},"736":{"start":{"line":1085,"column":8},"end":{"line":1085,"column":33}},"737":{"start":{"line":1086,"column":8},"end":{"line":1086,"column":23}},"738":{"start":{"line":1089,"column":8},"end":{"line":1095,"column":9}},"739":{"start":{"line":1090,"column":10},"end":{"line":1090,"column":58}},"740":{"start":{"line":1091,"column":10},"end":{"line":1091,"column":82}},"741":{"start":{"line":1093,"column":10},"end":{"line":1093,"column":107}},"742":{"start":{"line":1094,"column":10},"end":{"line":1094,"column":86}},"743":{"start":{"line":1096,"column":8},"end":{"line":1096,"column":29}},"744":{"start":{"line":1097,"column":8},"end":{"line":1097,"column":33}},"745":{"start":{"line":1098,"column":8},"end":{"line":1098,"column":23}},"746":{"start":{"line":1101,"column":4},"end":{"line":1113,"column":7}},"747":{"start":{"line":1103,"column":6},"end":{"line":1109,"column":7}},"748":{"start":{"line":1104,"column":8},"end":{"line":1104,"column":127}},"749":{"start":{"line":1105,"column":8},"end":{"line":1105,"column":80}},"750":{"start":{"line":1107,"column":8},"end":{"line":1107,"column":109}},"751":{"start":{"line":1108,"column":8},"end":{"line":1108,"column":84}},"752":{"start":{"line":1110,"column":6},"end":{"line":1110,"column":31}},"753":{"start":{"line":1111,"column":6},"end":{"line":1111,"column":31}},"754":{"start":{"line":1112,"column":6},"end":{"line":1112,"column":21}},"755":{"start":{"line":1116,"column":0},"end":{"line":1156,"column":2}},"756":{"start":{"line":1117,"column":13},"end":{"line":1117,"column":46}},"757":{"start":{"line":1118,"column":2},"end":{"line":1118,"column":19}},"758":{"start":{"line":1119,"column":2},"end":{"line":1119,"column":25}},"759":{"start":{"line":1120,"column":2},"end":{"line":1155,"column":3}},"760":{"start":{"line":1121,"column":4},"end":{"line":1140,"column":9}},"761":{"start":{"line":1123,"column":25},"end":{"line":1123,"column":77}},"762":{"start":{"line":1124,"column":8},"end":{"line":1124,"column":80}},"763":{"start":{"line":1125,"column":8},"end":{"line":1125,"column":33}},"764":{"start":{"line":1126,"column":8},"end":{"line":1126,"column":33}},"765":{"start":{"line":1127,"column":8},"end":{"line":1127,"column":23}},"766":{"start":{"line":1130,"column":8},"end":{"line":1136,"column":9}},"767":{"start":{"line":1131,"column":10},"end":{"line":1131,"column":58}},"768":{"start":{"line":1132,"column":10},"end":{"line":1132,"column":82}},"769":{"start":{"line":1134,"column":10},"end":{"line":1134,"column":107}},"770":{"start":{"line":1135,"column":10},"end":{"line":1135,"column":86}},"771":{"start":{"line":1137,"column":8},"end":{"line":1137,"column":29}},"772":{"start":{"line":1138,"column":8},"end":{"line":1138,"column":33}},"773":{"start":{"line":1139,"column":8},"end":{"line":1139,"column":23}},"774":{"start":{"line":1142,"column":4},"end":{"line":1154,"column":7}},"775":{"start":{"line":1144,"column":6},"end":{"line":1150,"column":7}},"776":{"start":{"line":1145,"column":8},"end":{"line":1145,"column":127}},"777":{"start":{"line":1146,"column":8},"end":{"line":1146,"column":80}},"778":{"start":{"line":1148,"column":8},"end":{"line":1148,"column":109}},"779":{"start":{"line":1149,"column":8},"end":{"line":1149,"column":84}},"780":{"start":{"line":1151,"column":6},"end":{"line":1151,"column":31}},"781":{"start":{"line":1152,"column":6},"end":{"line":1152,"column":31}},"782":{"start":{"line":1153,"column":6},"end":{"line":1153,"column":21}}},"fnMap":{"0":{"name":"(anonymous_0)","decl":{"start":{"line":16,"column":35},"end":{"line":16,"column":36}},"loc":{"start":{"line":16,"column":50},"end":{"line":23,"column":1}},"line":16},"1":{"name":"(anonymous_1)","decl":{"start":{"line":25,"column":46},"end":{"line":25,"column":47}},"loc":{"start":{"line":25,"column":62},"end":{"line":55,"column":1}},"line":25},"2":{"name":"(anonymous_2)","decl":{"start":{"line":57,"column":47},"end":{"line":57,"column":48}},"loc":{"start":{"line":57,"column":64},"end":{"line":67,"column":1}},"line":57},"3":{"name":"(anonymous_3)","decl":{"start":{"line":69,"column":37},"end":{"line":69,"column":38}},"loc":{"start":{"line":69,"column":52},"end":{"line":84,"column":1}},"line":69},"4":{"name":"(anonymous_4)","decl":{"start":{"line":86,"column":48},"end":{"line":86,"column":49}},"loc":{"start":{"line":86,"column":64},"end":{"line":135,"column":1}},"line":86},"5":{"name":"(anonymous_5)","decl":{"start":{"line":137,"column":49},"end":{"line":137,"column":50}},"loc":{"start":{"line":137,"column":66},"end":{"line":161,"column":1}},"line":137},"6":{"name":"(anonymous_6)","decl":{"start":{"line":163,"column":35},"end":{"line":163,"column":36}},"loc":{"start":{"line":163,"column":50},"end":{"line":170,"column":1}},"line":163},"7":{"name":"(anonymous_7)","decl":{"start":{"line":172,"column":46},"end":{"line":172,"column":47}},"loc":{"start":{"line":172,"column":62},"end":{"line":202,"column":1}},"line":172},"8":{"name":"(anonymous_8)","decl":{"start":{"line":204,"column":47},"end":{"line":204,"column":48}},"loc":{"start":{"line":204,"column":64},"end":{"line":214,"column":1}},"line":204},"9":{"name":"(anonymous_9)","decl":{"start":{"line":216,"column":37},"end":{"line":216,"column":38}},"loc":{"start":{"line":216,"column":52},"end":{"line":231,"column":1}},"line":216},"10":{"name":"(anonymous_10)","decl":{"start":{"line":233,"column":48},"end":{"line":233,"column":49}},"loc":{"start":{"line":233,"column":64},"end":{"line":269,"column":1}},"line":233},"11":{"name":"(anonymous_11)","decl":{"start":{"line":271,"column":49},"end":{"line":271,"column":50}},"loc":{"start":{"line":271,"column":66},"end":{"line":286,"column":1}},"line":271},"12":{"name":"(anonymous_12)","decl":{"start":{"line":288,"column":31},"end":{"line":288,"column":32}},"loc":{"start":{"line":288,"column":46},"end":{"line":295,"column":1}},"line":288},"13":{"name":"(anonymous_13)","decl":{"start":{"line":297,"column":42},"end":{"line":297,"column":43}},"loc":{"start":{"line":297,"column":58},"end":{"line":328,"column":1}},"line":297},"14":{"name":"(anonymous_14)","decl":{"start":{"line":330,"column":43},"end":{"line":330,"column":44}},"loc":{"start":{"line":330,"column":60},"end":{"line":340,"column":1}},"line":330},"15":{"name":"(anonymous_15)","decl":{"start":{"line":342,"column":33},"end":{"line":342,"column":34}},"loc":{"start":{"line":342,"column":48},"end":{"line":357,"column":1}},"line":342},"16":{"name":"(anonymous_16)","decl":{"start":{"line":359,"column":44},"end":{"line":359,"column":45}},"loc":{"start":{"line":359,"column":60},"end":{"line":395,"column":1}},"line":359},"17":{"name":"(anonymous_17)","decl":{"start":{"line":397,"column":45},"end":{"line":397,"column":46}},"loc":{"start":{"line":397,"column":62},"end":{"line":412,"column":1}},"line":397},"18":{"name":"(anonymous_18)","decl":{"start":{"line":414,"column":34},"end":{"line":414,"column":35}},"loc":{"start":{"line":414,"column":49},"end":{"line":421,"column":1}},"line":414},"19":{"name":"(anonymous_19)","decl":{"start":{"line":423,"column":45},"end":{"line":423,"column":46}},"loc":{"start":{"line":423,"column":61},"end":{"line":454,"column":1}},"line":423},"20":{"name":"(anonymous_20)","decl":{"start":{"line":456,"column":46},"end":{"line":456,"column":47}},"loc":{"start":{"line":456,"column":63},"end":{"line":466,"column":1}},"line":456},"21":{"name":"(anonymous_21)","decl":{"start":{"line":468,"column":36},"end":{"line":468,"column":37}},"loc":{"start":{"line":468,"column":51},"end":{"line":483,"column":1}},"line":468},"22":{"name":"(anonymous_22)","decl":{"start":{"line":485,"column":47},"end":{"line":485,"column":48}},"loc":{"start":{"line":485,"column":63},"end":{"line":521,"column":1}},"line":485},"23":{"name":"(anonymous_23)","decl":{"start":{"line":523,"column":48},"end":{"line":523,"column":49}},"loc":{"start":{"line":523,"column":65},"end":{"line":538,"column":1}},"line":523},"24":{"name":"(anonymous_24)","decl":{"start":{"line":540,"column":34},"end":{"line":540,"column":35}},"loc":{"start":{"line":540,"column":49},"end":{"line":547,"column":1}},"line":540},"25":{"name":"(anonymous_25)","decl":{"start":{"line":549,"column":45},"end":{"line":549,"column":46}},"loc":{"start":{"line":549,"column":61},"end":{"line":579,"column":1}},"line":549},"26":{"name":"(anonymous_26)","decl":{"start":{"line":581,"column":46},"end":{"line":581,"column":47}},"loc":{"start":{"line":581,"column":63},"end":{"line":591,"column":1}},"line":581},"27":{"name":"(anonymous_27)","decl":{"start":{"line":593,"column":36},"end":{"line":593,"column":37}},"loc":{"start":{"line":593,"column":51},"end":{"line":608,"column":1}},"line":593},"28":{"name":"(anonymous_28)","decl":{"start":{"line":610,"column":47},"end":{"line":610,"column":48}},"loc":{"start":{"line":610,"column":63},"end":{"line":645,"column":1}},"line":610},"29":{"name":"(anonymous_29)","decl":{"start":{"line":647,"column":48},"end":{"line":647,"column":49}},"loc":{"start":{"line":647,"column":65},"end":{"line":662,"column":1}},"line":647},"30":{"name":"(anonymous_30)","decl":{"start":{"line":664,"column":41},"end":{"line":664,"column":42}},"loc":{"start":{"line":664,"column":66},"end":{"line":669,"column":1}},"line":664},"31":{"name":"(anonymous_31)","decl":{"start":{"line":671,"column":36},"end":{"line":671,"column":37}},"loc":{"start":{"line":671,"column":47},"end":{"line":671,"column":70}},"line":671},"32":{"name":"(anonymous_32)","decl":{"start":{"line":672,"column":40},"end":{"line":672,"column":41}},"loc":{"start":{"line":672,"column":51},"end":{"line":672,"column":79}},"line":672},"33":{"name":"(anonymous_33)","decl":{"start":{"line":673,"column":42},"end":{"line":673,"column":43}},"loc":{"start":{"line":673,"column":68},"end":{"line":690,"column":1}},"line":673},"34":{"name":"(anonymous_34)","decl":{"start":{"line":677,"column":31},"end":{"line":677,"column":32}},"loc":{"start":{"line":677,"column":55},"end":{"line":683,"column":5}},"line":677},"35":{"name":"(anonymous_35)","decl":{"start":{"line":692,"column":47},"end":{"line":692,"column":48}},"loc":{"start":{"line":692,"column":63},"end":{"line":702,"column":1}},"line":692},"36":{"name":"(anonymous_36)","decl":{"start":{"line":704,"column":47},"end":{"line":704,"column":48}},"loc":{"start":{"line":704,"column":76},"end":{"line":724,"column":1}},"line":704},"37":{"name":"(anonymous_37)","decl":{"start":{"line":705,"column":39},"end":{"line":705,"column":40}},"loc":{"start":{"line":705,"column":50},"end":{"line":705,"column":52}},"line":705},"38":{"name":"(anonymous_38)","decl":{"start":{"line":725,"column":42},"end":{"line":725,"column":43}},"loc":{"start":{"line":725,"column":65},"end":{"line":742,"column":1}},"line":725},"39":{"name":"(anonymous_39)","decl":{"start":{"line":729,"column":31},"end":{"line":729,"column":32}},"loc":{"start":{"line":729,"column":55},"end":{"line":735,"column":5}},"line":729},"40":{"name":"(anonymous_40)","decl":{"start":{"line":744,"column":47},"end":{"line":744,"column":48}},"loc":{"start":{"line":744,"column":60},"end":{"line":754,"column":1}},"line":744},"41":{"name":"(anonymous_41)","decl":{"start":{"line":756,"column":47},"end":{"line":756,"column":48}},"loc":{"start":{"line":756,"column":76},"end":{"line":776,"column":1}},"line":756},"42":{"name":"(anonymous_42)","decl":{"start":{"line":757,"column":39},"end":{"line":757,"column":40}},"loc":{"start":{"line":757,"column":50},"end":{"line":757,"column":52}},"line":757},"43":{"name":"(anonymous_43)","decl":{"start":{"line":777,"column":38},"end":{"line":777,"column":39}},"loc":{"start":{"line":777,"column":63},"end":{"line":794,"column":1}},"line":777},"44":{"name":"(anonymous_44)","decl":{"start":{"line":781,"column":31},"end":{"line":781,"column":32}},"loc":{"start":{"line":781,"column":55},"end":{"line":787,"column":5}},"line":781},"45":{"name":"(anonymous_45)","decl":{"start":{"line":796,"column":43},"end":{"line":796,"column":44}},"loc":{"start":{"line":796,"column":58},"end":{"line":806,"column":1}},"line":796},"46":{"name":"(anonymous_46)","decl":{"start":{"line":808,"column":43},"end":{"line":808,"column":44}},"loc":{"start":{"line":808,"column":72},"end":{"line":828,"column":1}},"line":808},"47":{"name":"(anonymous_47)","decl":{"start":{"line":809,"column":39},"end":{"line":809,"column":40}},"loc":{"start":{"line":809,"column":50},"end":{"line":809,"column":52}},"line":809},"48":{"name":"(anonymous_48)","decl":{"start":{"line":829,"column":41},"end":{"line":829,"column":42}},"loc":{"start":{"line":829,"column":66},"end":{"line":846,"column":1}},"line":829},"49":{"name":"(anonymous_49)","decl":{"start":{"line":833,"column":31},"end":{"line":833,"column":32}},"loc":{"start":{"line":833,"column":55},"end":{"line":839,"column":5}},"line":833},"50":{"name":"(anonymous_50)","decl":{"start":{"line":848,"column":46},"end":{"line":848,"column":47}},"loc":{"start":{"line":848,"column":61},"end":{"line":858,"column":1}},"line":848},"51":{"name":"(anonymous_51)","decl":{"start":{"line":860,"column":46},"end":{"line":860,"column":47}},"loc":{"start":{"line":860,"column":75},"end":{"line":880,"column":1}},"line":860},"52":{"name":"(anonymous_52)","decl":{"start":{"line":861,"column":39},"end":{"line":861,"column":40}},"loc":{"start":{"line":861,"column":50},"end":{"line":861,"column":52}},"line":861},"53":{"name":"(anonymous_53)","decl":{"start":{"line":881,"column":41},"end":{"line":881,"column":42}},"loc":{"start":{"line":881,"column":64},"end":{"line":898,"column":1}},"line":881},"54":{"name":"(anonymous_54)","decl":{"start":{"line":885,"column":31},"end":{"line":885,"column":32}},"loc":{"start":{"line":885,"column":55},"end":{"line":891,"column":5}},"line":885},"55":{"name":"(anonymous_55)","decl":{"start":{"line":900,"column":46},"end":{"line":900,"column":47}},"loc":{"start":{"line":900,"column":59},"end":{"line":910,"column":1}},"line":900},"56":{"name":"(anonymous_56)","decl":{"start":{"line":912,"column":46},"end":{"line":912,"column":47}},"loc":{"start":{"line":912,"column":75},"end":{"line":932,"column":1}},"line":912},"57":{"name":"(anonymous_57)","decl":{"start":{"line":913,"column":39},"end":{"line":913,"column":40}},"loc":{"start":{"line":913,"column":50},"end":{"line":913,"column":52}},"line":913},"58":{"name":"(anonymous_58)","decl":{"start":{"line":933,"column":47},"end":{"line":933,"column":48}},"loc":{"start":{"line":933,"column":65},"end":{"line":935,"column":1}},"line":933},"59":{"name":"(anonymous_59)","decl":{"start":{"line":937,"column":41},"end":{"line":937,"column":42}},"loc":{"start":{"line":937,"column":65},"end":{"line":950,"column":1}},"line":937},"60":{"name":"(anonymous_60)","decl":{"start":{"line":952,"column":53},"end":{"line":952,"column":54}},"loc":{"start":{"line":952,"column":84},"end":{"line":992,"column":1}},"line":952},"61":{"name":"(anonymous_61)","decl":{"start":{"line":958,"column":12},"end":{"line":958,"column":13}},"loc":{"start":{"line":958,"column":29},"end":{"line":964,"column":7}},"line":958},"62":{"name":"(anonymous_62)","decl":{"start":{"line":964,"column":9},"end":{"line":964,"column":10}},"loc":{"start":{"line":964,"column":24},"end":{"line":976,"column":7}},"line":964},"63":{"name":"(anonymous_63)","decl":{"start":{"line":978,"column":42},"end":{"line":978,"column":43}},"loc":{"start":{"line":978,"column":65},"end":{"line":990,"column":5}},"line":978},"64":{"name":"(anonymous_64)","decl":{"start":{"line":993,"column":53},"end":{"line":993,"column":54}},"loc":{"start":{"line":993,"column":84},"end":{"line":1033,"column":1}},"line":993},"65":{"name":"(anonymous_65)","decl":{"start":{"line":999,"column":12},"end":{"line":999,"column":13}},"loc":{"start":{"line":999,"column":29},"end":{"line":1005,"column":7}},"line":999},"66":{"name":"(anonymous_66)","decl":{"start":{"line":1005,"column":9},"end":{"line":1005,"column":10}},"loc":{"start":{"line":1005,"column":24},"end":{"line":1017,"column":7}},"line":1005},"67":{"name":"(anonymous_67)","decl":{"start":{"line":1019,"column":39},"end":{"line":1019,"column":40}},"loc":{"start":{"line":1019,"column":62},"end":{"line":1031,"column":5}},"line":1019},"68":{"name":"(anonymous_68)","decl":{"start":{"line":1034,"column":49},"end":{"line":1034,"column":50}},"loc":{"start":{"line":1034,"column":80},"end":{"line":1074,"column":1}},"line":1034},"69":{"name":"(anonymous_69)","decl":{"start":{"line":1040,"column":12},"end":{"line":1040,"column":13}},"loc":{"start":{"line":1040,"column":29},"end":{"line":1046,"column":7}},"line":1040},"70":{"name":"(anonymous_70)","decl":{"start":{"line":1046,"column":9},"end":{"line":1046,"column":10}},"loc":{"start":{"line":1046,"column":24},"end":{"line":1058,"column":7}},"line":1046},"71":{"name":"(anonymous_71)","decl":{"start":{"line":1060,"column":37},"end":{"line":1060,"column":38}},"loc":{"start":{"line":1060,"column":60},"end":{"line":1072,"column":5}},"line":1060},"72":{"name":"(anonymous_72)","decl":{"start":{"line":1075,"column":52},"end":{"line":1075,"column":53}},"loc":{"start":{"line":1075,"column":83},"end":{"line":1115,"column":1}},"line":1075},"73":{"name":"(anonymous_73)","decl":{"start":{"line":1081,"column":12},"end":{"line":1081,"column":13}},"loc":{"start":{"line":1081,"column":29},"end":{"line":1087,"column":7}},"line":1081},"74":{"name":"(anonymous_74)","decl":{"start":{"line":1087,"column":9},"end":{"line":1087,"column":10}},"loc":{"start":{"line":1087,"column":24},"end":{"line":1099,"column":7}},"line":1087},"75":{"name":"(anonymous_75)","decl":{"start":{"line":1101,"column":40},"end":{"line":1101,"column":41}},"loc":{"start":{"line":1101,"column":63},"end":{"line":1113,"column":5}},"line":1101},"76":{"name":"(anonymous_76)","decl":{"start":{"line":1116,"column":52},"end":{"line":1116,"column":53}},"loc":{"start":{"line":1116,"column":83},"end":{"line":1156,"column":1}},"line":1116},"77":{"name":"(anonymous_77)","decl":{"start":{"line":1122,"column":12},"end":{"line":1122,"column":13}},"loc":{"start":{"line":1122,"column":29},"end":{"line":1128,"column":7}},"line":1122},"78":{"name":"(anonymous_78)","decl":{"start":{"line":1128,"column":9},"end":{"line":1128,"column":10}},"loc":{"start":{"line":1128,"column":24},"end":{"line":1140,"column":7}},"line":1128},"79":{"name":"(anonymous_79)","decl":{"start":{"line":1142,"column":38},"end":{"line":1142,"column":39}},"loc":{"start":{"line":1142,"column":61},"end":{"line":1154,"column":5}},"line":1142}},"branchMap":{"0":{"loc":{"start":{"line":18,"column":2},"end":{"line":22,"column":3}},"type":"if","locations":[{"start":{"line":18,"column":2},"end":{"line":22,"column":3}},{"start":{"line":18,"column":2},"end":{"line":22,"column":3}}],"line":18},"1":{"loc":{"start":{"line":19,"column":4},"end":{"line":21,"column":5}},"type":"if","locations":[{"start":{"line":19,"column":4},"end":{"line":21,"column":5}},{"start":{"line":19,"column":4},"end":{"line":21,"column":5}}],"line":19},"2":{"loc":{"start":{"line":19,"column":8},"end":{"line":19,"column":55}},"type":"binary-expr","locations":[{"start":{"line":19,"column":8},"end":{"line":19,"column":32}},{"start":{"line":19,"column":36},"end":{"line":19,"column":55}}],"line":19},"3":{"loc":{"start":{"line":33,"column":4},"end":{"line":35,"column":5}},"type":"if","locations":[{"start":{"line":33,"column":4},"end":{"line":35,"column":5}},{"start":{"line":33,"column":4},"end":{"line":35,"column":5}}],"line":33},"4":{"loc":{"start":{"line":36,"column":4},"end":{"line":50,"column":5}},"type":"switch","locations":[{"start":{"line":38,"column":6},"end":{"line":44,"column":12}},{"start":{"line":45,"column":6},"end":{"line":47,"column":14}},{"start":{"line":48,"column":6},"end":{"line":49,"column":26}}],"line":36},"5":{"loc":{"start":{"line":39,"column":6},"end":{"line":43,"column":7}},"type":"if","locations":[{"start":{"line":39,"column":6},"end":{"line":43,"column":7}},{"start":{"line":39,"column":6},"end":{"line":43,"column":7}}],"line":39},"6":{"loc":{"start":{"line":59,"column":2},"end":{"line":63,"column":3}},"type":"if","locations":[{"start":{"line":59,"column":2},"end":{"line":63,"column":3}},{"start":{"line":59,"column":2},"end":{"line":63,"column":3}}],"line":59},"7":{"loc":{"start":{"line":59,"column":6},"end":{"line":59,"column":53}},"type":"binary-expr","locations":[{"start":{"line":59,"column":6},"end":{"line":59,"column":25}},{"start":{"line":59,"column":29},"end":{"line":59,"column":53}}],"line":59},"8":{"loc":{"start":{"line":72,"column":2},"end":{"line":75,"column":3}},"type":"if","locations":[{"start":{"line":72,"column":2},"end":{"line":75,"column":3}},{"start":{"line":72,"column":2},"end":{"line":75,"column":3}}],"line":72},"9":{"loc":{"start":{"line":76,"column":2},"end":{"line":83,"column":3}},"type":"if","locations":[{"start":{"line":76,"column":2},"end":{"line":83,"column":3}},{"start":{"line":76,"column":2},"end":{"line":83,"column":3}}],"line":76},"10":{"loc":{"start":{"line":77,"column":4},"end":{"line":79,"column":5}},"type":"if","locations":[{"start":{"line":77,"column":4},"end":{"line":79,"column":5}},{"start":{"line":77,"column":4},"end":{"line":79,"column":5}}],"line":77},"11":{"loc":{"start":{"line":77,"column":8},"end":{"line":77,"column":59}},"type":"binary-expr","locations":[{"start":{"line":77,"column":8},"end":{"line":77,"column":34}},{"start":{"line":77,"column":38},"end":{"line":77,"column":59}}],"line":77},"12":{"loc":{"start":{"line":80,"column":4},"end":{"line":82,"column":5}},"type":"if","locations":[{"start":{"line":80,"column":4},"end":{"line":82,"column":5}},{"start":{"line":80,"column":4},"end":{"line":82,"column":5}}],"line":80},"13":{"loc":{"start":{"line":80,"column":8},"end":{"line":80,"column":55}},"type":"binary-expr","locations":[{"start":{"line":80,"column":8},"end":{"line":80,"column":32}},{"start":{"line":80,"column":36},"end":{"line":80,"column":55}}],"line":80},"14":{"loc":{"start":{"line":94,"column":4},"end":{"line":96,"column":5}},"type":"if","locations":[{"start":{"line":94,"column":4},"end":{"line":96,"column":5}},{"start":{"line":94,"column":4},"end":{"line":96,"column":5}}],"line":94},"15":{"loc":{"start":{"line":97,"column":4},"end":{"line":130,"column":5}},"type":"switch","locations":[{"start":{"line":99,"column":6},"end":{"line":119,"column":12}},{"start":{"line":120,"column":6},"end":{"line":127,"column":12}},{"start":{"line":128,"column":6},"end":{"line":129,"column":26}}],"line":97},"16":{"loc":{"start":{"line":100,"column":6},"end":{"line":118,"column":7}},"type":"if","locations":[{"start":{"line":100,"column":6},"end":{"line":118,"column":7}},{"start":{"line":100,"column":6},"end":{"line":118,"column":7}}],"line":100},"17":{"loc":{"start":{"line":121,"column":6},"end":{"line":126,"column":7}},"type":"if","locations":[{"start":{"line":121,"column":6},"end":{"line":126,"column":7
[...]
":46,"column":2},"end":{"line":65,"column":3}},"23":{"start":{"line":47,"column":15},"end":{"line":47,"column":62}},"24":{"start":{"line":48,"column":6},"end":{"line":62,"column":7}},"25":{"start":{"line":49,"column":18},"end":{"line":52,"column":9}},"26":{"start":{"line":53,"column":8},"end":{"line":53,"column":69}},"27":{"start":{"line":54,"column":12},"end":{"line":62,"column":7}},"28":{"start":{"line":55,"column":8},"end":{"line":55,"column":151}},"29":{"start":{"line":58,"column":21},"end":{"line":58,"column":58}},"30":{"start":{"line":60,"column":9},"end":{"line":61,"column":26}},"31":{"start":{"line":64,"column":4},"end":{"line":64,"column":12}},"32":{"start":{"line":69,"column":0},"end":{"line":69,"column":24}}},"fnMap":{"0":{"name":"init","decl":{"start":{"line":11,"column":15},"end":{"line":11,"column":19}},"loc":{"start":{"line":11,"column":21},"end":{"line":17,"column":1}},"line":11},"1":{"name":"(anonymous_1)","decl":{"start":{"line":24,"column":6},"end":{"line":24,"column":7}},"loc":{"start":{"line":24,"column":25},"end":{"line":40,"column":1}},"line":24},"2":{"name":"(anonymous_2)","decl":{"start":{"line":44,"column":6},"end":{"line":44,"column":7}},"loc":{"start":{"line":44,"column":24},"end":{"line":66,"column":1}},"line":44}},"branchMap":{"0":{"loc":{"start":{"line":28,"column":4},"end":{"line":35,"column":5}},"type":"if","locations":[{"start":{"line":28,"column":4},"end":{"line":35,"column":5}},{"start":{"line":28,"column":4},"end":{"line":35,"column":5}}],"line":28},"1":{"loc":{"start":{"line":48,"column":6},"end":{"line":62,"column":7}},"type":"if","locations":[{"start":{"line":48,"column":6},"end":{"line":62,"column":7}},{"start":{"line":48,"column":6},"end":{"line":62,"column":7}}],"line":48},"2":{"loc":{"start":{"line":54,"column":12},"end":{"line":62,"column":7}},"type":"if","locations":[{"start":{"line":54,"column":12},"end":{"line":62,"column":7}},{"start":{"line":54,"column":12},"end":{"line":62,"column":7}}],"line":54},"3":{"loc":{"start":{"line":54,"column":15},"end":{"line":54,"column":83}},"type":"binary-expr","locations":[{"start":{"line":54,"column":15},"end":{"line":54,"column":28}},{"start":{"line":54,"column":32},"end":{"line":54,"column":55}},{"start":{"line":54,"column":59},"end":{"line":54,"column":83}}],"line":54}},"s":{"0":1,"1":1,"2":1,"3":1,"4":1,"5":1,"6":1,"7":1,"8":0,"9":1,"10":1,"11":1,"12":0,"13":0,"14":0,"15":0,"16":0,"17":0,"18":0,"19":0,"20":0,"21":1,"22":0,"23":0,"24":0,"25":0,"26":0,"27":0,"28":0,"29":0,"30":0,"31":0,"32":1},"f":{"0":1,"1":0,"2":0},"b":{"0":[0,0],"1":[0,0],"2":[0,0],"3":[0,0,0]},"_coverageSchema":"332fd63041d2c1bcb487cc26dd0d5f7d97098a6c","hash":"84854f3c1a0618bfb44fcf995ecac1d35b1e39ed"}
,"C:\\Users\\prameshkumar\\node_projects\\project1\\apigateway\\utils\\AuthorizationUtil.js": {"path":"C:\\Users\\prameshkumar\\node_projects\\project1\\apigateway\\utils\\AuthorizationUtil.js","statementMap":{"0":{"start":{"line":1,"column":26},"end":{"line":1,"column":54}},"1":{"start":{"line":2,"column":14},"end":{"line":2,"column":40}},"2":{"start":{"line":4,"column":21},"end":{"line":4,"column":25}},"3":{"start":{"line":7,"column":4},"end":{"line":7,"column":73}},"4":{"start":{"line":10,"column":0},"end":{"line":10,"column":7}},"5":{"start":{"line":13,"column":0},"end":{"line":40,"column":1}},"6":{"start":{"line":15,"column":8},"end":{"line":38,"column":9}},"7":{"start":{"line":16,"column":12},"end":{"line":35,"column":13}},"8":{"start":{"line":17,"column":27},"end":{"line":17,"column":52}},"9":{"start":{"line":18,"column":16},"end":{"line":18,"column":35}},"10":{"start":{"line":19,"column":33},"end":{"line":19,"column":89}},"11":{"start":{"line":20,"column":16},"end":{"line":20,"column":41}},"12":{"start":{"line":21,"column":38},"end":{"line":21,"column":59}},"13":{"start":{"line":22,"column":31},"end":{"line":22,"column":49}},"14":{"start":{"line":23,"column":28},"end":{"line":23,"column":46}},"15":{"start":{"line":24,"column":30},"end":{"line":24,"column":80}},"16":{"start":{"line":25,"column":16},"end":{"line":34,"column":17}},"17":{"start":{"line":26,"column":20},"end":{"line":26,"column":44}},"18":{"start":{"line":27,"column":20},"end":{"line":29,"column":21}},"19":{"start":{"line":28,"column":24},"end":{"line":28,"column":31}},"20":{"start":{"line":30,"column":20},"end":{"line":30,"column":27}},"21":{"start":{"line":32,"column":20},"end":{"line":32,"column":67}},"22":{"start":{"line":33,"column":20},"end":{"line":33,"column":67}},"23":{"start":{"line":37,"column":11},"end":{"line":37,"column":19}},"24":{"start":{"line":42,"column":0},"end":{"line":44,"column":1}}},"fnMap":{"0":{"name":"init","decl":{"start":{"line":6,"column":15},"end":{"line":6,"column":19}},"loc":{"start":{"line":6,"column":21},"end":{"line":8,"column":1}},"line":6},"1":{"name":"(anonymous_1)","decl":{"start":{"line":13,"column":12},"end":{"line":13,"column":13}},"loc":{"start":{"line":13,"column":37},"end":{"line":40,"column":1}},"line":13}},"branchMap":{"0":{"loc":{"start":{"line":16,"column":12},"end":{"line":35,"column":13}},"type":"if","locations":[{"start":{"line":16,"column":12},"end":{"line":35,"column":13}},{"start":{"line":16,"column":12},"end":{"line":35,"column":13}}],"line":16},"1":{"loc":{"start":{"line":16,"column":15},"end":{"line":16,"column":55}},"type":"binary-expr","locations":[{"start":{"line":16,"column":15},"end":{"line":16,"column":26}},{"start":{"line":16,"column":30},"end":{"line":16,"column":55}}],"line":16},"2":{"loc":{"start":{"line":25,"column":16},"end":{"line":34,"column":17}},"type":"if","locations":[{"start":{"line":25,"column":16},"end":{"line":34,"column":17}},{"start":{"line":25,"column":16},"end":{"line":34,"column":17}}],"line":25},"3":{"loc":{"start":{"line":27,"column":20},"end":{"line":29,"column":21}},"type":"if","locations":[{"start":{"line":27,"column":20},"end":{"line":29,"column":21}},{"start":{"line":27,"column":20},"end":{"line":29,"column":21}}],"line":27}},"s":{"0":1,"1":1,"2":1,"3":1,"4":1,"5":1,"6":1,"7":1,"8":1,"9":1,"10":1,"11":1,"12":1,"13":1,"14":1,"15":1,"16":1,"17":1,"18":1,"19":1,"20":1,"21":0,"22":0,"23":0,"24":1},"f":{"0":1,"1":1},"b":{"0":[1,0],"1":[1,0],"2":[1,0],"3":[1,0]},"_coverageSchema":"332fd63041d2c1bcb487cc26dd0d5f7d97098a6c","hash":"72018a484eb0845f74d5f19d641e3c423ef2f2a9"}
,"C:\\Users\\prameshkumar\\node_projects\\project1\\apigateway\\utils\\Logger.js": {"path":"C:\\Users\\prameshkumar\\node_projects\\project1\\apigateway\\utils\\Logger.js","statementMap":{"0":{"start":{"line":1,"column":14},"end":{"line":1,"column":32}},"1":{"start":{"line":2,"column":17},"end":{"line":2,"column":47}},"2":{"start":{"line":4,"column":13},"end":{"line":9,"column":2}},"3":{"start":{"line":12,"column":0},"end":{"line":12,"column":24}}},"fnMap":{},"branchMap":{},"s":{"0":1,"1":1,"2":1,"3":1},"f":{},"b":{},"_coverageSchema":"332fd63041d2c1bcb487cc26dd0d5f7d97098a6c","hash":"915995ea2ec8d9d18cf0de563c02a9a4d5e07420"}
,"C:\\Users\\prameshkumar\\node_projects\\project1\\apigateway\\utils\\ObjectUtil.js": {"path":"C:\\Users\\prameshkumar\\node_projects\\project1\\apigateway\\utils\\ObjectUtil.js","statementMap":{"0":{"start":{"line":5,"column":4},"end":{"line":8,"column":5}},"1":{"start":{"line":6,"column":8},"end":{"line":7,"column":23}},"2":{"start":{"line":7,"column":12},"end":{"line":7,"column":23}},"3":{"start":{"line":10,"column":4},"end":{"line":10,"column":16}},"4":{"start":{"line":15,"column":4},"end":{"line":16,"column":20}},"5":{"start":{"line":16,"column":8},"end":{"line":16,"column":20}},"6":{"start":{"line":17,"column":4},"end":{"line":19,"column":5}},"7":{"start":{"line":18,"column":8},"end":{"line":18,"column":20}},"8":{"start":{"line":20,"column":4},"end":{"line":20,"column":17}},"9":{"start":{"line":24,"column":4},"end":{"line":27,"column":5}},"10":{"start":{"line":25,"column":8},"end":{"line":26,"column":28}},"11":{"start":{"line":26,"column":12},"end":{"line":26,"column":28}},"12":{"start":{"line":28,"column":4},"end":{"line":28,"column":15}},"13":{"start":{"line":32,"column":17},"end":{"line":32,"column":60}},"14":{"start":{"line":33,"column":4},"end":{"line":33,"column":54}},"15":{"start":{"line":36,"column":16},"end":{"line":36,"column":18}},"16":{"start":{"line":37,"column":16},"end":{"line":37,"column":43}},"17":{"start":{"line":38,"column":4},"end":{"line":48,"column":5}},"18":{"start":{"line":39,"column":6},"end":{"line":46,"column":11}},"19":{"start":{"line":41,"column":10},"end":{"line":45,"column":11}},"20":{"start":{"line":42,"column":12},"end":{"line":44,"column":13}},"21":{"start":{"line":43,"column":14},"end":{"line":43,"column":32}},"22":{"start":{"line":47,"column":6},"end":{"line":47,"column":44}},"23":{"start":{"line":50,"column":4},"end":{"line":50,"column":17}},"24":{"start":{"line":55,"column":0},"end":{"line":60,"column":1}}},"fnMap":{"0":{"name":"getEmptyKey","decl":{"start":{"line":3,"column":9},"end":{"line":3,"column":20}},"loc":{"start":{"line":3,"column":25},"end":{"line":12,"column":1}},"line":3},"1":{"name":"isEmpty","decl":{"start":{"line":14,"column":9},"end":{"line":14,"column":16}},"loc":{"start":{"line":14,"column":23},"end":{"line":21,"column":1}},"line":14},"2":{"name":"replaceEmptyStringWithNull","decl":{"start":{"line":23,"column":9},"end":{"line":23,"column":35}},"loc":{"start":{"line":23,"column":40},"end":{"line":29,"column":1}},"line":23},"3":{"name":"hasMethod","decl":{"start":{"line":31,"column":9},"end":{"line":31,"column":18}},"loc":{"start":{"line":31,"column":31},"end":{"line":34,"column":3}},"line":31},"4":{"name":"getInstanceMethodNames","decl":{"start":{"line":35,"column":11},"end":{"line":35,"column":33}},"loc":{"start":{"line":35,"column":46},"end":{"line":51,"column":3}},"line":35},"5":{"name":"(anonymous_5)","decl":{"start":{"line":40,"column":18},"end":{"line":40,"column":19}},"loc":{"start":{"line":40,"column":26},"end":{"line":46,"column":9}},"line":40}},"branchMap":{"0":{"loc":{"start":{"line":6,"column":8},"end":{"line":7,"column":23}},"type":"if","locations":[{"start":{"line":6,"column":8},"end":{"line":7,"column":23}},{"start":{"line":6,"column":8},"end":{"line":7,"column":23}}],"line":6},"1":{"loc":{"start":{"line":15,"column":4},"end":{"line":16,"column":20}},"type":"if","locations":[{"start":{"line":15,"column":4},"end":{"line":16,"column":20}},{"start":{"line":15,"column":4},"end":{"line":16,"column":20}}],"line":15},"2":{"loc":{"start":{"line":15,"column":7},"end":{"line":15,"column":42}},"type":"binary-expr","locations":[{"start":{"line":15,"column":7},"end":{"line":15,"column":24}},{"start":{"line":15,"column":28},"end":{"line":15,"column":42}}],"line":15},"3":{"loc":{"start":{"line":17,"column":4},"end":{"line":19,"column":5}},"type":"if","locations":[{"start":{"line":17,"column":4},"end":{"line":19,"column":5}},{"start":{"line":17,"column":4},"end":{"line":19,"column":5}}],"line":17},"4":{"loc":{"start":{"line":17,"column":7},"end":{"line":17,"column":56}},"type":"binary-expr","locations":[{"start":{"line":17,"column":7},"end":{"line":17,"column":33}},{"start":{"line":17,"column":37},"end":{"line":17,"column":56}}],"line":17},"5":{"loc":{"start":{"line":25,"column":8},"end":{"line":26,"column":28}},"type":"if","locations":[{"start":{"line":25,"column":8},"end":{"line":26,"column":28}},{"start":{"line":25,"column":8},"end":{"line":26,"column":28}}],"line":25},"6":{"loc":{"start":{"line":33,"column":11},"end":{"line":33,"column":53}},"type":"binary-expr","locations":[{"start":{"line":33,"column":11},"end":{"line":33,"column":17}},{"start":{"line":33,"column":21},"end":{"line":33,"column":53}}],"line":33},"7":{"loc":{"start":{"line":38,"column":11},"end":{"line":38,"column":34}},"type":"binary-expr","locations":[{"start":{"line":38,"column":11},"end":{"line":38,"column":16}},{"start":{"line":38,"column":20},"end":{"line":38,"column":34}}],"line":38},"8":{"loc":{"start":{"line":41,"column":10},"end":{"line":45,"column":11}},"type":"if","locations":[{"start":{"line":41,"column":10},"end":{"line":45,"column":11}},{"start":{"line":41,"column":10},"end":{"line":45,"column":11}}],"line":41},"9":{"loc":{"start":{"line":42,"column":12},"end":{"line":44,"column":13}},"type":"if","locations":[{"start":{"line":42,"column":12},"end":{"line":44,"column":13}},{"start":{"line":42,"column":12},"end":{"line":44,"column":13}}],"line":42}},"s":{"0":0,"1":0,"2":0,"3":0,"4":0,"5":0,"6":0,"7":0,"8":0,"9":0,"10":0,"11":0,"12":0,"13":118,"14":118,"15":4,"16":4,"17":4,"18":8,"19":122,"20":118,"21":114,"22":8,"23":4,"24":1},"f":{"0":0,"1":0,"2":0,"3":118,"4":4,"5":122},"b":{"0":[0,0],"1":[0,0],"2":[0,0],"3":[0,0],"4":[0,0],"5":[0,0],"6":[118,118],"7":[12,8],"8":[118,4],"9":[114,4]},"_coverageSchema":"332fd63041d2c1bcb487cc26dd0d5f7d97098a6c","hash":"1db54469181d6e45e4815636d45b767e53c6dba0"}
,"C:\\Users\\prameshkumar\\node_projects\\project1\\apigateway\\utils\\ServiceInvoker.js": {"path":"C:\\Users\\prameshkumar\\node_projects\\project1\\apigateway\\utils\\ServiceInvoker.js","statementMap":{"0":{"start":{"line":1,"column":22},"end":{"line":1,"column":57}},"1":{"start":{"line":2,"column":22},"end":{"line":2,"column":57}},"2":{"start":{"line":3,"column":18},"end":{"line":3,"column":47}},"3":{"start":{"line":4,"column":18},"end":{"line":4,"column":47}},"4":{"start":{"line":5,"column":20},"end":{"line":5,"column":43}},"5":{"start":{"line":6,"column":17},"end":{"line":6,"column":40}},"6":{"start":{"line":7,"column":13},"end":{"line":7,"column":32}},"7":{"start":{"line":9,"column":13},"end":{"line":9,"column":30}},"8":{"start":{"line":13,"column":4},"end":{"line":30,"column":7}},"9":{"start":{"line":14,"column":7},"end":{"line":29,"column":8}},"10":{"start":{"line":15,"column":25},"end":{"line":15,"column":29}},"11":{"start":{"line":16,"column":10},"end":{"line":28,"column":11}},"12":{"start":{"line":17,"column":12},"end":{"line":17,"column":55}},"13":{"start":{"line":18,"column":12},"end":{"line":18,"column":77}},"14":{"start":{"line":19,"column":28},"end":{"line":19,"column":73}},"15":{"start":{"line":20,"column":24},"end":{"line":20,"column":54}},"16":{"start":{"line":21,"column":12},"end":{"line":21,"column":61}},"17":{"start":{"line":22,"column":12},"end":{"line":22,"column":26}},"18":{"start":{"line":24,"column":12},"end":{"line":24,"column":20}},"19":{"start":{"line":26,"column":12},"end":{"line":27,"column":50}},"20":{"start":{"line":27,"column":15},"end":{"line":27,"column":50}},"21":{"start":{"line":36,"column":16},"end":{"line":36,"column":41}},"22":{"start":{"line":37,"column":15},"end":{"line":37,"column":37}},"23":{"start":{"line":41,"column":0},"end":{"line":59,"column":1}},"24":{"start":{"line":42,"column":2},"end":{"line":58,"column":4}},"25":{"start":{"line":44,"column":23},"end":{"line":47,"column":8}},"26":{"start":{"line":48,"column":6},"end":{"line":50,"column":9}},"27":{"start":{"line":49,"column":8},"end":{"line":49,"column":114}},"28":{"start":{"line":51,"column":6},"end":{"line":51,"column":142}},"29":{"start":{"line":52,"column":6},"end":{"line":52,"column":24}},"30":{"start":{"line":55,"column":6},"end":{"line":55,"column":66}},"31":{"start":{"line":56,"column":6},"end":{"line":56,"column":23}},"32":{"start":{"line":62,"column":22},"end":{"line":62,"column":154}},"33":{"start":{"line":65,"column":18},"end":{"line":65,"column":22}},"34":{"start":{"line":67,"column":0},"end":{"line":77,"column":1}},"35":{"start":{"line":68,"column":2},"end":{"line":76,"column":3}},"36":{"start":{"line":69,"column":4},"end":{"line":69,"column":23}},"37":{"start":{"line":71,"column":21},"end":{"line":71,"column":52}},"38":{"start":{"line":72,"column":18},"end":{"line":72,"column":75}},"39":{"start":{"line":73,"column":4},"end":{"line":73,"column":80}},"40":{"start":{"line":74,"column":4},"end":{"line":74,"column":40}},"41":{"start":{"line":75,"column":4},"end":{"line":75,"column":23}},"42":{"start":{"line":81,"column":22},"end":{"line":81,"column":154}},"43":{"start":{"line":83,"column":18},"end":{"line":83,"column":22}},"44":{"start":{"line":85,"column":0},"end":{"line":95,"column":1}},"45":{"start":{"line":86,"column":2},"end":{"line":94,"column":3}},"46":{"start":{"line":87,"column":4},"end":{"line":87,"column":23}},"47":{"start":{"line":89,"column":21},"end":{"line":89,"column":52}},"48":{"start":{"line":90,"column":19},"end":{"line":90,"column":71}},"49":{"start":{"line":91,"column":4},"end":{"line":91,"column":79}},"50":{"start":{"line":92,"column":4},"end":{"line":92,"column":40}},"51":{"start":{"line":93,"column":4},"end":{"line":93,"column":23}},"52":{"start":{"line":98,"column":0},"end":{"line":101,"column":1}},"53":{"start":{"line":99,"column":2},"end":{"line":99,"column":19}},"54":{"start":{"line":100,"column":2},"end":{"line":100,"column":19}},"55":{"start":{"line":103,"column":0},"end":{"line":103,"column":7}},"56":{"start":{"line":105,"column":0},"end":{"line":108,"column":1}}},"fnMap":{"0":{"name":"(anonymous_0)","decl":{"start":{"line":12,"column":2},"end":{"line":12,"column":3}},"loc":{"start":{"line":12,"column":42},"end":{"line":31,"column":3}},"line":12},"1":{"name":"(anonymous_1)","decl":{"start":{"line":13,"column":51},"end":{"line":13,"column":52}},"loc":{"start":{"line":13,"column":57},"end":{"line":30,"column":5}},"line":13},"2":{"name":"(anonymous_2)","decl":{"start":{"line":14,"column":20},"end":{"line":14,"column":21}},"loc":{"start":{"line":14,"column":36},"end":{"line":29,"column":8}},"line":14},"3":{"name":"(anonymous_3)","decl":{"start":{"line":41,"column":20},"end":{"line":41,"column":21}},"loc":{"start":{"line":41,"column":29},"end":{"line":59,"column":1}},"line":41},"4":{"name":"(anonymous_4)","decl":{"start":{"line":43,"column":13},"end":{"line":43,"column":14}},"loc":{"start":{"line":43,"column":18},"end":{"line":53,"column":5}},"line":43},"5":{"name":"(anonymous_5)","decl":{"start":{"line":48,"column":29},"end":{"line":48,"column":30}},"loc":{"start":{"line":48,"column":32},"end":{"line":50,"column":7}},"line":48},"6":{"name":"(anonymous_6)","decl":{"start":{"line":54,"column":13},"end":{"line":54,"column":14}},"loc":{"start":{"line":54,"column":28},"end":{"line":57,"column":5}},"line":54},"7":{"name":"(anonymous_7)","decl":{"start":{"line":67,"column":16},"end":{"line":67,"column":17}},"loc":{"start":{"line":67,"column":25},"end":{"line":77,"column":1}},"line":67},"8":{"name":"(anonymous_8)","decl":{"start":{"line":85,"column":16},"end":{"line":85,"column":17}},"loc":{"start":{"line":85,"column":25},"end":{"line":95,"column":1}},"line":85},"9":{"name":"(anonymous_9)","decl":{"start":{"line":98,"column":7},"end":{"line":98,"column":8}},"loc":{"start":{"line":98,"column":12},"end":{"line":101,"column":1}},"line":98}},"branchMap":{"0":{"loc":{"start":{"line":26,"column":12},"end":{"line":27,"column":50}},"type":"if","locations":[{"start":{"line":26,"column":12},"end":{"line":27,"column":50}},{"start":{"line":26,"column":12},"end":{"line":27,"column":50}}],"line":26},"1":{"loc":{"start":{"line":68,"column":2},"end":{"line":76,"column":3}},"type":"if","locations":[{"start":{"line":68,"column":2},"end":{"line":76,"column":3}},{"start":{"line":68,"column":2},"end":{"line":76,"column":3}}],"line":68},"2":{"loc":{"start":{"line":86,"column":2},"end":{"line":94,"column":3}},"type":"if","locations":[{"start":{"line":86,"column":2},"end":{"line":94,"column":3}},{"start":{"line":86,"column":2},"end":{"line":94,"column":3}}],"line":86}},"s":{"0":1,"1":1,"2":1,"3":1,"4":1,"5":1,"6":1,"7":1,"8":4,"9":114,"10":2,"11":2,"12":2,"13":2,"14":2,"15":2,"16":2,"17":2,"18":0,"19":2,"20":2,"21":1,"22":1,"23":1,"24":2,"25":4,"26":4,"27":0,"28":4,"29":4,"30":0,"31":0,"32":1,"33":1,"34":1,"35":2,"36":0,"37":2,"38":2,"39":2,"40":2,"41":2,"42":1,"43":1,"44":1,"45":2,"46":0,"47":2,"48":2,"49":2,"50":2,"51":2,"52":1,"53":1,"54":1,"55":1,"56":1},"f":{"0":4,"1":114,"2":2,"3":2,"4":4,"5":0,"6":0,"7":2,"8":2,"9":1},"b":{"0":[2,0],"1":[0,2],"2":[0,2]},"_coverageSchema":"332fd63041d2c1bcb487cc26dd0d5f7d97098a6c","hash":"dde08fec6df79738f2e586873b22d15aacb08441"}
}
