TN:
SF:C:\Users\prameshkumar\node_projects\project1\apigateway\app.js
FN:34,(anonymous_0)
FN:48,(anonymous_1)
FNF:2
FNH:1
FNDA:1,(anonymous_0)
FNDA:0,(anonymous_1)
DA:1,1
DA:2,1
DA:3,1
DA:4,1
DA:5,1
DA:6,1
DA:7,1
DA:8,1
DA:11,1
DA:12,1
DA:13,1
DA:16,1
DA:19,1
DA:21,1
DA:23,1
DA:28,1
DA:29,1
DA:30,1
DA:31,1
DA:32,1
DA:34,1
DA:35,1
DA:36,1
DA:38,1
DA:39,0
DA:42,1
DA:48,1
DA:49,0
DA:50,0
DA:51,0
DA:52,0
DA:53,0
DA:57,1
DA:58,1
DA:59,1
DA:61,1
LF:36
LH:30
BRDA:21,0,0,1
BRDA:21,0,1,0
BRDA:38,1,0,0
BRDA:38,1,1,1
BRDA:50,2,0,0
BRDA:50,2,1,0
BRDA:50,3,0,0
BRDA:50,3,1,0
BRDA:51,4,0,0
BRDA:51,4,1,0
BRDA:51,5,0,0
BRDA:51,5,1,0
BRF:12
BRH:2
end_of_record
TN:
SF:C:\Users\prameshkumar\node_projects\project1\apigateway\api\BookService.js
FN:16,(anonymous_0)
FN:25,(anonymous_1)
FN:57,(anonymous_2)
FN:69,(anonymous_3)
FN:86,(anonymous_4)
FN:137,(anonymous_5)
FN:163,(anonymous_6)
FN:172,(anonymous_7)
FN:204,(anonymous_8)
FN:216,(anonymous_9)
FN:233,(anonymous_10)
FN:271,(anonymous_11)
FN:288,(anonymous_12)
FN:297,(anonymous_13)
FN:330,(anonymous_14)
FN:342,(anonymous_15)
FN:359,(anonymous_16)
FN:397,(anonymous_17)
FN:414,(anonymous_18)
FN:423,(anonymous_19)
FN:456,(anonymous_20)
FN:468,(anonymous_21)
FN:485,(anonymous_22)
FN:523,(anonymous_23)
FN:540,(anonymous_24)
FN:549,(anonymous_25)
FN:581,(anonymous_26)
FN:593,(anonymous_27)
FN:610,(anonymous_28)
FN:647,(anonymous_29)
FN:664,(anonymous_30)
FN:671,(anonymous_31)
FN:672,(anonymous_32)
FN:673,(anonymous_33)
FN:677,(anonymous_34)
FN:692,(anonymous_35)
FN:704,(anonymous_36)
FN:705,(anonymous_37)
FN:725,(anonymous_38)
FN:729,(anonymous_39)
FN:744,(anonymous_40)
FN:756,(anonymous_41)
FN:757,(anonymous_42)
FN:777,(anonymous_43)
FN:781,(anonymous_44)
FN:796,(anonymous_45)
FN:808,(anonymous_46)
FN:809,(anonymous_47)
FN:829,(anonymous_48)
FN:833,(anonymous_49)
FN:848,(anonymous_50)
FN:860,(anonymous_51)
FN:861,(anonymous_52)
FN:881,(anonymous_53)
FN:885,(anonymous_54)
FN:900,(anonymous_55)
FN:912,(anonymous_56)
FN:913,(anonymous_57)
FN:933,(anonymous_58)
FN:937,(anonymous_59)
FN:952,(anonymous_60)
FN:958,(anonymous_61)
FN:964,(anonymous_62)
FN:978,(anonymous_63)
FN:993,(anonymous_64)
FN:999,(anonymous_65)
FN:1005,(anonymous_66)
FN:1019,(anonymous_67)
FN:1034,(anonymous_68)
FN:1040,(anonymous_69)
FN:1046,(anonymous_70)
FN:1060,(anonymous_71)
FN:1075,(anonymous_72)
FN:1081,(anonymous_73)
FN:1087,(anonymous_74)
FN:1101,(anonymous_75)
FN:1116,(anonymous_76)
FN:1122,(anonymous_77)
FN:1128,(anonymous_78)
FN:1142,(anonymous_79)
FNF:80
FNH:11
FNDA:1,(anonymous_0)
FNDA:0,(anonymous_1)
FNDA:1,(anonymous_2)
FNDA:2,(anonymous_3)
FNDA:2,(anonymous_4)
FNDA:0,(anonymous_5)
FNDA:0,(anonymous_6)
FNDA:0,(anonymous_7)
FNDA:0,(anonymous_8)
FNDA:0,(anonymous_9)
FNDA:0,(anonymous_10)
FNDA:0,(anonymous_11)
FNDA:0,(anonymous_12)
FNDA:0,(anonymous_13)
FNDA:0,(anonymous_14)
FNDA:0,(anonymous_15)
FNDA:0,(anonymous_16)
FNDA:0,(anonymous_17)
FNDA:0,(anonymous_18)
FNDA:0,(anonymous_19)
FNDA:0,(anonymous_20)
FNDA:0,(anonymous_21)
FNDA:0,(anonymous_22)
FNDA:0,(anonymous_23)
FNDA:0,(anonymous_24)
FNDA:0,(anonymous_25)
FNDA:0,(anonymous_26)
FNDA:0,(anonymous_27)
FNDA:0,(anonymous_28)
FNDA:0,(anonymous_29)
FNDA:3,(anonymous_30)
FNDA:2,(anonymous_31)
FNDA:1,(anonymous_32)
FNDA:1,(anonymous_33)
FNDA:1,(anonymous_34)
FNDA:1,(anonymous_35)
FNDA:2,(anonymous_36)
FNDA:0,(anonymous_37)
FNDA:0,(anonymous_38)
FNDA:0,(anonymous_39)
FNDA:0,(anonymous_40)
FNDA:0,(anonymous_41)
FNDA:0,(anonymous_42)
FNDA:0,(anonymous_43)
FNDA:0,(anonymous_44)
FNDA:0,(anonymous_45)
FNDA:0,(anonymous_46)
FNDA:0,(anonymous_47)
FNDA:0,(anonymous_48)
FNDA:0,(anonymous_49)
FNDA:0,(anonymous_50)
FNDA:0,(anonymous_51)
FNDA:0,(anonymous_52)
FNDA:0,(anonymous_53)
FNDA:0,(anonymous_54)
FNDA:0,(anonymous_55)
FNDA:0,(anonymous_56)
FNDA:0,(anonymous_57)
FNDA:0,(anonymous_58)
FNDA:0,(anonymous_59)
FNDA:0,(anonymous_60)
FNDA:0,(anonymous_61)
FNDA:0,(anonymous_62)
FNDA:0,(anonymous_63)
FNDA:0,(anonymous_64)
FNDA:0,(anonymous_65)
FNDA:0,(anonymous_66)
FNDA:0,(anonymous_67)
FNDA:0,(anonymous_68)
FNDA:0,(anonymous_69)
FNDA:0,(anonymous_70)
FNDA:0,(anonymous_71)
FNDA:0,(anonymous_72)
FNDA:0,(anonymous_73)
FNDA:0,(anonymous_74)
FNDA:0,(anonymous_75)
FNDA:0,(anonymous_76)
FNDA:0,(anonymous_77)
FNDA:0,(anonymous_78)
FNDA:0,(anonymous_79)
DA:8,1
DA:9,1
DA:10,1
DA:13,1
DA:16,1
DA:17,1
DA:18,1
DA:19,1
DA:20,0
DA:24,1
DA:25,1
DA:26,0
DA:27,0
DA:29,0
DA:30,0
DA:31,0
DA:32,0
DA:33,0
DA:34,0
DA:36,0
DA:39,0
DA:40,0
DA:42,0
DA:44,0
DA:46,0
DA:47,0
DA:49,0
DA:51,0
DA:53,0
DA:54,0
DA:57,1
DA:58,1
DA:59,1
DA:60,0
DA:61,0
DA:62,0
DA:64,1
DA:65,1
DA:66,1
DA:69,1
DA:70,2
DA:71,2
DA:72,2
DA:73,0
DA:74,0
DA:76,2
DA:77,0
DA:78,0
DA:80,0
DA:81,0
DA:85,1
DA:86,1
DA:87,2
DA:88,2
DA:90,3
DA:91,3
DA:92,3
DA:93,3
DA:94,3
DA:95,1
DA:97,2
DA:100,2
DA:101,2
DA:103,2
DA:104,2
DA:105,2
DA:106,2
DA:107,2
DA:108,2
DA:110,94
DA:111,94
DA:112,94
DA:113,93
DA:115,1
DA:117,0
DA:119,1
DA:121,0
DA:122,0
DA:123,0
DA:125,0
DA:127,0
DA:129,0
DA:131,1
DA:133,1
DA:134,1
DA:137,1
DA:138,0
DA:139,0
DA:140,0
DA:141,0
DA:142,0
DA:144,0
DA:146,0
DA:147,0
DA:150,0
DA:151,0
DA:153,0
DA:154,0
DA:155,0
DA:156,0
DA:158,0
DA:159,0
DA:160,0
DA:163,1
DA:164,0
DA:165,0
DA:166,0
DA:167,0
DA:171,1
DA:172,1
DA:173,0
DA:174,0
DA:176,0
DA:177,0
DA:178,0
DA:179,0
DA:180,0
DA:181,0
DA:183,0
DA:186,0
DA:187,0
DA:189,0
DA:191,0
DA:193,0
DA:194,0
DA:196,0
DA:198,0
DA:200,0
DA:201,0
DA:204,1
DA:205,0
DA:206,0
DA:207,0
DA:208,0
DA:209,0
DA:211,0
DA:212,0
DA:213,0
DA:216,1
DA:217,0
DA:218,0
DA:219,0
DA:220,0
DA:221,0
DA:223,0
DA:224,0
DA:225,0
DA:227,0
DA:228,0
DA:232,1
DA:233,1
DA:234,0
DA:235,0
DA:237,0
DA:238,0
DA:239,0
DA:240,0
DA:241,0
DA:242,0
DA:244,0
DA:247,0
DA:248,0
DA:249,0
DA:251,0
DA:253,0
DA:255,0
DA:256,0
DA:257,0
DA:259,0
DA:261,0
DA:263,0
DA:265,0
DA:267,0
DA:268,0
DA:271,1
DA:272,0
DA:273,0
DA:274,0
DA:275,0
DA:276,0
DA:278,0
DA:279,0
DA:280,0
DA:281,0
DA:283,0
DA:284,0
DA:285,0
DA:288,1
DA:289,0
DA:290,0
DA:291,0
DA:292,0
DA:296,1
DA:297,1
DA:298,0
DA:299,0
DA:301,0
DA:302,0
DA:303,0
DA:304,0
DA:305,0
DA:306,0
DA:308,0
DA:311,0
DA:312,0
DA:313,0
DA:315,0
DA:317,0
DA:319,0
DA:320,0
DA:322,0
DA:324,0
DA:326,0
DA:327,0
DA:330,1
DA:331,0
DA:332,0
DA:333,0
DA:334,0
DA:335,0
DA:337,0
DA:338,0
DA:339,0
DA:342,1
DA:343,0
DA:344,0
DA:345,0
DA:346,0
DA:347,0
DA:349,0
DA:350,0
DA:351,0
DA:353,0
DA:354,0
DA:358,1
DA:359,1
DA:360,0
DA:361,0
DA:363,0
DA:364,0
DA:365,0
DA:366,0
DA:367,0
DA:368,0
DA:370,0
DA:373,0
DA:374,0
DA:375,0
DA:377,0
DA:379,0
DA:381,0
DA:382,0
DA:383,0
DA:385,0
DA:387,0
DA:389,0
DA:391,0
DA:393,0
DA:394,0
DA:397,1
DA:398,0
DA:399,0
DA:400,0
DA:401,0
DA:402,0
DA:404,0
DA:405,0
DA:406,0
DA:407,0
DA:409,0
DA:410,0
DA:411,0
DA:414,1
DA:415,0
DA:416,0
DA:417,0
DA:418,0
DA:422,1
DA:423,1
DA:424,0
DA:425,0
DA:427,0
DA:428,0
DA:429,0
DA:430,0
DA:431,0
DA:432,0
DA:434,0
DA:437,0
DA:438,0
DA:439,0
DA:441,0
DA:443,0
DA:445,0
DA:446,0
DA:448,0
DA:450,0
DA:452,0
DA:453,0
DA:456,1
DA:457,0
DA:458,0
DA:459,0
DA:460,0
DA:461,0
DA:463,0
DA:464,0
DA:465,0
DA:468,1
DA:469,0
DA:470,0
DA:471,0
DA:472,0
DA:473,0
DA:475,0
DA:476,0
DA:477,0
DA:479,0
DA:480,0
DA:484,1
DA:485,1
DA:486,0
DA:487,0
DA:489,0
DA:490,0
DA:491,0
DA:492,0
DA:493,0
DA:494,0
DA:496,0
DA:499,0
DA:500,0
DA:501,0
DA:503,0
DA:505,0
DA:507,0
DA:508,0
DA:509,0
DA:511,0
DA:513,0
DA:515,0
DA:517,0
DA:519,0
DA:520,0
DA:523,1
DA:524,0
DA:525,0
DA:526,0
DA:527,0
DA:528,0
DA:530,0
DA:531,0
DA:532,0
DA:533,0
DA:535,0
DA:536,0
DA:537,0
DA:540,1
DA:541,0
DA:542,0
DA:543,0
DA:544,0
DA:548,1
DA:549,1
DA:550,0
DA:551,0
DA:553,0
DA:554,0
DA:555,0
DA:556,0
DA:557,0
DA:558,0
DA:560,0
DA:563,0
DA:564,0
DA:566,0
DA:568,0
DA:570,0
DA:571,0
DA:573,0
DA:575,0
DA:577,0
DA:578,0
DA:581,1
DA:582,0
DA:583,0
DA:584,0
DA:585,0
DA:586,0
DA:588,0
DA:589,0
DA:590,0
DA:593,1
DA:594,0
DA:595,0
DA:596,0
DA:597,0
DA:598,0
DA:600,0
DA:601,0
DA:602,0
DA:604,0
DA:605,0
DA:609,1
DA:610,1
DA:611,0
DA:612,0
DA:614,0
DA:615,0
DA:616,0
DA:617,0
DA:618,0
DA:619,0
DA:621,0
DA:624,0
DA:625,0
DA:627,0
DA:629,0
DA:631,0
DA:632,0
DA:633,0
DA:635,0
DA:637,0
DA:639,0
DA:641,0
DA:643,0
DA:644,0
DA:647,1
DA:648,0
DA:649,0
DA:650,0
DA:651,0
DA:652,0
DA:654,0
DA:655,0
DA:656,0
DA:657,0
DA:659,0
DA:660,0
DA:661,0
DA:664,1
DA:665,3
DA:666,3
DA:667,3
DA:668,3
DA:670,1
DA:671,2
DA:672,1
DA:673,1
DA:674,1
DA:675,1
DA:676,1
DA:677,1
DA:678,1
DA:679,0
DA:681,1
DA:684,1
DA:685,1
DA:687,0
DA:688,0
DA:692,1
DA:693,1
DA:694,1
DA:695,1
DA:698,1
DA:699,1
DA:700,1
DA:701,1
DA:704,1
DA:705,2
DA:706,2
DA:707,2
DA:708,0
DA:709,0
DA:710,0
DA:711,0
DA:713,2
DA:714,2
DA:715,1
DA:717,1
DA:718,0
DA:720,1
DA:721,1
DA:723,0
DA:725,1
DA:726,0
DA:727,0
DA:728,0
DA:729,0
DA:730,0
DA:731,0
DA:733,0
DA:736,0
DA:737,0
DA:739,0
DA:740,0
DA:744,1
DA:745,0
DA:746,0
DA:747,0
DA:750,0
DA:751,0
DA:752,0
DA:753,0
DA:756,1
DA:757,0
DA:758,0
DA:759,0
DA:760,0
DA:761,0
DA:762,0
DA:763,0
DA:765,0
DA:766,0
DA:767,0
DA:769,0
DA:770,0
DA:772,0
DA:773,0
DA:775,0
DA:777,1
DA:778,0
DA:779,0
DA:780,0
DA:781,0
DA:782,0
DA:783,0
DA:785,0
DA:788,0
DA:789,0
DA:791,0
DA:792,0
DA:796,1
DA:797,0
DA:798,0
DA:799,0
DA:802,0
DA:803,0
DA:804,0
DA:805,0
DA:808,1
DA:809,0
DA:810,0
DA:811,0
DA:812,0
DA:813,0
DA:814,0
DA:815,0
DA:817,0
DA:818,0
DA:819,0
DA:821,0
DA:822,0
DA:824,0
DA:825,0
DA:827,0
DA:829,1
DA:830,0
DA:831,0
DA:832,0
DA:833,0
DA:834,0
DA:835,0
DA:837,0
DA:840,0
DA:841,0
DA:843,0
DA:844,0
DA:848,1
DA:849,0
DA:850,0
DA:851,0
DA:854,0
DA:855,0
DA:856,0
DA:857,0
DA:860,1
DA:861,0
DA:862,0
DA:863,0
DA:864,0
DA:865,0
DA:866,0
DA:867,0
DA:869,0
DA:870,0
DA:871,0
DA:873,0
DA:874,0
DA:876,0
DA:877,0
DA:879,0
DA:881,1
DA:882,0
DA:883,0
DA:884,0
DA:885,0
DA:886,0
DA:887,0
DA:889,0
DA:892,0
DA:893,0
DA:895,0
DA:896,0
DA:900,1
DA:901,0
DA:902,0
DA:903,0
DA:906,0
DA:907,0
DA:908,0
DA:909,0
DA:912,1
DA:913,0
DA:914,0
DA:915,0
DA:916,0
DA:917,0
DA:918,0
DA:919,0
DA:921,0
DA:922,0
DA:923,0
DA:925,0
DA:926,0
DA:928,0
DA:929,0
DA:931,0
DA:933,1
DA:934,0
DA:937,1
DA:938,0
DA:939,0
DA:940,0
DA:942,0
DA:943,0
DA:944,0
DA:945,0
DA:946,0
DA:947,0
DA:948,0
DA:952,1
DA:953,0
DA:954,0
DA:955,0
DA:956,0
DA:957,0
DA:959,0
DA:960,0
DA:961,0
DA:962,0
DA:963,0
DA:966,0
DA:967,0
DA:968,0
DA:970,0
DA:971,0
DA:973,0
DA:974,0
DA:975,0
DA:978,0
DA:980,0
DA:981,0
DA:982,0
DA:984,0
DA:985,0
DA:987,0
DA:988,0
DA:989,0
DA:993,1
DA:994,0
DA:995,0
DA:996,0
DA:997,0
DA:998,0
DA:1000,0
DA:1001,0
DA:1002,0
DA:1003,0
DA:1004,0
DA:1007,0
DA:1008,0
DA:1009,0
DA:1011,0
DA:1012,0
DA:1014,0
DA:1015,0
DA:1016,0
DA:1019,0
DA:1021,0
DA:1022,0
DA:1023,0
DA:1025,0
DA:1026,0
DA:1028,0
DA:1029,0
DA:1030,0
DA:1034,1
DA:1035,0
DA:1036,0
DA:1037,0
DA:1038,0
DA:1039,0
DA:1041,0
DA:1042,0
DA:1043,0
DA:1044,0
DA:1045,0
DA:1048,0
DA:1049,0
DA:1050,0
DA:1052,0
DA:1053,0
DA:1055,0
DA:1056,0
DA:1057,0
DA:1060,0
DA:1062,0
DA:1063,0
DA:1064,0
DA:1066,0
DA:1067,0
DA:1069,0
DA:1070,0
DA:1071,0
DA:1075,1
DA:1076,0
DA:1077,0
DA:1078,0
DA:1079,0
DA:1080,0
DA:1082,0
DA:1083,0
DA:1084,0
DA:1085,0
DA:1086,0
DA:1089,0
DA:1090,0
DA:1091,0
DA:1093,0
DA:1094,0
DA:1096,0
DA:1097,0
DA:1098,0
DA:1101,0
DA:1103,0
DA:1104,0
DA:1105,0
DA:1107,0
DA:1108,0
DA:1110,0
DA:1111,0
DA:1112,0
DA:1116,1
DA:1117,0
DA:1118,0
DA:1119,0
DA:1120,0
DA:1121,0
DA:1123,0
DA:1124,0
DA:1125,0
DA:1126,0
DA:1127,0
DA:1130,0
DA:1131,0
DA:1132,0
DA:1134,0
DA:1135,0
DA:1137,0
DA:1138,0
DA:1139,0
DA:1142,0
DA:1144,0
DA:1145,0
DA:1146,0
DA:1148,0
DA:1149,0
DA:1151,0
DA:1152,0
DA:1153,0
LF:781
LH:136
BRDA:18,0,0,1
BRDA:18,0,1,0
BRDA:19,1,0,0
BRDA:19,1,1,1
BRDA:19,2,0,1
BRDA:19,2,1,0
BRDA:33,3,0,0
BRDA:33,3,1,0
BRDA:36,4,0,0
BRDA:36,4,1,0
BRDA:36,4,2,0
BRDA:39,5,0,0
BRDA:39,5,1,0
BRDA:59,6,0,0
BRDA:59,6,1,1
BRDA:59,7,0,1
BRDA:59,7,1,0
BRDA:72,8,0,0
BRDA:72,8,1,2
BRDA:76,9,0,0
BRDA:76,9,1,2
BRDA:77,10,0,0
BRDA:77,10,1,0
BRDA:77,11,0,0
BRDA:77,11,1,0
BRDA:80,12,0,0
BRDA:80,12,1,0
BRDA:80,13,0,0
BRDA:80,13,1,0
BRDA:94,14,0,1
BRDA:94,14,1,2
BRDA:97,15,0,2
BRDA:97,15,1,0
BRDA:97,15,2,0
BRDA:100,16,0,2
BRDA:100,16,1,0
BRDA:121,17,0,0
BRDA:121,17,1,0
BRDA:139,18,0,0
BRDA:139,18,1,0
BRDA:139,19,0,0
BRDA:139,19,1,0
BRDA:144,20,0,0
BRDA:144,20,1,0
BRDA:153,21,0,0
BRDA:153,21,1,0
BRDA:153,22,0,0
BRDA:153,22,1,0
BRDA:165,23,0,0
BRDA:165,23,1,0
BRDA:166,24,0,0
BRDA:166,24,1,0
BRDA:166,25,0,0
BRDA:166,25,1,0
BRDA:180,26,0,0
BRDA:180,26,1,0
BRDA:183,27,0,0
BRDA:183,27,1,0
BRDA:183,27,2,0
BRDA:186,28,0,0
BRDA:186,28,1,0
BRDA:206,29,0,0
BRDA:206,29,1,0
BRDA:206,30,0,0
BRDA:206,30,1,0
BRDA:219,31,0,0
BRDA:219,31,1,0
BRDA:223,32,0,0
BRDA:223,32,1,0
BRDA:224,33,0,0
BRDA:224,33,1,0
BRDA:224,34,0,0
BRDA:224,34,1,0
BRDA:227,35,0,0
BRDA:227,35,1,0
BRDA:227,36,0,0
BRDA:227,36,1,0
BRDA:241,37,0,0
BRDA:241,37,1,0
BRDA:244,38,0,0
BRDA:244,38,1,0
BRDA:244,38,2,0
BRDA:247,39,0,0
BRDA:247,39,1,0
BRDA:255,40,0,0
BRDA:255,40,1,0
BRDA:273,41,0,0
BRDA:273,41,1,0
BRDA:273,42,0,0
BRDA:273,42,1,0
BRDA:278,43,0,0
BRDA:278,43,1,0
BRDA:278,44,0,0
BRDA:278,44,1,0
BRDA:290,45,0,0
BRDA:290,45,1,0
BRDA:291,46,0,0
BRDA:291,46,1,0
BRDA:291,47,0,0
BRDA:291,47,1,0
BRDA:305,48,0,0
BRDA:305,48,1,0
BRDA:308,49,0,0
BRDA:308,49,1,0
BRDA:308,49,2,0
BRDA:311,50,0,0
BRDA:311,50,1,0
BRDA:332,51,0,0
BRDA:332,51,1,0
BRDA:332,52,0,0
BRDA:332,52,1,0
BRDA:345,53,0,0
BRDA:345,53,1,0
BRDA:349,54,0,0
BRDA:349,54,1,0
BRDA:350,55,0,0
BRDA:350,55,1,0
BRDA:350,56,0,0
BRDA:350,56,1,0
BRDA:353,57,0,0
BRDA:353,57,1,0
BRDA:353,58,0,0
BRDA:353,58,1,0
BRDA:367,59,0,0
BRDA:367,59,1,0
BRDA:370,60,0,0
BRDA:370,60,1,0
BRDA:370,60,2,0
BRDA:373,61,0,0
BRDA:373,61,1,0
BRDA:381,62,0,0
BRDA:381,62,1,0
BRDA:399,63,0,0
BRDA:399,63,1,0
BRDA:399,64,0,0
BRDA:399,64,1,0
BRDA:404,65,0,0
BRDA:404,65,1,0
BRDA:404,66,0,0
BRDA:404,66,1,0
BRDA:416,67,0,0
BRDA:416,67,1,0
BRDA:417,68,0,0
BRDA:417,68,1,0
BRDA:417,69,0,0
BRDA:417,69,1,0
BRDA:431,70,0,0
BRDA:431,70,1,0
BRDA:434,71,0,0
BRDA:434,71,1,0
BRDA:434,71,2,0
BRDA:437,72,0,0
BRDA:437,72,1,0
BRDA:458,73,0,0
BRDA:458,73,1,0
BRDA:458,74,0,0
BRDA:458,74,1,0
BRDA:471,75,0,0
BRDA:471,75,1,0
BRDA:475,76,0,0
BRDA:475,76,1,0
BRDA:476,77,0,0
BRDA:476,77,1,0
BRDA:476,78,0,0
BRDA:476,78,1,0
BRDA:479,79,0,0
BRDA:479,79,1,0
BRDA:479,80,0,0
BRDA:479,80,1,0
BRDA:493,81,0,0
BRDA:493,81,1,0
BRDA:496,82,0,0
BRDA:496,82,1,0
BRDA:496,82,2,0
BRDA:499,83,0,0
BRDA:499,83,1,0
BRDA:507,84,0,0
BRDA:507,84,1,0
BRDA:525,85,0,0
BRDA:525,85,1,0
BRDA:525,86,0,0
BRDA:525,86,1,0
BRDA:530,87,0,0
BRDA:530,87,1,0
BRDA:530,88,0,0
BRDA:530,88,1,0
BRDA:542,89,0,0
BRDA:542,89,1,0
BRDA:543,90,0,0
BRDA:543,90,1,0
BRDA:543,91,0,0
BRDA:543,91,1,0
BRDA:557,92,0,0
BRDA:557,92,1,0
BRDA:560,93,0,0
BRDA:560,93,1,0
BRDA:560,93,2,0
BRDA:563,94,0,0
BRDA:563,94,1,0
BRDA:583,95,0,0
BRDA:583,95,1,0
BRDA:583,96,0,0
BRDA:583,96,1,0
BRDA:596,97,0,0
BRDA:596,97,1,0
BRDA:600,98,0,0
BRDA:600,98,1,0
BRDA:601,99,0,0
BRDA:601,99,1,0
BRDA:601,100,0,0
BRDA:601,100,1,0
BRDA:604,101,0,0
BRDA:604,101,1,0
BRDA:604,102,0,0
BRDA:604,102,1,0
BRDA:618,103,0,0
BRDA:618,103,1,0
BRDA:621,104,0,0
BRDA:621,104,1,0
BRDA:621,104,2,0
BRDA:624,105,0,0
BRDA:624,105,1,0
BRDA:631,106,0,0
BRDA:631,106,1,0
BRDA:649,107,0,0
BRDA:649,107,1,0
BRDA:649,108,0,0
BRDA:649,108,1,0
BRDA:654,109,0,0
BRDA:654,109,1,0
BRDA:654,110,0,0
BRDA:654,110,1,0
BRDA:675,111,0,1
BRDA:675,111,1,0
BRDA:678,112,0,0
BRDA:678,112,1,1
BRDA:705,113,0,2
BRDA:705,113,1,0
BRDA:707,114,0,0
BRDA:707,114,1,2
BRDA:717,115,0,0
BRDA:717,115,1,1
BRDA:720,116,0,1
BRDA:720,116,1,0
BRDA:727,117,0,0
BRDA:727,117,1,0
BRDA:730,118,0,0
BRDA:730,118,1,0
BRDA:757,119,0,0
BRDA:757,119,1,0
BRDA:759,120,0,0
BRDA:759,120,1,0
BRDA:769,121,0,0
BRDA:769,121,1,0
BRDA:772,122,0,0
BRDA:772,122,1,0
BRDA:779,123,0,0
BRDA:779,123,1,0
BRDA:782,124,0,0
BRDA:782,124,1,0
BRDA:809,125,0,0
BRDA:809,125,1,0
BRDA:811,126,0,0
BRDA:811,126,1,0
BRDA:821,127,0,0
BRDA:821,127,1,0
BRDA:824,128,0,0
BRDA:824,128,1,0
BRDA:831,129,0,0
BRDA:831,129,1,0
BRDA:834,130,0,0
BRDA:834,130,1,0
BRDA:861,131,0,0
BRDA:861,131,1,0
BRDA:863,132,0,0
BRDA:863,132,1,0
BRDA:873,133,0,0
BRDA:873,133,1,0
BRDA:876,134,0,0
BRDA:876,134,1,0
BRDA:883,135,0,0
BRDA:883,135,1,0
BRDA:886,136,0,0
BRDA:886,136,1,0
BRDA:913,137,0,0
BRDA:913,137,1,0
BRDA:915,138,0,0
BRDA:915,138,1,0
BRDA:925,139,0,0
BRDA:925,139,1,0
BRDA:928,140,0,0
BRDA:928,140,1,0
BRDA:939,141,0,0
BRDA:939,141,1,0
BRDA:956,142,0,0
BRDA:956,142,1,0
BRDA:966,143,0,0
BRDA:966,143,1,0
BRDA:980,144,0,0
BRDA:980,144,1,0
BRDA:980,145,0,0
BRDA:980,145,1,0
BRDA:980,145,2,0
BRDA:981,146,0,0
BRDA:981,146,1,0
BRDA:981,147,0,0
BRDA:981,147,1,0
BRDA:997,148,0,0
BRDA:997,148,1,0
BRDA:1007,149,0,0
BRDA:1007,149,1,0
BRDA:1021,150,0,0
BRDA:1021,150,1,0
BRDA:1021,151,0,0
BRDA:1021,151,1,0
BRDA:1021,151,2,0
BRDA:1022,152,0,0
BRDA:1022,152,1,0
BRDA:1022,153,0,0
BRDA:1022,153,1,0
BRDA:1038,154,0,0
BRDA:1038,154,1,0
BRDA:1048,155,0,0
BRDA:1048,155,1,0
BRDA:1062,156,0,0
BRDA:1062,156,1,0
BRDA:1062,157,0,0
BRDA:1062,157,1,0
BRDA:1062,157,2,0
BRDA:1063,158,0,0
BRDA:1063,158,1,0
BRDA:1063,159,0,0
BRDA:1063,159,1,0
BRDA:1079,160,0,0
BRDA:1079,160,1,0
BRDA:1089,161,0,0
BRDA:1089,161,1,0
BRDA:1103,162,0,0
BRDA:1103,162,1,0
BRDA:1103,163,0,0
BRDA:1103,163,1,0
BRDA:1103,163,2,0
BRDA:1104,164,0,0
BRDA:1104,164,1,0
BRDA:1104,165,0,0
BRDA:1104,165,1,0
BRDA:1120,166,0,0
BRDA:1120,166,1,0
BRDA:1130,167,0,0
BRDA:1130,167,1,0
BRDA:1144,168,0,0
BRDA:1144,168,1,0
BRDA:1144,169,0,0
BRDA:1144,169,1,0
BRDA:1144,169,2,0
BRDA:1145,170,0,0
BRDA:1145,170,1,0
BRDA:1145,171,0,0
BRDA:1145,171,1,0
BRF:359
BRH:17
end_of_record
TN:
SF:C:\Users\prameshkumar\node_projects\project1\apigateway\api\BookService_types.js
FN:14,(anonymous_0)
FN:37,(anonymous_1)
FN:87,(anonymous_2)
FN:114,(anonymous_3)
FN:134,(anonymous_4)
FN:177,(anonymous_5)
FNF:6
FNH:2
FNDA:94,(anonymous_0)
FNDA:94,(anonymous_1)
FNDA:0,(anonymous_2)
FNDA:0,(anonymous_3)
FNDA:0,(anonymous_4)
FNDA:0,(anonymous_5)
DA:8,1
DA:9,1
DA:10,1
DA:13,1
DA:14,1
DA:15,94
DA:16,94
DA:17,94
DA:18,94
DA:19,94
DA:20,0
DA:21,0
DA:23,0
DA:24,0
DA:26,0
DA:27,0
DA:29,0
DA:31,0
DA:32,0
DA:36,1
DA:37,1
DA:38,94
DA:39,94
DA:41,381
DA:42,381
DA:43,381
DA:44,381
DA:45,381
DA:46,93
DA:48,288
DA:51,94
DA:52,94
DA:54,0
DA:56,93
DA:58,93
DA:59,93
DA:61,0
DA:63,93
DA:65,93
DA:66,93
DA:68,0
DA:70,93
DA:72,8
DA:73,8
DA:75,0
DA:77,8
DA:79,0
DA:81,287
DA:83,93
DA:84,93
DA:87,1
DA:88,0
DA:89,0
DA:90,0
DA:91,0
DA:92,0
DA:94,0
DA:95,0
DA:96,0
DA:97,0
DA:99,0
DA:100,0
DA:101,0
DA:102,0
DA:104,0
DA:105,0
DA:106,0
DA:107,0
DA:109,0
DA:110,0
DA:111,0
DA:114,1
DA:115,0
DA:116,0
DA:117,0
DA:118,0
DA:119,0
DA:120,0
DA:121,0
DA:122,0
DA:124,0
DA:125,0
DA:127,0
DA:128,0
DA:132,1
DA:133,1
DA:134,1
DA:135,0
DA:136,0
DA:138,0
DA:139,0
DA:140,0
DA:141,0
DA:142,0
DA:143,0
DA:145,0
DA:148,0
DA:149,0
DA:151,0
DA:153,0
DA:155,0
DA:156,0
DA:158,0
DA:160,0
DA:162,0
DA:163,0
DA:165,0
DA:167,0
DA:169,0
DA:171,0
DA:173,0
DA:174,0
DA:177,1
DA:178,0
DA:179,0
DA:180,0
DA:181,0
DA:182,0
DA:184,0
DA:185,0
DA:186,0
DA:187,0
DA:189,0
DA:190,0
DA:191,0
DA:192,0
DA:194,0
DA:195,0
DA:196,0
LF:129
LH:42
BRDA:19,0,0,0
BRDA:19,0,1,94
BRDA:20,1,0,0
BRDA:20,1,1,0
BRDA:20,2,0,0
BRDA:20,2,1,0
BRDA:23,3,0,0
BRDA:23,3,1,0
BRDA:23,4,0,0
BRDA:23,4,1,0
BRDA:26,5,0,0
BRDA:26,5,1,0
BRDA:26,6,0,0
BRDA:26,6,1,0
BRDA:31,7,0,0
BRDA:31,7,1,0
BRDA:31,8,0,0
BRDA:31,8,1,0
BRDA:45,9,0,93
BRDA:45,9,1,288
BRDA:48,10,0,94
BRDA:48,10,1,93
BRDA:48,10,2,93
BRDA:48,10,3,8
BRDA:48,10,4,0
BRDA:51,11,0,94
BRDA:51,11,1,0
BRDA:58,12,0,93
BRDA:58,12,1,0
BRDA:65,13,0,93
BRDA:65,13,1,0
BRDA:72,14,0,8
BRDA:72,14,1,0
BRDA:89,15,0,0
BRDA:89,15,1,0
BRDA:89,16,0,0
BRDA:89,16,1,0
BRDA:94,17,0,0
BRDA:94,17,1,0
BRDA:94,18,0,0
BRDA:94,18,1,0
BRDA:99,19,0,0
BRDA:99,19,1,0
BRDA:99,20,0,0
BRDA:99,20,1,0
BRDA:104,21,0,0
BRDA:104,21,1,0
BRDA:104,22,0,0
BRDA:104,22,1,0
BRDA:120,23,0,0
BRDA:120,23,1,0
BRDA:121,24,0,0
BRDA:121,24,1,0
BRDA:121,25,0,0
BRDA:121,25,1,0
BRDA:124,26,0,0
BRDA:124,26,1,0
BRDA:124,27,0,0
BRDA:124,27,1,0
BRDA:127,28,0,0
BRDA:127,28,1,0
BRDA:127,29,0,0
BRDA:127,29,1,0
BRDA:142,30,0,0
BRDA:142,30,1,0
BRDA:145,31,0,0
BRDA:145,31,1,0
BRDA:145,31,2,0
BRDA:145,31,3,0
BRDA:148,32,0,0
BRDA:148,32,1,0
BRDA:155,33,0,0
BRDA:155,33,1,0
BRDA:162,34,0,0
BRDA:162,34,1,0
BRDA:179,35,0,0
BRDA:179,35,1,0
BRDA:179,36,0,0
BRDA:179,36,1,0
BRDA:184,37,0,0
BRDA:184,37,1,0
BRDA:184,38,0,0
BRDA:184,38,1,0
BRDA:189,39,0,0
BRDA:189,39,1,0
BRDA:189,40,0,0
BRDA:189,40,1,0
BRF:87
BRH:11
end_of_record
TN:
SF:C:\Users\prameshkumar\node_projects\project1\apigateway\api\UserService.js
FN:16,(anonymous_0)
FN:25,(anonymous_1)
FN:58,(anonymous_2)
FN:70,(anonymous_3)
FN:87,(anonymous_4)
FN:125,(anonymous_5)
FN:142,(anonymous_6)
FN:153,(anonymous_7)
FN:185,(anonymous_8)
FN:197,(anonymous_9)
FN:214,(anonymous_10)
FN:251,(anonymous_11)
FN:268,(anonymous_12)
FN:285,(anonymous_13)
FN:321,(anonymous_14)
FN:338,(anonymous_15)
FN:355,(anonymous_16)
FN:392,(anonymous_17)
FN:409,(anonymous_18)
FN:420,(anonymous_19)
FN:452,(anonymous_20)
FN:464,(anonymous_21)
FN:481,(anonymous_22)
FN:519,(anonymous_23)
FN:536,(anonymous_24)
FN:551,(anonymous_25)
FN:587,(anonymous_26)
FN:604,(anonymous_27)
FN:621,(anonymous_28)
FN:658,(anonymous_29)
FN:675,(anonymous_30)
FN:686,(anonymous_31)
FN:718,(anonymous_32)
FN:730,(anonymous_33)
FN:747,(anonymous_34)
FN:784,(anonymous_35)
FN:801,(anonymous_36)
FN:808,(anonymous_37)
FN:809,(anonymous_38)
FN:810,(anonymous_39)
FN:814,(anonymous_40)
FN:829,(anonymous_41)
FN:841,(anonymous_42)
FN:842,(anonymous_43)
FN:862,(anonymous_44)
FN:866,(anonymous_45)
FN:881,(anonymous_46)
FN:893,(anonymous_47)
FN:894,(anonymous_48)
FN:914,(anonymous_49)
FN:918,(anonymous_50)
FN:933,(anonymous_51)
FN:946,(anonymous_52)
FN:947,(anonymous_53)
FN:967,(anonymous_54)
FN:971,(anonymous_55)
FN:986,(anonymous_56)
FN:998,(anonymous_57)
FN:999,(anonymous_58)
FN:1019,(anonymous_59)
FN:1023,(anonymous_60)
FN:1038,(anonymous_61)
FN:1051,(anonymous_62)
FN:1052,(anonymous_63)
FN:1072,(anonymous_64)
FN:1076,(anonymous_65)
FN:1091,(anonymous_66)
FN:1103,(anonymous_67)
FN:1104,(anonymous_68)
FN:1124,(anonymous_69)
FN:1128,(anonymous_70)
FN:1143,(anonymous_71)
FN:1149,(anonymous_72)
FN:1155,(anonymous_73)
FN:1169,(anonymous_74)
FN:1184,(anonymous_75)
FN:1190,(anonymous_76)
FN:1196,(anonymous_77)
FN:1210,(anonymous_78)
FN:1225,(anonymous_79)
FN:1231,(anonymous_80)
FN:1237,(anonymous_81)
FN:1251,(anonymous_82)
FN:1266,(anonymous_83)
FN:1272,(anonymous_84)
FN:1278,(anonymous_85)
FN:1292,(anonymous_86)
FN:1307,(anonymous_87)
FN:1313,(anonymous_88)
FN:1319,(anonymous_89)
FN:1333,(anonymous_90)
FN:1348,(anonymous_91)
FN:1354,(anonymous_92)
FN:1360,(anonymous_93)
FN:1374,(anonymous_94)
FNF:95
FNH:11
FNDA:0,(anonymous_0)
FNDA:0,(anonymous_1)
FNDA:0,(anonymous_2)
FNDA:0,(anonymous_3)
FNDA:0,(anonymous_4)
FNDA:0,(anonymous_5)
FNDA:0,(anonymous_6)
FNDA:0,(anonymous_7)
FNDA:0,(anonymous_8)
FNDA:0,(anonymous_9)
FNDA:0,(anonymous_10)
FNDA:0,(anonymous_11)
FNDA:1,(anonymous_12)
FNDA:0,(anonymous_13)
FNDA:1,(anonymous_14)
FNDA:1,(anonymous_15)
FNDA:1,(anonymous_16)
FNDA:0,(anonymous_17)
FNDA:0,(anonymous_18)
FNDA:0,(anonymous_19)
FNDA:0,(anonymous_20)
FNDA:0,(anonymous_21)
FNDA:0,(anonymous_22)
FNDA:0,(anonymous_23)
FNDA:0,(anonymous_24)
FNDA:0,(anonymous_25)
FNDA:0,(anonymous_26)
FNDA:0,(anonymous_27)
FNDA:0,(anonymous_28)
FNDA:0,(anonymous_29)
FNDA:0,(anonymous_30)
FNDA:0,(anonymous_31)
FNDA:0,(anonymous_32)
FNDA:0,(anonymous_33)
FNDA:0,(anonymous_34)
FNDA:0,(anonymous_35)
FNDA:3,(anonymous_36)
FNDA:2,(anonymous_37)
FNDA:1,(anonymous_38)
FNDA:0,(anonymous_39)
FNDA:0,(anonymous_40)
FNDA:0,(anonymous_41)
FNDA:0,(anonymous_42)
FNDA:0,(anonymous_43)
FNDA:0,(anonymous_44)
FNDA:0,(anonymous_45)
FNDA:0,(anonymous_46)
FNDA:0,(anonymous_47)
FNDA:0,(anonymous_48)
FNDA:1,(anonymous_49)
FNDA:1,(anonymous_50)
FNDA:1,(anonymous_51)
FNDA:1,(anonymous_52)
FNDA:0,(anonymous_53)
FNDA:0,(anonymous_54)
FNDA:0,(anonymous_55)
FNDA:0,(anonymous_56)
FNDA:0,(anonymous_57)
FNDA:0,(anonymous_58)
FNDA:0,(anonymous_59)
FNDA:0,(anonymous_60)
FNDA:0,(anonymous_61)
FNDA:0,(anonymous_62)
FNDA:0,(anonymous_63)
FNDA:0,(anonymous_64)
FNDA:0,(anonymous_65)
FNDA:0,(anonymous_66)
FNDA:0,(anonymous_67)
FNDA:0,(anonymous_68)
FNDA:0,(anonymous_69)
FNDA:0,(anonymous_70)
FNDA:0,(anonymous_71)
FNDA:0,(anonymous_72)
FNDA:0,(anonymous_73)
FNDA:0,(anonymous_74)
FNDA:0,(anonymous_75)
FNDA:0,(anonymous_76)
FNDA:0,(anonymous_77)
FNDA:0,(anonymous_78)
FNDA:0,(anonymous_79)
FNDA:0,(anonymous_80)
FNDA:0,(anonymous_81)
FNDA:0,(anonymous_82)
FNDA:0,(anonymous_83)
FNDA:0,(anonymous_84)
FNDA:0,(anonymous_85)
FNDA:0,(anonymous_86)
FNDA:0,(anonymous_87)
FNDA:0,(anonymous_88)
FNDA:0,(anonymous_89)
FNDA:0,(anonymous_90)
FNDA:0,(anonymous_91)
FNDA:0,(anonymous_92)
FNDA:0,(anonymous_93)
FNDA:0,(anonymous_94)
DA:8,1
DA:9,1
DA:10,1
DA:13,1
DA:16,1
DA:17,0
DA:18,0
DA:19,0
DA:20,0
DA:24,1
DA:25,1
DA:26,0
DA:27,0
DA:29,0
DA:30,0
DA:31,0
DA:32,0
DA:33,0
DA:34,0
DA:36,0
DA:39,0
DA:40,0
DA:41,0
DA:43,0
DA:45,0
DA:47,0
DA:48,0
DA:50,0
DA:52,0
DA:54,0
DA:55,0
DA:58,1
DA:59,0
DA:60,0
DA:61,0
DA:62,0
DA:63,0
DA:65,0
DA:66,0
DA:67,0
DA:70,1
DA:71,0
DA:72,0
DA:73,0
DA:74,0
DA:75,0
DA:77,0
DA:78,0
DA:79,0
DA:81,0
DA:82,0
DA:86,1
DA:87,1
DA:88,0
DA:89,0
DA:91,0
DA:92,0
DA:93,0
DA:94,0
DA:95,0
DA:96,0
DA:98,0
DA:101,0
DA:102,0
DA:103,0
DA:105,0
DA:107,0
DA:109,0
DA:110,0
DA:111,0
DA:113,0
DA:115,0
DA:117,0
DA:119,0
DA:121,0
DA:122,0
DA:125,1
DA:126,0
DA:127,0
DA:128,0
DA:129,0
DA:130,0
DA:132,0
DA:133,0
DA:134,0
DA:135,0
DA:137,0
DA:138,0
DA:139,0
DA:142,1
DA:143,0
DA:144,0
DA:145,0
DA:146,0
DA:148,0
DA:152,1
DA:153,1
DA:154,0
DA:155,0
DA:157,0
DA:158,0
DA:159,0
DA:160,0
DA:161,0
DA:162,0
DA:164,0
DA:167,0
DA:168,0
DA:170,0
DA:172,0
DA:174,0
DA:175,0
DA:177,0
DA:179,0
DA:181,0
DA:182,0
DA:185,1
DA:186,0
DA:187,0
DA:188,0
DA:189,0
DA:190,0
DA:192,0
DA:193,0
DA:194,0
DA:197,1
DA:198,0
DA:199,0
DA:200,0
DA:201,0
DA:202,0
DA:204,0
DA:205,0
DA:206,0
DA:208,0
DA:209,0
DA:213,1
DA:214,1
DA:215,0
DA:216,0
DA:218,0
DA:219,0
DA:220,0
DA:221,0
DA:222,0
DA:223,0
DA:225,0
DA:228,0
DA:229,0
DA:231,0
DA:233,0
DA:235,0
DA:236,0
DA:237,0
DA:239,0
DA:241,0
DA:243,0
DA:245,0
DA:247,0
DA:248,0
DA:251,1
DA:252,0
DA:253,0
DA:254,0
DA:255,0
DA:256,0
DA:258,0
DA:259,0
DA:260,0
DA:261,0
DA:263,0
DA:264,0
DA:265,0
DA:268,1
DA:269,1
DA:270,1
DA:271,1
DA:272,1
DA:273,1
DA:275,0
DA:277,1
DA:278,1
DA:280,0
DA:284,1
DA:285,1
DA:286,0
DA:287,0
DA:289,0
DA:290,0
DA:291,0
DA:292,0
DA:293,0
DA:294,0
DA:296,0
DA:299,0
DA:300,0
DA:302,0
DA:304,0
DA:306,0
DA:307,0
DA:309,0
DA:311,0
DA:313,0
DA:315,0
DA:317,0
DA:318,0
DA:321,1
DA:322,1
DA:323,1
DA:324,1
DA:325,1
DA:326,1
DA:328,1
DA:329,1
DA:330,1
DA:331,1
DA:333,1
DA:334,1
DA:335,1
DA:338,1
DA:339,1
DA:340,1
DA:341,1
DA:342,0
DA:343,0
DA:345,1
DA:346,0
DA:347,0
DA:349,0
DA:350,0
DA:354,1
DA:355,1
DA:356,1
DA:357,1
DA:359,2
DA:360,2
DA:361,2
DA:362,2
DA:363,2
DA:364,1
DA:366,1
DA:369,1
DA:370,1
DA:372,0
DA:374,1
DA:376,0
DA:377,0
DA:378,0
DA:380,0
DA:382,0
DA:384,0
DA:386,1
DA:388,1
DA:389,1
DA:392,1
DA:393,0
DA:394,0
DA:395,0
DA:396,0
DA:397,0
DA:399,0
DA:400,0
DA:401,0
DA:402,0
DA:404,0
DA:405,0
DA:406,0
DA:409,1
DA:410,0
DA:411,0
DA:412,0
DA:413,0
DA:415,0
DA:419,1
DA:420,1
DA:421,0
DA:422,0
DA:424,0
DA:425,0
DA:426,0
DA:427,0
DA:428,0
DA:429,0
DA:431,0
DA:434,0
DA:435,0
DA:437,0
DA:439,0
DA:441,0
DA:442,0
DA:444,0
DA:446,0
DA:448,0
DA:449,0
DA:452,1
DA:453,0
DA:454,0
DA:455,0
DA:456,0
DA:457,0
DA:459,0
DA:460,0
DA:461,0
DA:464,1
DA:465,0
DA:466,0
DA:467,0
DA:468,0
DA:469,0
DA:471,0
DA:472,0
DA:473,0
DA:475,0
DA:476,0
DA:480,1
DA:481,1
DA:482,0
DA:483,0
DA:485,0
DA:486,0
DA:487,0
DA:488,0
DA:489,0
DA:490,0
DA:492,0
DA:495,0
DA:496,0
DA:497,0
DA:499,0
DA:501,0
DA:503,0
DA:504,0
DA:505,0
DA:507,0
DA:509,0
DA:511,0
DA:513,0
DA:515,0
DA:516,0
DA:519,1
DA:520,0
DA:521,0
DA:522,0
DA:523,0
DA:524,0
DA:526,0
DA:527,0
DA:528,0
DA:529,0
DA:531,0
DA:532,0
DA:533,0
DA:536,1
DA:537,0
DA:538,0
DA:539,0
DA:540,0
DA:541,0
DA:543,0
DA:545,0
DA:546,0
DA:550,1
DA:551,1
DA:552,0
DA:553,0
DA:555,0
DA:556,0
DA:557,0
DA:558,0
DA:559,0
DA:560,0
DA:562,0
DA:565,0
DA:566,0
DA:568,0
DA:570,0
DA:572,0
DA:573,0
DA:575,0
DA:577,0
DA:579,0
DA:581,0
DA:583,0
DA:584,0
DA:587,1
DA:588,0
DA:589,0
DA:590,0
DA:591,0
DA:592,0
DA:594,0
DA:595,0
DA:596,0
DA:597,0
DA:599,0
DA:600,0
DA:601,0
DA:604,1
DA:605,0
DA:606,0
DA:607,0
DA:608,0
DA:609,0
DA:611,0
DA:612,0
DA:613,0
DA:615,0
DA:616,0
DA:620,1
DA:621,1
DA:622,0
DA:623,0
DA:625,0
DA:626,0
DA:627,0
DA:628,0
DA:629,0
DA:630,0
DA:632,0
DA:635,0
DA:636,0
DA:638,0
DA:640,0
DA:642,0
DA:643,0
DA:644,0
DA:646,0
DA:648,0
DA:650,0
DA:652,0
DA:654,0
DA:655,0
DA:658,1
DA:659,0
DA:660,0
DA:661,0
DA:662,0
DA:663,0
DA:665,0
DA:666,0
DA:667,0
DA:668,0
DA:670,0
DA:671,0
DA:672,0
DA:675,1
DA:676,0
DA:677,0
DA:678,0
DA:679,0
DA:681,0
DA:685,1
DA:686,1
DA:687,0
DA:688,0
DA:690,0
DA:691,0
DA:692,0
DA:693,0
DA:694,0
DA:695,0
DA:697,0
DA:700,0
DA:701,0
DA:703,0
DA:705,0
DA:707,0
DA:708,0
DA:710,0
DA:712,0
DA:714,0
DA:715,0
DA:718,1
DA:719,0
DA:720,0
DA:721,0
DA:722,0
DA:723,0
DA:725,0
DA:726,0
DA:727,0
DA:730,1
DA:731,0
DA:732,0
DA:733,0
DA:734,0
DA:735,0
DA:737,0
DA:738,0
DA:739,0
DA:741,0
DA:742,0
DA:746,1
DA:747,1
DA:748,0
DA:749,0
DA:751,0
DA:752,0
DA:753,0
DA:754,0
DA:755,0
DA:756,0
DA:758,0
DA:761,0
DA:762,0
DA:764,0
DA:766,0
DA:768,0
DA:769,0
DA:770,0
DA:772,0
DA:774,0
DA:776,0
DA:778,0
DA:780,0
DA:781,0
DA:784,1
DA:785,0
DA:786,0
DA:787,0
DA:788,0
DA:789,0
DA:791,0
DA:792,0
DA:793,0
DA:794,0
DA:796,0
DA:797,0
DA:798,0
DA:801,1
DA:802,3
DA:803,3
DA:804,3
DA:805,3
DA:807,1
DA:808,2
DA:809,1
DA:810,1
DA:811,0
DA:812,0
DA:813,0
DA:814,0
DA:815,0
DA:816,0
DA:818,0
DA:821,0
DA:822,0
DA:824,0
DA:825,0
DA:829,1
DA:830,0
DA:831,0
DA:832,0
DA:835,0
DA:836,0
DA:837,0
DA:838,0
DA:841,1
DA:842,0
DA:843,0
DA:844,0
DA:845,0
DA:846,0
DA:847,0
DA:848,0
DA:850,0
DA:851,0
DA:852,0
DA:854,0
DA:855,0
DA:857,0
DA:858,0
DA:860,0
DA:862,1
DA:863,0
DA:864,0
DA:865,0
DA:866,0
DA:867,0
DA:868,0
DA:870,0
DA:873,0
DA:874,0
DA:876,0
DA:877,0
DA:881,1
DA:882,0
DA:883,0
DA:884,0
DA:887,0
DA:888,0
DA:889,0
DA:890,0
DA:893,1
DA:894,0
DA:895,0
DA:896,0
DA:897,0
DA:898,0
DA:899,0
DA:900,0
DA:902,0
DA:903,0
DA:904,0
DA:906,0
DA:907,0
DA:909,0
DA:910,0
DA:912,0
DA:914,1
DA:915,1
DA:916,1
DA:917,1
DA:918,1
DA:919,1
DA:920,0
DA:922,1
DA:925,1
DA:926,1
DA:928,0
DA:929,0
DA:933,1
DA:934,1
DA:935,1
DA:936,1
DA:940,1
DA:941,1
DA:942,1
DA:943,1
DA:946,1
DA:947,1
DA:948,1
DA:949,1
DA:950,0
DA:951,0
DA:952,0
DA:953,0
DA:955,1
DA:956,1
DA:957,1
DA:959,1
DA:960,0
DA:962,1
DA:963,1
DA:965,0
DA:967,1
DA:968,0
DA:969,0
DA:970,0
DA:971,0
DA:972,0
DA:973,0
DA:975,0
DA:978,0
DA:979,0
DA:981,0
DA:982,0
DA:986,1
DA:987,0
DA:988,0
DA:989,0
DA:992,0
DA:993,0
DA:994,0
DA:995,0
DA:998,1
DA:999,0
DA:1000,0
DA:1001,0
DA:1002,0
DA:1003,0
DA:1004,0
DA:1005,0
DA:1007,0
DA:1008,0
DA:1009,0
DA:1011,0
DA:1012,0
DA:1014,0
DA:1015,0
DA:1017,0
DA:1019,1
DA:1020,0
DA:1021,0
DA:1022,0
DA:1023,0
DA:1024,0
DA:1025,0
DA:1027,0
DA:1030,0
DA:1031,0
DA:1033,0
DA:1034,0
DA:1038,1
DA:1039,0
DA:1040,0
DA:1041,0
DA:1045,0
DA:1046,0
DA:1047,0
DA:1048,0
DA:1051,1
DA:1052,0
DA:1053,0
DA:1054,0
DA:1055,0
DA:1056,0
DA:1057,0
DA:1058,0
DA:1060,0
DA:1061,0
DA:1062,0
DA:1064,0
DA:1065,0
DA:1067,0
DA:1068,0
DA:1070,0
DA:1072,1
DA:1073,0
DA:1074,0
DA:1075,0
DA:1076,0
DA:1077,0
DA:1078,0
DA:1080,0
DA:1083,0
DA:1084,0
DA:1086,0
DA:1087,0
DA:1091,1
DA:1092,0
DA:1093,0
DA:1094,0
DA:1097,0
DA:1098,0
DA:1099,0
DA:1100,0
DA:1103,1
DA:1104,0
DA:1105,0
DA:1106,0
DA:1107,0
DA:1108,0
DA:1109,0
DA:1110,0
DA:1112,0
DA:1113,0
DA:1114,0
DA:1116,0
DA:1117,0
DA:1119,0
DA:1120,0
DA:1122,0
DA:1124,1
DA:1125,0
DA:1128,1
DA:1129,0
DA:1130,0
DA:1131,0
DA:1133,0
DA:1134,0
DA:1135,0
DA:1136,0
DA:1137,0
DA:1138,0
DA:1139,0
DA:1143,1
DA:1144,0
DA:1145,0
DA:1146,0
DA:1147,0
DA:1148,0
DA:1150,0
DA:1151,0
DA:1152,0
DA:1153,0
DA:1154,0
DA:1157,0
DA:1158,0
DA:1159,0
DA:1161,0
DA:1162,0
DA:1164,0
DA:1165,0
DA:1166,0
DA:1169,0
DA:1171,0
DA:1172,0
DA:1173,0
DA:1175,0
DA:1176,0
DA:1178,0
DA:1179,0
DA:1180,0
DA:1184,1
DA:1185,0
DA:1186,0
DA:1187,0
DA:1188,0
DA:1189,0
DA:1191,0
DA:1192,0
DA:1193,0
DA:1194,0
DA:1195,0
DA:1198,0
DA:1199,0
DA:1200,0
DA:1202,0
DA:1203,0
DA:1205,0
DA:1206,0
DA:1207,0
DA:1210,0
DA:1212,0
DA:1213,0
DA:1214,0
DA:1216,0
DA:1217,0
DA:1219,0
DA:1220,0
DA:1221,0
DA:1225,1
DA:1226,0
DA:1227,0
DA:1228,0
DA:1229,0
DA:1230,0
DA:1232,0
DA:1233,0
DA:1234,0
DA:1235,0
DA:1236,0
DA:1239,0
DA:1240,0
DA:1241,0
DA:1243,0
DA:1244,0
DA:1246,0
DA:1247,0
DA:1248,0
DA:1251,0
DA:1253,0
DA:1254,0
DA:1255,0
DA:1257,0
DA:1258,0
DA:1260,0
DA:1261,0
DA:1262,0
DA:1266,1
DA:1267,0
DA:1268,0
DA:1269,0
DA:1270,0
DA:1271,0
DA:1273,0
DA:1274,0
DA:1275,0
DA:1276,0
DA:1277,0
DA:1280,0
DA:1281,0
DA:1282,0
DA:1284,0
DA:1285,0
DA:1287,0
DA:1288,0
DA:1289,0
DA:1292,0
DA:1294,0
DA:1295,0
DA:1296,0
DA:1298,0
DA:1299,0
DA:1301,0
DA:1302,0
DA:1303,0
DA:1307,1
DA:1308,0
DA:1309,0
DA:1310,0
DA:1311,0
DA:1312,0
DA:1314,0
DA:1315,0
DA:1316,0
DA:1317,0
DA:1318,0
DA:1321,0
DA:1322,0
DA:1323,0
DA:1325,0
DA:1326,0
DA:1328,0
DA:1329,0
DA:1330,0
DA:1333,0
DA:1335,0
DA:1336,0
DA:1337,0
DA:1339,0
DA:1340,0
DA:1342,0
DA:1343,0
DA:1344,0
DA:1348,1
DA:1349,0
DA:1350,0
DA:1351,0
DA:1352,0
DA:1353,0
DA:1355,0
DA:1356,0
DA:1357,0
DA:1358,0
DA:1359,0
DA:1362,0
DA:1363,0
DA:1364,0
DA:1366,0
DA:1367,0
DA:1369,0
DA:1370,0
DA:1371,0
DA:1374,0
DA:1376,0
DA:1377,0
DA:1378,0
DA:1380,0
DA:1381,0
DA:1383,0
DA:1384,0
DA:1385,0
LF:934
LH:148
BRDA:18,0,0,0
BRDA:18,0,1,0
BRDA:19,1,0,0
BRDA:19,1,1,0
BRDA:19,2,0,0
BRDA:19,2,1,0
BRDA:33,3,0,0
BRDA:33,3,1,0
BRDA:36,4,0,0
BRDA:36,4,1,0
BRDA:36,4,2,0
BRDA:39,5,0,0
BRDA:39,5,1,0
BRDA:60,6,0,0
BRDA:60,6,1,0
BRDA:60,7,0,0
BRDA:60,7,1,0
BRDA:73,8,0,0
BRDA:73,8,1,0
BRDA:77,9,0,0
BRDA:77,9,1,0
BRDA:78,10,0,0
BRDA:78,10,1,0
BRDA:78,11,0,0
BRDA:78,11,1,0
BRDA:81,12,0,0
BRDA:81,12,1,0
BRDA:81,13,0,0
BRDA:81,13,1,0
BRDA:95,14,0,0
BRDA:95,14,1,0
BRDA:98,15,0,0
BRDA:98,15,1,0
BRDA:98,15,2,0
BRDA:101,16,0,0
BRDA:101,16,1,0
BRDA:109,17,0,0
BRDA:109,17,1,0
BRDA:127,18,0,0
BRDA:127,18,1,0
BRDA:127,19,0,0
BRDA:127,19,1,0
BRDA:132,20,0,0
BRDA:132,20,1,0
BRDA:132,21,0,0
BRDA:132,21,1,0
BRDA:144,22,0,0
BRDA:144,22,1,0
BRDA:145,23,0,0
BRDA:145,23,1,0
BRDA:145,24,0,0
BRDA:145,24,1,0
BRDA:161,25,0,0
BRDA:161,25,1,0
BRDA:164,26,0,0
BRDA:164,26,1,0
BRDA:164,26,2,0
BRDA:167,27,0,0
BRDA:167,27,1,0
BRDA:187,28,0,0
BRDA:187,28,1,0
BRDA:187,29,0,0
BRDA:187,29,1,0
BRDA:200,30,0,0
BRDA:200,30,1,0
BRDA:204,31,0,0
BRDA:204,31,1,0
BRDA:205,32,0,0
BRDA:205,32,1,0
BRDA:205,33,0,0
BRDA:205,33,1,0
BRDA:208,34,0,0
BRDA:208,34,1,0
BRDA:208,35,0,0
BRDA:208,35,1,0
BRDA:222,36,0,0
BRDA:222,36,1,0
BRDA:225,37,0,0
BRDA:225,37,1,0
BRDA:225,37,2,0
BRDA:228,38,0,0
BRDA:228,38,1,0
BRDA:235,39,0,0
BRDA:235,39,1,0
BRDA:253,40,0,0
BRDA:253,40,1,0
BRDA:253,41,0,0
BRDA:253,41,1,0
BRDA:258,42,0,0
BRDA:258,42,1,0
BRDA:258,43,0,0
BRDA:258,43,1,0
BRDA:271,44,0,1
BRDA:271,44,1,0
BRDA:272,45,0,1
BRDA:272,45,1,0
BRDA:272,46,0,1
BRDA:272,46,1,1
BRDA:277,47,0,1
BRDA:277,47,1,0
BRDA:277,48,0,1
BRDA:277,48,1,1
BRDA:293,49,0,0
BRDA:293,49,1,0
BRDA:296,50,0,0
BRDA:296,50,1,0
BRDA:296,50,2,0
BRDA:299,51,0,0
BRDA:299,51,1,0
BRDA:306,52,0,0
BRDA:306,52,1,0
BRDA:323,53,0,1
BRDA:323,53,1,0
BRDA:323,54,0,1
BRDA:323,54,1,1
BRDA:328,55,0,1
BRDA:328,55,1,0
BRDA:328,56,0,1
BRDA:328,56,1,1
BRDA:341,57,0,0
BRDA:341,57,1,1
BRDA:345,58,0,0
BRDA:345,58,1,1
BRDA:346,59,0,0
BRDA:346,59,1,0
BRDA:346,60,0,0
BRDA:346,60,1,0
BRDA:349,61,0,0
BRDA:349,61,1,0
BRDA:349,62,0,0
BRDA:349,62,1,0
BRDA:363,63,0,1
BRDA:363,63,1,1
BRDA:366,64,0,1
BRDA:366,64,1,0
BRDA:366,64,2,0
BRDA:369,65,0,1
BRDA:369,65,1,0
BRDA:376,66,0,0
BRDA:376,66,1,0
BRDA:394,67,0,0
BRDA:394,67,1,0
BRDA:394,68,0,0
BRDA:394,68,1,0
BRDA:399,69,0,0
BRDA:399,69,1,0
BRDA:399,70,0,0
BRDA:399,70,1,0
BRDA:411,71,0,0
BRDA:411,71,1,0
BRDA:412,72,0,0
BRDA:412,72,1,0
BRDA:412,73,0,0
BRDA:412,73,1,0
BRDA:428,74,0,0
BRDA:428,74,1,0
BRDA:431,75,0,0
BRDA:431,75,1,0
BRDA:431,75,2,0
BRDA:434,76,0,0
BRDA:434,76,1,0
BRDA:454,77,0,0
BRDA:454,77,1,0
BRDA:454,78,0,0
BRDA:454,78,1,0
BRDA:467,79,0,0
BRDA:467,79,1,0
BRDA:471,80,0,0
BRDA:471,80,1,0
BRDA:472,81,0,0
BRDA:472,81,1,0
BRDA:472,82,0,0
BRDA:472,82,1,0
BRDA:475,83,0,0
BRDA:475,83,1,0
BRDA:475,84,0,0
BRDA:475,84,1,0
BRDA:489,85,0,0
BRDA:489,85,1,0
BRDA:492,86,0,0
BRDA:492,86,1,0
BRDA:492,86,2,0
BRDA:495,87,0,0
BRDA:495,87,1,0
BRDA:503,88,0,0
BRDA:503,88,1,0
BRDA:521,89,0,0
BRDA:521,89,1,0
BRDA:521,90,0,0
BRDA:521,90,1,0
BRDA:526,91,0,0
BRDA:526,91,1,0
BRDA:526,92,0,0
BRDA:526,92,1,0
BRDA:539,93,0,0
BRDA:539,93,1,0
BRDA:540,94,0,0
BRDA:540,94,1,0
BRDA:540,95,0,0
BRDA:540,95,1,0
BRDA:545,96,0,0
BRDA:545,96,1,0
BRDA:545,97,0,0
BRDA:545,97,1,0
BRDA:559,98,0,0
BRDA:559,98,1,0
BRDA:562,99,0,0
BRDA:562,99,1,0
BRDA:562,99,2,0
BRDA:565,100,0,0
BRDA:565,100,1,0
BRDA:572,101,0,0
BRDA:572,101,1,0
BRDA:589,102,0,0
BRDA:589,102,1,0
BRDA:589,103,0,0
BRDA:589,103,1,0
BRDA:594,104,0,0
BRDA:594,104,1,0
BRDA:594,105,0,0
BRDA:594,105,1,0
BRDA:607,106,0,0
BRDA:607,106,1,0
BRDA:611,107,0,0
BRDA:611,107,1,0
BRDA:612,108,0,0
BRDA:612,108,1,0
BRDA:612,109,0,0
BRDA:612,109,1,0
BRDA:615,110,0,0
BRDA:615,110,1,0
BRDA:615,111,0,0
BRDA:615,111,1,0
BRDA:629,112,0,0
BRDA:629,112,1,0
BRDA:632,113,0,0
BRDA:632,113,1,0
BRDA:632,113,2,0
BRDA:635,114,0,0
BRDA:635,114,1,0
BRDA:642,115,0,0
BRDA:642,115,1,0
BRDA:660,116,0,0
BRDA:660,116,1,0
BRDA:660,117,0,0
BRDA:660,117,1,0
BRDA:665,118,0,0
BRDA:665,118,1,0
BRDA:665,119,0,0
BRDA:665,119,1,0
BRDA:677,120,0,0
BRDA:677,120,1,0
BRDA:678,121,0,0
BRDA:678,121,1,0
BRDA:678,122,0,0
BRDA:678,122,1,0
BRDA:694,123,0,0
BRDA:694,123,1,0
BRDA:697,124,0,0
BRDA:697,124,1,0
BRDA:697,124,2,0
BRDA:700,125,0,0
BRDA:700,125,1,0
BRDA:720,126,0,0
BRDA:720,126,1,0
BRDA:720,127,0,0
BRDA:720,127,1,0
BRDA:733,128,0,0
BRDA:733,128,1,0
BRDA:737,129,0,0
BRDA:737,129,1,0
BRDA:738,130,0,0
BRDA:738,130,1,0
BRDA:738,131,0,0
BRDA:738,131,1,0
BRDA:741,132,0,0
BRDA:741,132,1,0
BRDA:741,133,0,0
BRDA:741,133,1,0
BRDA:755,134,0,0
BRDA:755,134,1,0
BRDA:758,135,0,0
BRDA:758,135,1,0
BRDA:758,135,2,0
BRDA:761,136,0,0
BRDA:761,136,1,0
BRDA:768,137,0,0
BRDA:768,137,1,0
BRDA:786,138,0,0
BRDA:786,138,1,0
BRDA:786,139,0,0
BRDA:786,139,1,0
BRDA:791,140,0,0
BRDA:791,140,1,0
BRDA:791,141,0,0
BRDA:791,141,1,0
BRDA:812,142,0,0
BRDA:812,142,1,0
BRDA:815,143,0,0
BRDA:815,143,1,0
BRDA:842,144,0,0
BRDA:842,144,1,0
BRDA:844,145,0,0
BRDA:844,145,1,0
BRDA:854,146,0,0
BRDA:854,146,1,0
BRDA:857,147,0,0
BRDA:857,147,1,0
BRDA:864,148,0,0
BRDA:864,148,1,0
BRDA:867,149,0,0
BRDA:867,149,1,0
BRDA:894,150,0,0
BRDA:894,150,1,0
BRDA:896,151,0,0
BRDA:896,151,1,0
BRDA:906,152,0,0
BRDA:906,152,1,0
BRDA:909,153,0,0
BRDA:909,153,1,0
BRDA:916,154,0,1
BRDA:916,154,1,0
BRDA:919,155,0,0
BRDA:919,155,1,1
BRDA:947,156,0,1
BRDA:947,156,1,0
BRDA:949,157,0,0
BRDA:949,157,1,1
BRDA:959,158,0,0
BRDA:959,158,1,1
BRDA:962,159,0,1
BRDA:962,159,1,0
BRDA:969,160,0,0
BRDA:969,160,1,0
BRDA:972,161,0,0
BRDA:972,161,1,0
BRDA:999,162,0,0
BRDA:999,162,1,0
BRDA:1001,163,0,0
BRDA:1001,163,1,0
BRDA:1011,164,0,0
BRDA:1011,164,1,0
BRDA:1014,165,0,0
BRDA:1014,165,1,0
BRDA:1021,166,0,0
BRDA:1021,166,1,0
BRDA:1024,167,0,0
BRDA:1024,167,1,0
BRDA:1052,168,0,0
BRDA:1052,168,1,0
BRDA:1054,169,0,0
BRDA:1054,169,1,0
BRDA:1064,170,0,0
BRDA:1064,170,1,0
BRDA:1067,171,0,0
BRDA:1067,171,1,0
BRDA:1074,172,0,0
BRDA:1074,172,1,0
BRDA:1077,173,0,0
BRDA:1077,173,1,0
BRDA:1104,174,0,0
BRDA:1104,174,1,0
BRDA:1106,175,0,0
BRDA:1106,175,1,0
BRDA:1116,176,0,0
BRDA:1116,176,1,0
BRDA:1119,177,0,0
BRDA:1119,177,1,0
BRDA:1130,178,0,0
BRDA:1130,178,1,0
BRDA:1147,179,0,0
BRDA:1147,179,1,0
BRDA:1157,180,0,0
BRDA:1157,180,1,0
BRDA:1171,181,0,0
BRDA:1171,181,1,0
BRDA:1171,182,0,0
BRDA:1171,182,1,0
BRDA:1171,182,2,0
BRDA:1172,183,0,0
BRDA:1172,183,1,0
BRDA:1172,184,0,0
BRDA:1172,184,1,0
BRDA:1188,185,0,0
BRDA:1188,185,1,0
BRDA:1198,186,0,0
BRDA:1198,186,1,0
BRDA:1212,187,0,0
BRDA:1212,187,1,0
BRDA:1212,188,0,0
BRDA:1212,188,1,0
BRDA:1212,188,2,0
BRDA:1213,189,0,0
BRDA:1213,189,1,0
BRDA:1213,190,0,0
BRDA:1213,190,1,0
BRDA:1229,191,0,0
BRDA:1229,191,1,0
BRDA:1239,192,0,0
BRDA:1239,192,1,0
BRDA:1253,193,0,0
BRDA:1253,193,1,0
BRDA:1253,194,0,0
BRDA:1253,194,1,0
BRDA:1253,194,2,0
BRDA:1254,195,0,0
BRDA:1254,195,1,0
BRDA:1254,196,0,0
BRDA:1254,196,1,0
BRDA:1270,197,0,0
BRDA:1270,197,1,0
BRDA:1280,198,0,0
BRDA:1280,198,1,0
BRDA:1294,199,0,0
BRDA:1294,199,1,0
BRDA:1294,200,0,0
BRDA:1294,200,1,0
BRDA:1294,200,2,0
BRDA:1295,201,0,0
BRDA:1295,201,1,0
BRDA:1295,202,0,0
BRDA:1295,202,1,0
BRDA:1311,203,0,0
BRDA:1311,203,1,0
BRDA:1321,204,0,0
BRDA:1321,204,1,0
BRDA:1335,205,0,0
BRDA:1335,205,1,0
BRDA:1335,206,0,0
BRDA:1335,206,1,0
BRDA:1335,206,2,0
BRDA:1336,207,0,0
BRDA:1336,207,1,0
BRDA:1336,208,0,0
BRDA:1336,208,1,0
BRDA:1352,209,0,0
BRDA:1352,209,1,0
BRDA:1362,210,0,0
BRDA:1362,210,1,0
BRDA:1376,211,0,0
BRDA:1376,211,1,0
BRDA:1376,212,0,0
BRDA:1376,212,1,0
BRDA:1376,212,2,0
BRDA:1377,213,0,0
BRDA:1377,213,1,0
BRDA:1377,214,0,0
BRDA:1377,214,1,0
BRF:448
BRH:25
end_of_record
TN:
SF:C:\Users\prameshkumar\node_projects\project1\apigateway\api\UserService_types.js
FN:14,(anonymous_0)
FN:47,(anonymous_1)
FN:104,(anonymous_2)
FN:136,(anonymous_3)
FN:169,(anonymous_4)
FN:226,(anonymous_5)
FN:258,(anonymous_6)
FN:278,(anonymous_7)
FN:321,(anonymous_8)
FNF:9
FNH:0
FNDA:0,(anonymous_0)
FNDA:0,(anonymous_1)
FNDA:0,(anonymous_2)
FNDA:0,(anonymous_3)
FNDA:0,(anonymous_4)
FNDA:0,(anonymous_5)
FNDA:0,(anonymous_6)
FNDA:0,(anonymous_7)
FNDA:0,(anonymous_8)
DA:8,1
DA:9,1
DA:10,1
DA:13,1
DA:14,1
DA:15,0
DA:16,0
DA:17,0
DA:18,0
DA:19,0
DA:20,0
DA:21,0
DA:22,0
DA:24,0
DA:26,0
DA:27,0
DA:29,0
DA:30,0
DA:32,0
DA:34,0
DA:35,0
DA:37,0
DA:39,0
DA:40,0
DA:42,0
DA:46,1
DA:47,1
DA:48,0
DA:49,0
DA:51,0
DA:52,0
DA:53,0
DA:54,0
DA:55,0
DA:56,0
DA:58,0
DA:61,0
DA:62,0
DA:64,0
DA:66,0
DA:68,0
DA:69,0
DA:71,0
DA:73,0
DA:75,0
DA:76,0
DA:78,0
DA:80,0
DA:82,0
DA:83,0
DA:85,0
DA:87,0
DA:89,0
DA:90,0
DA:92,0
DA:94,0
DA:96,0
DA:98,0
DA:100,0
DA:101,0
DA:104,1
DA:105,0
DA:106,0
DA:107,0
DA:108,0
DA:109,0
DA:111,0
DA:112,0
DA:113,0
DA:114,0
DA:116,0
DA:117,0
DA:118,0
DA:119,0
DA:121,0
DA:122,0
DA:123,0
DA:124,0
DA:126,0
DA:127,0
DA:128,0
DA:129,0
DA:131,0
DA:132,0
DA:133,0
DA:136,1
DA:137,0
DA:138,0
DA:139,0
DA:140,0
DA:141,0
DA:142,0
DA:143,0
DA:144,0
DA:146,0
DA:147,0
DA:149,0
DA:151,0
DA:152,0
DA:154,0
DA:156,0
DA:157,0
DA:159,0
DA:161,0
DA:162,0
DA:164,0
DA:168,1
DA:169,1
DA:170,0
DA:171,0
DA:173,0
DA:174,0
DA:175,0
DA:176,0
DA:177,0
DA:178,0
DA:180,0
DA:183,0
DA:184,0
DA:186,0
DA:188,0
DA:190,0
DA:191,0
DA:193,0
DA:195,0
DA:197,0
DA:198,0
DA:200,0
DA:202,0
DA:204,0
DA:205,0
DA:207,0
DA:209,0
DA:211,0
DA:212,0
DA:214,0
DA:216,0
DA:218,0
DA:220,0
DA:222,0
DA:223,0
DA:226,1
DA:227,0
DA:228,0
DA:229,0
DA:230,0
DA:231,0
DA:233,0
DA:234,0
DA:235,0
DA:236,0
DA:238,0
DA:239,0
DA:240,0
DA:241,0
DA:243,0
DA:244,0
DA:245,0
DA:246,0
DA:248,0
DA:249,0
DA:250,0
DA:251,0
DA:253,0
DA:254,0
DA:255,0
DA:258,1
DA:259,0
DA:260,0
DA:261,0
DA:262,0
DA:263,0
DA:264,0
DA:265,0
DA:266,0
DA:268,0
DA:269,0
DA:271,0
DA:272,0
DA:276,1
DA:277,1
DA:278,1
DA:279,0
DA:280,0
DA:282,0
DA:283,0
DA:284,0
DA:285,0
DA:286,0
DA:287,0
DA:289,0
DA:292,0
DA:293,0
DA:295,0
DA:297,0
DA:299,0
DA:300,0
DA:302,0
DA:304,0
DA:306,0
DA:307,0
DA:309,0
DA:311,0
DA:313,0
DA:315,0
DA:317,0
DA:318,0
DA:321,1
DA:322,0
DA:323,0
DA:324,0
DA:325,0
DA:326,0
DA:328,0
DA:329,0
DA:330,0
DA:331,0
DA:333,0
DA:334,0
DA:335,0
DA:336,0
DA:338,0
DA:339,0
DA:340,0
LF:224
LH:17
BRDA:20,0,0,0
BRDA:20,0,1,0
BRDA:21,1,0,0
BRDA:21,1,1,0
BRDA:21,2,0,0
BRDA:21,2,1,0
BRDA:26,3,0,0
BRDA:26,3,1,0
BRDA:26,4,0,0
BRDA:26,4,1,0
BRDA:29,5,0,0
BRDA:29,5,1,0
BRDA:29,6,0,0
BRDA:29,6,1,0
BRDA:34,7,0,0
BRDA:34,7,1,0
BRDA:34,8,0,0
BRDA:34,8,1,0
BRDA:39,9,0,0
BRDA:39,9,1,0
BRDA:39,10,0,0
BRDA:39,10,1,0
BRDA:55,11,0,0
BRDA:55,11,1,0
BRDA:58,12,0,0
BRDA:58,12,1,0
BRDA:58,12,2,0
BRDA:58,12,3,0
BRDA:58,12,4,0
BRDA:58,12,5,0
BRDA:61,13,0,0
BRDA:61,13,1,0
BRDA:68,14,0,0
BRDA:68,14,1,0
BRDA:75,15,0,0
BRDA:75,15,1,0
BRDA:82,16,0,0
BRDA:82,16,1,0
BRDA:89,17,0,0
BRDA:89,17,1,0
BRDA:106,18,0,0
BRDA:106,18,1,0
BRDA:106,19,0,0
BRDA:106,19,1,0
BRDA:111,20,0,0
BRDA:111,20,1,0
BRDA:111,21,0,0
BRDA:111,21,1,0
BRDA:116,22,0,0
BRDA:116,22,1,0
BRDA:116,23,0,0
BRDA:116,23,1,0
BRDA:121,24,0,0
BRDA:121,24,1,0
BRDA:121,25,0,0
BRDA:121,25,1,0
BRDA:126,26,0,0
BRDA:126,26,1,0
BRDA:126,27,0,0
BRDA:126,27,1,0
BRDA:142,28,0,0
BRDA:142,28,1,0
BRDA:143,29,0,0
BRDA:143,29,1,0
BRDA:143,30,0,0
BRDA:143,30,1,0
BRDA:146,31,0,0
BRDA:146,31,1,0
BRDA:146,32,0,0
BRDA:146,32,1,0
BRDA:151,33,0,0
BRDA:151,33,1,0
BRDA:151,34,0,0
BRDA:151,34,1,0
BRDA:156,35,0,0
BRDA:156,35,1,0
BRDA:156,36,0,0
BRDA:156,36,1,0
BRDA:161,37,0,0
BRDA:161,37,1,0
BRDA:161,38,0,0
BRDA:161,38,1,0
BRDA:177,39,0,0
BRDA:177,39,1,0
BRDA:180,40,0,0
BRDA:180,40,1,0
BRDA:180,40,2,0
BRDA:180,40,3,0
BRDA:180,40,4,0
BRDA:180,40,5,0
BRDA:183,41,0,0
BRDA:183,41,1,0
BRDA:190,42,0,0
BRDA:190,42,1,0
BRDA:197,43,0,0
BRDA:197,43,1,0
BRDA:204,44,0,0
BRDA:204,44,1,0
BRDA:211,45,0,0
BRDA:211,45,1,0
BRDA:228,46,0,0
BRDA:228,46,1,0
BRDA:228,47,0,0
BRDA:228,47,1,0
BRDA:233,48,0,0
BRDA:233,48,1,0
BRDA:233,49,0,0
BRDA:233,49,1,0
BRDA:238,50,0,0
BRDA:238,50,1,0
BRDA:238,51,0,0
BRDA:238,51,1,0
BRDA:243,52,0,0
BRDA:243,52,1,0
BRDA:243,53,0,0
BRDA:243,53,1,0
BRDA:248,54,0,0
BRDA:248,54,1,0
BRDA:248,55,0,0
BRDA:248,55,1,0
BRDA:264,56,0,0
BRDA:264,56,1,0
BRDA:265,57,0,0
BRDA:265,57,1,0
BRDA:265,58,0,0
BRDA:265,58,1,0
BRDA:268,59,0,0
BRDA:268,59,1,0
BRDA:268,60,0,0
BRDA:268,60,1,0
BRDA:271,61,0,0
BRDA:271,61,1,0
BRDA:271,62,0,0
BRDA:271,62,1,0
BRDA:286,63,0,0
BRDA:286,63,1,0
BRDA:289,64,0,0
BRDA:289,64,1,0
BRDA:289,64,2,0
BRDA:289,64,3,0
BRDA:292,65,0,0
BRDA:292,65,1,0
BRDA:299,66,0,0
BRDA:299,66,1,0
BRDA:306,67,0,0
BRDA:306,67,1,0
BRDA:323,68,0,0
BRDA:323,68,1,0
BRDA:323,69,0,0
BRDA:323,69,1,0
BRDA:328,70,0,0
BRDA:328,70,1,0
BRDA:328,71,0,0
BRDA:328,71,1,0
BRDA:333,72,0,0
BRDA:333,72,1,0
BRDA:333,73,0,0
BRDA:333,73,1,0
BRF:158
BRH:0
end_of_record
TN:
SF:C:\Users\prameshkumar\node_projects\project1\apigateway\routes\book.js
FN:10,init
FN:24,(anonymous_1)
FN:32,(anonymous_2)
FN:42,(anonymous_3)
FN:52,(anonymous_4)
FN:60,(anonymous_5)
FNF:6
FNH:2
FNDA:1,init
FNDA:1,(anonymous_1)
FNDA:0,(anonymous_2)
FNDA:0,(anonymous_3)
FNDA:0,(anonymous_4)
FNDA:0,(anonymous_5)
DA:1,1
DA:2,1
DA:3,1
DA:4,1
DA:6,1
DA:8,1
DA:11,1
DA:12,1
DA:14,0
DA:18,1
DA:21,1
DA:23,1
DA:25,1
DA:26,1
DA:27,1
DA:29,0
DA:34,0
DA:35,0
DA:36,0
DA:39,0
DA:43,0
DA:44,0
DA:45,0
DA:47,0
DA:52,1
DA:53,0
DA:54,0
DA:55,0
DA:57,0
DA:61,0
DA:62,0
DA:63,0
DA:65,0
DA:70,1
LF:34
LH:16
BRF:0
BRH:0
end_of_record
TN:
SF:C:\Users\prameshkumar\node_projects\project1\apigateway\routes\index.js
FN:4,(anonymous_0)
FNF:1
FNH:0
FNDA:0,(anonymous_0)
DA:1,1
DA:2,1
DA:4,1
DA:5,0
DA:8,1
LF:5
LH:4
BRF:0
BRH:0
end_of_record
TN:
SF:C:\Users\prameshkumar\node_projects\project1\apigateway\routes\users.js
FN:11,init
FN:24,(anonymous_1)
FN:44,(anonymous_2)
FNF:3
FNH:1
FNDA:1,init
FNDA:0,(anonymous_1)
FNDA:0,(anonymous_2)
DA:1,1
DA:2,1
DA:3,1
DA:4,1
DA:6,1
DA:7,1
DA:12,1
DA:13,1
DA:15,0
DA:19,1
DA:21,1
DA:23,1
DA:26,0
DA:27,0
DA:28,0
DA:29,0
DA:30,0
DA:31,0
DA:32,0
DA:34,0
DA:37,0
DA:43,1
DA:46,0
DA:47,0
DA:48,0
DA:49,0
DA:53,0
DA:54,0
DA:55,0
DA:58,0
DA:60,0
DA:64,0
DA:69,1
LF:33
LH:13
BRDA:28,0,0,0
BRDA:28,0,1,0
BRDA:48,1,0,0
BRDA:48,1,1,0
BRDA:54,2,0,0
BRDA:54,2,1,0
BRDA:54,3,0,0
BRDA:54,3,1,0
BRDA:54,3,2,0
BRF:9
BRH:0
end_of_record
TN:
SF:C:\Users\prameshkumar\node_projects\project1\apigateway\utils\AuthorizationUtil.js
FN:6,init
FN:13,(anonymous_1)
FNF:2
FNH:2
FNDA:1,init
FNDA:1,(anonymous_1)
DA:1,1
DA:2,1
DA:4,1
DA:7,1
DA:10,1
DA:13,1
DA:15,1
DA:16,1
DA:17,1
DA:18,1
DA:19,1
DA:20,1
DA:21,1
DA:22,1
DA:23,1
DA:24,1
DA:25,1
DA:26,1
DA:27,1
DA:28,1
DA:30,1
DA:32,0
DA:33,0
DA:37,0
DA:42,1
LF:25
LH:22
BRDA:16,0,0,1
BRDA:16,0,1,0
BRDA:16,1,0,1
BRDA:16,1,1,0
BRDA:25,2,0,1
BRDA:25,2,1,0
BRDA:27,3,0,1
BRDA:27,3,1,0
BRF:8
BRH:4
end_of_record
TN:
SF:C:\Users\prameshkumar\node_projects\project1\apigateway\utils\Logger.js
FNF:0
FNH:0
DA:1,1
DA:2,1
DA:4,1
DA:12,1
LF:4
LH:4
BRF:0
BRH:0
end_of_record
TN:
SF:C:\Users\prameshkumar\node_projects\project1\apigateway\utils\ObjectUtil.js
FN:3,getEmptyKey
FN:14,isEmpty
FN:23,replaceEmptyStringWithNull
FN:31,hasMethod
FN:35,getInstanceMethodNames
FN:40,(anonymous_5)
FNF:6
FNH:3
FNDA:0,getEmptyKey
FNDA:0,isEmpty
FNDA:0,replaceEmptyStringWithNull
FNDA:118,hasMethod
FNDA:4,getInstanceMethodNames
FNDA:122,(anonymous_5)
DA:5,0
DA:6,0
DA:7,0
DA:10,0
DA:15,0
DA:16,0
DA:17,0
DA:18,0
DA:20,0
DA:24,0
DA:25,0
DA:26,0
DA:28,0
DA:32,118
DA:33,118
DA:36,4
DA:37,4
DA:38,4
DA:39,8
DA:41,122
DA:42,118
DA:43,114
DA:47,8
DA:50,4
DA:55,1
LF:25
LH:12
BRDA:6,0,0,0
BRDA:6,0,1,0
BRDA:15,1,0,0
BRDA:15,1,1,0
BRDA:15,2,0,0
BRDA:15,2,1,0
BRDA:17,3,0,0
BRDA:17,3,1,0
BRDA:17,4,0,0
BRDA:17,4,1,0
BRDA:25,5,0,0
BRDA:25,5,1,0
BRDA:33,6,0,118
BRDA:33,6,1,118
BRDA:38,7,0,12
BRDA:38,7,1,8
BRDA:41,8,0,118
BRDA:41,8,1,4
BRDA:42,9,0,114
BRDA:42,9,1,4
BRF:20
BRH:8
end_of_record
TN:
SF:C:\Users\prameshkumar\node_projects\project1\apigateway\utils\ServiceInvoker.js
FN:12,(anonymous_0)
FN:13,(anonymous_1)
FN:14,(anonymous_2)
FN:41,(anonymous_3)
FN:43,(anonymous_4)
FN:48,(anonymous_5)
FN:54,(anonymous_6)
FN:67,(anonymous_7)
FN:85,(anonymous_8)
FN:98,(anonymous_9)
FNF:10
FNH:8
FNDA:4,(anonymous_0)
FNDA:114,(anonymous_1)
FNDA:2,(anonymous_2)
FNDA:2,(anonymous_3)
FNDA:4,(anonymous_4)
FNDA:0,(anonymous_5)
FNDA:0,(anonymous_6)
FNDA:2,(anonymous_7)
FNDA:2,(anonymous_8)
FNDA:1,(anonymous_9)
DA:1,1
DA:2,1
DA:3,1
DA:4,1
DA:5,1
DA:6,1
DA:7,1
DA:9,1
DA:13,4
DA:14,114
DA:15,2
DA:16,2
DA:17,2
DA:18,2
DA:19,2
DA:20,2
DA:21,2
DA:22,2
DA:24,0
DA:26,2
DA:27,2
DA:36,1
DA:37,1
DA:41,1
DA:42,2
DA:44,4
DA:48,4
DA:49,0
DA:51,4
DA:52,4
DA:55,0
DA:56,0
DA:62,1
DA:65,1
DA:67,1
DA:68,2
DA:69,0
DA:71,2
DA:72,2
DA:73,2
DA:74,2
DA:75,2
DA:81,1
DA:83,1
DA:85,1
DA:86,2
DA:87,0
DA:89,2
DA:90,2
DA:91,2
DA:92,2
DA:93,2
DA:98,1
DA:99,1
DA:100,1
DA:103,1
DA:105,1
LF:57
LH:51
BRDA:26,0,0,2
BRDA:26,0,1,0
BRDA:68,1,0,0
BRDA:68,1,1,2
BRDA:86,2,0,0
BRDA:86,2,1,2
BRF:6
BRH:3
end_of_record
