{"C:\\Users\\prameshkumar\\node_projects\\project1\\apigateway\\test\\test.js":{"path":"C:\\Users\\prameshkumar\\node_projects\\project1\\apigateway\\test\\test.js","s":{"1":1,"2":1,"3":1,"4":0,"5":0,"6":0,"7":0,"8":0,"9":0,"10":0},"b":{},"f":{"1":0,"2":0},"fnMap":{"1":{"name":"(anonymous_1)","line":9,"loc":{"start":{"line":9,"column":46},"end":{"line":9,"column":61}}},"2":{"name":"(anonymous_2)","line":10,"loc":{"start":{"line":10,"column":35},"end":{"line":10,"column":53}}}},"statementMap":{"1":{"start":{"line":1,"column":0},"end":{"line":1,"column":37}},"2":{"start":{"line":2,"column":0},"end":{"line":2,"column":29}},"3":{"start":{"line":4,"column":0},"end":{"line":6,"column":3}},"4":{"start":{"line":5,"column":4},"end":{"line":5,"column":24}},"5":{"start":{"line":8,"column":0},"end":{"line":16,"column":3}},"6":{"start":{"line":9,"column":4},"end":{"line":15,"column":7}},"7":{"start":{"line":10,"column":8},"end":{"line":14,"column":11}},"8":{"start":{"line":11,"column":12},"end":{"line":11,"column":45}},"9":{"start":{"line":12,"column":12},"end":{"line":12,"column":50}},"10":{"start":{"line":13,"column":12},"end":{"line":13,"column":19}}},"branchMap":{}}}